<?xml version="1.0" encoding="UTF-8"?>
<TestRun id="784a30ec-9fd6-4688-909e-701062b7ba8c" name="abdulrahaman@WIN7-64-V8 2010-10-04 23:20:04" runUser="Win7-64-V8\abdulrahaman" xmlns="http://microsoft.com/schemas/VisualStudio/TeamTest/2010">
  <TestSettings name="Local" id="b1560943-7018-4910-abf8-da8c7b6eda55">
    <Description>These are default test settings for a local test run.</Description>
    <Deployment enabled="false" runDeploymentRoot="abdulrahaman_WIN7-64-V8 2010-10-04 23_20_04" />
    <Execution>
      <TestTypeSpecific />
      <AgentRule name="Execution Agents">
      </AgentRule>
    </Execution>
  </TestSettings>
  <Times creation="2010-10-04T23:20:04.1010000+01:00" queuing="2010-10-04T23:20:04.3600000+01:00" start="2010-10-04T23:20:04.5460000+01:00" finish="2010-10-04T23:20:04.9460000+01:00" />
  <ResultSummary outcome="Failed">
    <Counters total="1" executed="1" error="0" failed="1" timeout="0" aborted="0" inconclusive="0" passedButRunAborted="0" notRunnable="0" notExecuted="0" disconnected="0" warning="0" passed="0" completed="0" inProgress="0" pending="0" />
  </ResultSummary>
  <TestDefinitions>
    <UnitTest name="Should_Pass_The_letter_to_the_current_word_viewmodel" storage="d:\development\ademolatyper\ademolatypertest\bin\debug\ademolatypertest.dll" id="1ee798ed-32a0-8d93-805e-a33bfa8a8fb7">
      <Execution timeOut="1800000" id="0c0ffa3c-ff3c-4b0c-a055-53b0bb4f9c25" />
      <TestMethod codeBase="D:/Development/AdemolaTyper/AdemolaTyperTest/bin/Debug/AdemolaTyperTest.DLL" adapterTypeName="Microsoft.VisualStudio.TestTools.TestTypes.Unit.UnitTestAdapter, Microsoft.VisualStudio.QualityTools.Tips.UnitTest.Adapter, Version=10.0.0.0, Culture=neutral, PublicKeyToken=b03f5f7f11d50a3a" className="AdemolaTyperTest.ViewModels.WordViewModelTests, AdemolaTyperTest, Version=1.0.0.0, Culture=neutral, PublicKeyToken=null" name="Should_Pass_The_letter_to_the_current_word_viewmodel" />
    </UnitTest>
  </TestDefinitions>
  <TestLists>
    <TestList name="Results Not in a List" id="8c84fa94-04c1-424b-9868-57a2d4851a1d" />
    <TestList name="All Loaded Results" id="19431567-8539-422a-85d7-44ee4e166bda" />
  </TestLists>
  <TestEntries>
    <TestEntry testId="1ee798ed-32a0-8d93-805e-a33bfa8a8fb7" executionId="0c0ffa3c-ff3c-4b0c-a055-53b0bb4f9c25" testListId="8c84fa94-04c1-424b-9868-57a2d4851a1d" />
  </TestEntries>
  <Results>
    <UnitTestResult executionId="0c0ffa3c-ff3c-4b0c-a055-53b0bb4f9c25" testId="1ee798ed-32a0-8d93-805e-a33bfa8a8fb7" testName="Should_Pass_The_letter_to_the_current_word_viewmodel" computerName="WIN7-64-V8" duration="00:00:00.1297202" startTime="2010-10-04T23:20:04.6760000+01:00" endTime="2010-10-04T23:20:04.8710000+01:00" testType="13cdc9d9-ddb5-4fa4-a97d-d965ccfc6d4b" outcome="Failed" testListId="8c84fa94-04c1-424b-9868-57a2d4851a1d" relativeResultsDirectory="0c0ffa3c-ff3c-4b0c-a055-53b0bb4f9c25">
      <Output>
        <ErrorInfo>
          <Message>Test method AdemolaTyperTest.ViewModels.WordViewModelTests.Should_Pass_The_letter_to_the_current_word_viewmodel threw exception: 
System.InvalidCastException: Unable to cast object of type 'System.Char' to type 'AdemolaTyper.ViewModels.TypeFaceViewModel'.</Message>
          <StackTrace>    at AdemolaTyper.ViewModels.WordViewModel.WordTypeReceived(Object letterTyped) in D:\Development\AdemolaTyper\AdemolaTyper\ViewModels\WordViewModel.cs:line 65
   at AdemolaTyper.ViewModels.WordViewModel.&lt;get_WordTyped&gt;b__0(Object param) in D:\Development\AdemolaTyper\AdemolaTyper\ViewModels\WordViewModel.cs:line 57
   at AdemolaTyper.Commands.RelayCommand.Execute(Object parameter) in D:\Development\AdemolaTyper\AdemolaTyper\Commands\RelayCommand.cs:line 66
   at AdemolaTyper.ViewModels.MainViewModel.keyPressed(Object key) in D:\Development\AdemolaTyper\AdemolaTyper\ViewModels\MainViewModel.cs:line 101
   at AdemolaTyper.ViewModels.MainViewModel.&lt;get_KeyPressReceivedCommand&gt;b__0(Object param) in D:\Development\AdemolaTyper\AdemolaTyper\ViewModels\MainViewModel.cs:line 44
   at AdemolaTyper.Commands.RelayCommand.Execute(Object parameter) in D:\Development\AdemolaTyper\AdemolaTyper\Commands\RelayCommand.cs:line 66
   at AdemolaTyperTest.ViewModels.WordViewModelTests.Should_Pass_The_letter_to_the_current_word_viewmodel() in D:\Development\AdemolaTyper\AdemolaTyperTest\ViewModels\WordViewModelTests.cs:line 69
</StackTrace>
        </ErrorInfo>
      </Output>
    </UnitTestResult>
  </Results>
</TestRun>