<?xml version="1.0" encoding="UTF-8"?>
<TestRun id="db854f4a-c060-4037-b55e-7cf9e503628b" name="abdulrahaman@WIN7-64-V8 2010-12-18 11:13:13" runUser="Win7-64-V8\abdulrahaman" xmlns="http://microsoft.com/schemas/VisualStudio/TeamTest/2010">
  <TestSettings name="Local" id="b1560943-7018-4910-abf8-da8c7b6eda55">
    <Description>These are default test settings for a local test run.</Description>
    <Deployment enabled="false" runDeploymentRoot="abdulrahaman_WIN7-64-V8 2010-12-18 11_13_13" />
    <Execution>
      <TestTypeSpecific />
      <AgentRule name="Execution Agents">
      </AgentRule>
    </Execution>
  </TestSettings>
  <Times creation="2010-12-18T11:13:13.3506000+00:00" queuing="2010-12-18T11:13:13.7836000+00:00" start="2010-12-18T11:13:14.1986000+00:00" finish="2010-12-18T11:14:08.3856000+00:00" />
  <ResultSummary outcome="Completed">
    <Counters total="1" executed="1" passed="1" error="0" failed="0" timeout="0" aborted="0" inconclusive="0" passedButRunAborted="0" notRunnable="0" notExecuted="0" disconnected="0" warning="0" completed="0" inProgress="0" pending="0" />
  </ResultSummary>
  <TestDefinitions>
    <UnitTest name="ShouldLoadUpTheOptionsViewModelAsTheMainViewModel" storage="d:\development\adetyper\adetyper\ademolatypertest\bin\debug\ademolatypertest.dll" id="2a38c16d-ee06-7a93-80fe-c5421a186855">
      <Execution timeOut="1800000" id="a550dc66-3521-4465-ade1-9689866600af" />
      <TestMethod codeBase="D:/Development/AdeTyper/AdeTyper/AdemolaTyperTest/bin/Debug/AdemolaTyperTest.DLL" adapterTypeName="Microsoft.VisualStudio.TestTools.TestTypes.Unit.UnitTestAdapter, Microsoft.VisualStudio.QualityTools.Tips.UnitTest.Adapter, Version=10.0.0.0, Culture=neutral, PublicKeyToken=b03f5f7f11d50a3a" className="AdemolaTyperTest.ViewModels.WhenHomeViewModelIsInstantiated, AdemolaTyperTest, Version=1.0.0.0, Culture=neutral, PublicKeyToken=null" name="ShouldLoadUpTheOptionsViewModelAsTheMainViewModel" />
    </UnitTest>
  </TestDefinitions>
  <TestLists>
    <TestList name="Results Not in a List" id="8c84fa94-04c1-424b-9868-57a2d4851a1d" />
    <TestList name="All Loaded Results" id="19431567-8539-422a-85d7-44ee4e166bda" />
  </TestLists>
  <TestEntries>
    <TestEntry testId="2a38c16d-ee06-7a93-80fe-c5421a186855" executionId="a550dc66-3521-4465-ade1-9689866600af" testListId="8c84fa94-04c1-424b-9868-57a2d4851a1d" />
  </TestEntries>
  <Results>
    <UnitTestResult executionId="a550dc66-3521-4465-ade1-9689866600af" testId="2a38c16d-ee06-7a93-80fe-c5421a186855" testName="ShouldLoadUpTheOptionsViewModelAsTheMainViewModel" computerName="WIN7-64-V8" duration="00:00:53.9161497" startTime="2010-12-18T11:13:14.2716000+00:00" endTime="2010-12-18T11:14:08.2786000+00:00" testType="13cdc9d9-ddb5-4fa4-a97d-d965ccfc6d4b" outcome="Passed" testListId="8c84fa94-04c1-424b-9868-57a2d4851a1d" relativeResultsDirectory="a550dc66-3521-4465-ade1-9689866600af">
    </UnitTestResult>
  </Results>
</TestRun>