<?xml version="1.0" encoding="UTF-8"?>
<TestRun id="a1d5fd70-70d9-45ed-a2da-36fb1104154e" name="abdulrahaman@WIN7-64-V8 2010-12-23 00:14:16" runUser="Win7-64-V8\abdulrahaman" xmlns="http://microsoft.com/schemas/VisualStudio/TeamTest/2010">
  <TestSettings name="Local" id="b1560943-7018-4910-abf8-da8c7b6eda55">
    <Description>These are default test settings for a local test run.</Description>
    <Deployment enabled="false" runDeploymentRoot="abdulrahaman_WIN7-64-V8 2010-12-23 00_14_16" />
    <Execution>
      <TestTypeSpecific />
      <AgentRule name="Execution Agents">
      </AgentRule>
    </Execution>
  </TestSettings>
  <Times creation="2010-12-23T00:14:16.5302000+00:00" queuing="2010-12-23T00:14:16.7972000+00:00" start="2010-12-23T00:14:16.9802000+00:00" finish="2010-12-23T00:14:18.5852000+00:00" />
  <ResultSummary outcome="Completed">
    <Counters total="13" executed="13" passed="13" error="0" failed="0" timeout="0" aborted="0" inconclusive="0" passedButRunAborted="0" notRunnable="0" notExecuted="0" disconnected="0" warning="0" completed="0" inProgress="0" pending="0" />
    <Output>
      <DebugTrace>GameOneViewModel () (4909002) Finalized
TypeFaceViewModel () (24649088) Finalized
GameOneViewModel () (20274671) Finalized
TypeFaceViewModel () (28298510) Finalized
WordViewModel () (24546500) Finalized
GameOneViewModel () (46585528) Finalized
WordViewModel () (23398450) Finalized
GameOneViewModel () (20529489) Finalized
GameOneViewModel () (3343573) Finalized
GameOneViewModel () (43385558) Finalized
WordViewModel () (53494120) Finalized
TypeFaceViewModel () (30024554) Finalized
GameOneViewModel () (2639067) Finalized
GameOneViewModel () (52838845) Finalized
GameOneViewModel () (7779855) Finalized
GameOneViewModel () (6503889) Finalized
GameOneViewModel () (59536642) Finalized
GameOneViewModel () (11138980) Finalized
GameOneViewModel () (38429110) Finalized
GameOneViewModel () (9654072) Finalized
GameOneViewModel () (50420777) Finalized
GameOneViewModel () (36185227) Finalized
GameOneViewModel () (24265821) Finalized
GameOneViewModel () (14768031) Finalized
GameOneViewModel () (47053392) Finalized
GameOneViewModel () (27773042) Finalized
GameOneViewModel () (28663300) Finalized
GameOneViewModel () (47470342) Finalized
</DebugTrace>
    </Output>
  </ResultSummary>
  <TestDefinitions>
    <UnitTest name="ShouldSetTheCurrentWorkspaceToGameOneViewModel" storage="d:\development\adetyper\adetyper\ademolatypertest\bin\debug\ademolatypertest.dll" id="86554665-dc66-0791-30b3-396bf871fed3">
      <Execution timeOut="1800000" id="ab13b17b-a7a1-4dde-9523-0a02c76ba5c5" />
      <TestMethod codeBase="D:/Development/AdeTyper/AdeTyper/AdemolaTyperTest/bin/Debug/AdemolaTyperTest.DLL" adapterTypeName="Microsoft.VisualStudio.TestTools.TestTypes.Unit.UnitTestAdapter, Microsoft.VisualStudio.QualityTools.Tips.UnitTest.Adapter, Version=10.0.0.0, Culture=neutral, PublicKeyToken=b03f5f7f11d50a3a" className="AdemolaTyperTest.ViewModels.WhenHomeViewModelIsAskedToCloseMenuView, AdemolaTyperTest, Version=1.0.0.0, Culture=neutral, PublicKeyToken=null" name="ShouldSetTheCurrentWorkspaceToGameOneViewModel" />
    </UnitTest>
    <UnitTest name="Should_set_the_CurrentWord_when_the_CurrentWordIsProcessed_Command_is_fired" storage="d:\development\adetyper\adetyper\ademolatypertest\bin\debug\ademolatypertest.dll" id="0115b9c7-1e7a-61ce-8fe7-657e43ba04c3">
      <Execution timeOut="1800000" id="a51beadb-8032-4c6b-ae55-ddd7757df3c5" />
      <TestMethod codeBase="D:/Development/AdeTyper/AdeTyper/AdemolaTyperTest/bin/Debug/AdemolaTyperTest.DLL" adapterTypeName="Microsoft.VisualStudio.TestTools.TestTypes.Unit.UnitTestAdapter, Microsoft.VisualStudio.QualityTools.Tips.UnitTest.Adapter, Version=10.0.0.0, Culture=neutral, PublicKeyToken=b03f5f7f11d50a3a" className="AdemolaTyperTest.ViewModels.GameOne.WhenProcessingGameOneViewModel, AdemolaTyperTest, Version=1.0.0.0, Culture=neutral, PublicKeyToken=null" name="Should_set_the_CurrentWord_when_the_CurrentWordIsProcessed_Command_is_fired" />
    </UnitTest>
    <UnitTest name="ShouldStoreTheCurrentTypedLetter" storage="d:\development\adetyper\adetyper\ademolatypertest\bin\debug\ademolatypertest.dll" id="d00b2144-820f-6d3d-014c-c2637a035d1c">
      <Execution timeOut="1800000" id="2081905d-db07-4dd8-8b15-2e946e24f456" />
      <TestMethod codeBase="D:/Development/AdeTyper/AdeTyper/AdemolaTyperTest/bin/Debug/AdemolaTyperTest.DLL" adapterTypeName="Microsoft.VisualStudio.TestTools.TestTypes.Unit.UnitTestAdapter, Microsoft.VisualStudio.QualityTools.Tips.UnitTest.Adapter, Version=10.0.0.0, Culture=neutral, PublicKeyToken=b03f5f7f11d50a3a" className="AdemolaTyperTest.ViewModels.WordViewModelTests, AdemolaTyperTest, Version=1.0.0.0, Culture=neutral, PublicKeyToken=null" name="ShouldStoreTheCurrentTypedLetter" />
    </UnitTest>
    <UnitTest name="ShouldFireMenuViewCloseEvent" storage="d:\development\adetyper\adetyper\ademolatypertest\bin\debug\ademolatypertest.dll" id="a368f72d-8afc-b3cc-0dc5-6100dbc7da92">
      <Execution timeOut="1800000" id="4c335282-62ec-439e-b018-3ca9cef67365" />
      <TestMethod codeBase="D:/Development/AdeTyper/AdeTyper/AdemolaTyperTest/bin/Debug/AdemolaTyperTest.DLL" adapterTypeName="Microsoft.VisualStudio.TestTools.TestTypes.Unit.UnitTestAdapter, Microsoft.VisualStudio.QualityTools.Tips.UnitTest.Adapter, Version=10.0.0.0, Culture=neutral, PublicKeyToken=b03f5f7f11d50a3a" className="AdemolaTyperTest.ViewModels.WhenMenuViewModelIsAskedToPlayGameOne, AdemolaTyperTest, Version=1.0.0.0, Culture=neutral, PublicKeyToken=null" name="ShouldFireMenuViewCloseEvent" />
    </UnitTest>
    <UnitTest name="ShouldLoadUpTheOptionsViewModelAsTheMainViewModel" storage="d:\development\adetyper\adetyper\ademolatypertest\bin\debug\ademolatypertest.dll" id="2a38c16d-ee06-7a93-80fe-c5421a186855">
      <Execution timeOut="1800000" id="8c4950cd-a9ff-4186-aaf1-94374f3b8702" />
      <TestMethod codeBase="D:/Development/AdeTyper/AdeTyper/AdemolaTyperTest/bin/Debug/AdemolaTyperTest.DLL" adapterTypeName="Microsoft.VisualStudio.TestTools.TestTypes.Unit.UnitTestAdapter, Microsoft.VisualStudio.QualityTools.Tips.UnitTest.Adapter, Version=10.0.0.0, Culture=neutral, PublicKeyToken=b03f5f7f11d50a3a" className="AdemolaTyperTest.ViewModels.WhenHomeViewModelIsInstantiated, AdemolaTyperTest, Version=1.0.0.0, Culture=neutral, PublicKeyToken=null" name="ShouldLoadUpTheOptionsViewModelAsTheMainViewModel" />
    </UnitTest>
    <UnitTest name="ShouldFireGameOneEvent" storage="d:\development\adetyper\adetyper\ademolatypertest\bin\debug\ademolatypertest.dll" id="298bfbc1-b9de-e7db-4e1e-b187c97ce7ba">
      <Execution timeOut="1800000" id="c9c16b91-211e-4900-b36e-1b73a3635bc9" />
      <TestMethod codeBase="D:/Development/AdeTyper/AdeTyper/AdemolaTyperTest/bin/Debug/AdemolaTyperTest.DLL" adapterTypeName="Microsoft.VisualStudio.TestTools.TestTypes.Unit.UnitTestAdapter, Microsoft.VisualStudio.QualityTools.Tips.UnitTest.Adapter, Version=10.0.0.0, Culture=neutral, PublicKeyToken=b03f5f7f11d50a3a" className="AdemolaTyperTest.ViewModels.WhenMenuViewModelIsAskedToPlayGameOne, AdemolaTyperTest, Version=1.0.0.0, Culture=neutral, PublicKeyToken=null" name="ShouldFireGameOneEvent" />
    </UnitTest>
    <UnitTest name="Should_set_the_completed_flag_when_the_last_word_has_been_processed" storage="d:\development\adetyper\adetyper\ademolatypertest\bin\debug\ademolatypertest.dll" id="648157f9-f5bc-a1a3-5d43-1c5426c2dfc1">
      <Execution timeOut="1800000" id="478fab4e-f854-45e2-be47-c0a988d40dfd" />
      <TestMethod codeBase="D:/Development/AdeTyper/AdeTyper/AdemolaTyperTest/bin/Debug/AdemolaTyperTest.DLL" adapterTypeName="Microsoft.VisualStudio.TestTools.TestTypes.Unit.UnitTestAdapter, Microsoft.VisualStudio.QualityTools.Tips.UnitTest.Adapter, Version=10.0.0.0, Culture=neutral, PublicKeyToken=b03f5f7f11d50a3a" className="AdemolaTyperTest.ViewModels.GameOne.WhenProcessingGameOneViewModel, AdemolaTyperTest, Version=1.0.0.0, Culture=neutral, PublicKeyToken=null" name="Should_set_the_completed_flag_when_the_last_word_has_been_processed" />
    </UnitTest>
    <UnitTest name="Should_calulate_and_return_type_speed" storage="d:\development\adetyper\adetyper\ademolatypertest\bin\debug\ademolatypertest.dll" id="7769eaa6-497f-dacf-de99-e86e773cadc6">
      <Execution timeOut="1800000" id="4df863bc-3f58-4ee6-8a02-eef5d546cbe7" />
      <TestMethod codeBase="D:/Development/AdeTyper/AdeTyper/AdemolaTyperTest/bin/Debug/AdemolaTyperTest.DLL" adapterTypeName="Microsoft.VisualStudio.TestTools.TestTypes.Unit.UnitTestAdapter, Microsoft.VisualStudio.QualityTools.Tips.UnitTest.Adapter, Version=10.0.0.0, Culture=neutral, PublicKeyToken=b03f5f7f11d50a3a" className="AdemolaTyperTest.ViewModels.GameOne.WhenProcessingGameOneViewModel, AdemolaTyperTest, Version=1.0.0.0, Culture=neutral, PublicKeyToken=null" name="Should_calulate_and_return_type_speed" />
    </UnitTest>
    <UnitTest name="ShouldSetTheStartTimeOnProcessStart" storage="d:\development\adetyper\adetyper\ademolatypertest\bin\debug\ademolatypertest.dll" id="10fe7e01-a2f3-55bc-ee27-a170d021d54f">
      <Execution timeOut="1800000" id="24033af2-7781-435b-a92b-c1df3fa860e7" />
      <TestMethod codeBase="D:/Development/AdeTyper/AdeTyper/AdemolaTyperTest/bin/Debug/AdemolaTyperTest.DLL" adapterTypeName="Microsoft.VisualStudio.TestTools.TestTypes.Unit.UnitTestAdapter, Microsoft.VisualStudio.QualityTools.Tips.UnitTest.Adapter, Version=10.0.0.0, Culture=neutral, PublicKeyToken=b03f5f7f11d50a3a" className="AdemolaTyperTest.ViewModels.WordViewModelTests, AdemolaTyperTest, Version=1.0.0.0, Culture=neutral, PublicKeyToken=null" name="ShouldSetTheStartTimeOnProcessStart" />
    </UnitTest>
    <UnitTest name="TestMethod1" storage="d:\development\adetyper\adetyper\ademolatypertest\bin\debug\ademolatypertest.dll" id="69dfb3d8-b49f-39f5-f3e0-1b2a4144efbd">
      <Execution timeOut="1800000" id="25fbfa4f-61c4-4806-9269-4f1e46144b3c" />
      <TestMethod codeBase="D:/Development/AdeTyper/AdeTyper/AdemolaTyperTest/bin/Debug/AdemolaTyperTest.DLL" adapterTypeName="Microsoft.VisualStudio.TestTools.TestTypes.Unit.UnitTestAdapter, Microsoft.VisualStudio.QualityTools.Tips.UnitTest.Adapter, Version=10.0.0.0, Culture=neutral, PublicKeyToken=b03f5f7f11d50a3a" className="AdemolaTyperTest.UnitTest1, AdemolaTyperTest, Version=1.0.0.0, Culture=neutral, PublicKeyToken=null" name="TestMethod1" />
    </UnitTest>
    <UnitTest name="ShouldMatchCharKeyWithWordLetter" storage="d:\development\adetyper\adetyper\ademolatypertest\bin\debug\ademolatypertest.dll" id="f21ef2a1-a532-ebe9-1048-cc013e958dad">
      <Execution timeOut="1800000" id="fde03c13-463d-4365-986c-9bd27d0ad124" />
      <TestMethod codeBase="D:/Development/AdeTyper/AdeTyper/AdemolaTyperTest/bin/Debug/AdemolaTyperTest.DLL" adapterTypeName="Microsoft.VisualStudio.TestTools.TestTypes.Unit.UnitTestAdapter, Microsoft.VisualStudio.QualityTools.Tips.UnitTest.Adapter, Version=10.0.0.0, Culture=neutral, PublicKeyToken=b03f5f7f11d50a3a" className="AdemolaTyperTest.ViewModels.WordViewModelTests, AdemolaTyperTest, Version=1.0.0.0, Culture=neutral, PublicKeyToken=null" name="ShouldMatchCharKeyWithWordLetter" />
    </UnitTest>
    <UnitTest name="Should_fire_command_on_main_viewmodel_to_indicate_the_word_has_received_all_chars" storage="d:\development\adetyper\adetyper\ademolatypertest\bin\debug\ademolatypertest.dll" id="26728450-04b7-4a8c-efea-70fef7ec8e9d">
      <Execution timeOut="1800000" id="8291b53b-48c3-42f9-9f85-181143655fe8" />
      <TestMethod codeBase="D:/Development/AdeTyper/AdeTyper/AdemolaTyperTest/bin/Debug/AdemolaTyperTest.DLL" adapterTypeName="Microsoft.VisualStudio.TestTools.TestTypes.Unit.UnitTestAdapter, Microsoft.VisualStudio.QualityTools.Tips.UnitTest.Adapter, Version=10.0.0.0, Culture=neutral, PublicKeyToken=b03f5f7f11d50a3a" className="AdemolaTyperTest.ViewModels.WordViewModelTests, AdemolaTyperTest, Version=1.0.0.0, Culture=neutral, PublicKeyToken=null" name="Should_fire_command_on_main_viewmodel_to_indicate_the_word_has_received_all_chars" />
    </UnitTest>
    <UnitTest name="Should_Pass_The_letter_to_the_current_word_viewmodel" storage="d:\development\adetyper\adetyper\ademolatypertest\bin\debug\ademolatypertest.dll" id="1ee798ed-32a0-8d93-805e-a33bfa8a8fb7">
      <Execution timeOut="1800000" id="ed9e2893-c18e-432b-834a-069e725b02d5" />
      <TestMethod codeBase="D:/Development/AdeTyper/AdeTyper/AdemolaTyperTest/bin/Debug/AdemolaTyperTest.DLL" adapterTypeName="Microsoft.VisualStudio.TestTools.TestTypes.Unit.UnitTestAdapter, Microsoft.VisualStudio.QualityTools.Tips.UnitTest.Adapter, Version=10.0.0.0, Culture=neutral, PublicKeyToken=b03f5f7f11d50a3a" className="AdemolaTyperTest.ViewModels.WordViewModelTests, AdemolaTyperTest, Version=1.0.0.0, Culture=neutral, PublicKeyToken=null" name="Should_Pass_The_letter_to_the_current_word_viewmodel" />
    </UnitTest>
  </TestDefinitions>
  <TestLists>
    <TestList name="Results Not in a List" id="8c84fa94-04c1-424b-9868-57a2d4851a1d" />
    <TestList name="All Loaded Results" id="19431567-8539-422a-85d7-44ee4e166bda" />
  </TestLists>
  <TestEntries>
    <TestEntry testId="69dfb3d8-b49f-39f5-f3e0-1b2a4144efbd" executionId="25fbfa4f-61c4-4806-9269-4f1e46144b3c" testListId="8c84fa94-04c1-424b-9868-57a2d4851a1d" />
    <TestEntry testId="7769eaa6-497f-dacf-de99-e86e773cadc6" executionId="4df863bc-3f58-4ee6-8a02-eef5d546cbe7" testListId="8c84fa94-04c1-424b-9868-57a2d4851a1d" />
    <TestEntry testId="648157f9-f5bc-a1a3-5d43-1c5426c2dfc1" executionId="478fab4e-f854-45e2-be47-c0a988d40dfd" testListId="8c84fa94-04c1-424b-9868-57a2d4851a1d" />
    <TestEntry testId="0115b9c7-1e7a-61ce-8fe7-657e43ba04c3" executionId="a51beadb-8032-4c6b-ae55-ddd7757df3c5" testListId="8c84fa94-04c1-424b-9868-57a2d4851a1d" />
    <TestEntry testId="86554665-dc66-0791-30b3-396bf871fed3" executionId="ab13b17b-a7a1-4dde-9523-0a02c76ba5c5" testListId="8c84fa94-04c1-424b-9868-57a2d4851a1d" />
    <TestEntry testId="2a38c16d-ee06-7a93-80fe-c5421a186855" executionId="8c4950cd-a9ff-4186-aaf1-94374f3b8702" testListId="8c84fa94-04c1-424b-9868-57a2d4851a1d" />
    <TestEntry testId="298bfbc1-b9de-e7db-4e1e-b187c97ce7ba" executionId="c9c16b91-211e-4900-b36e-1b73a3635bc9" testListId="8c84fa94-04c1-424b-9868-57a2d4851a1d" />
    <TestEntry testId="a368f72d-8afc-b3cc-0dc5-6100dbc7da92" executionId="4c335282-62ec-439e-b018-3ca9cef67365" testListId="8c84fa94-04c1-424b-9868-57a2d4851a1d" />
    <TestEntry testId="26728450-04b7-4a8c-efea-70fef7ec8e9d" executionId="8291b53b-48c3-42f9-9f85-181143655fe8" testListId="8c84fa94-04c1-424b-9868-57a2d4851a1d" />
    <TestEntry testId="1ee798ed-32a0-8d93-805e-a33bfa8a8fb7" executionId="ed9e2893-c18e-432b-834a-069e725b02d5" testListId="8c84fa94-04c1-424b-9868-57a2d4851a1d" />
    <TestEntry testId="f21ef2a1-a532-ebe9-1048-cc013e958dad" executionId="fde03c13-463d-4365-986c-9bd27d0ad124" testListId="8c84fa94-04c1-424b-9868-57a2d4851a1d" />
    <TestEntry testId="10fe7e01-a2f3-55bc-ee27-a170d021d54f" executionId="24033af2-7781-435b-a92b-c1df3fa860e7" testListId="8c84fa94-04c1-424b-9868-57a2d4851a1d" />
    <TestEntry testId="d00b2144-820f-6d3d-014c-c2637a035d1c" executionId="2081905d-db07-4dd8-8b15-2e946e24f456" testListId="8c84fa94-04c1-424b-9868-57a2d4851a1d" />
  </TestEntries>
  <Results>
    <UnitTestResult executionId="25fbfa4f-61c4-4806-9269-4f1e46144b3c" testId="69dfb3d8-b49f-39f5-f3e0-1b2a4144efbd" testName="TestMethod1" computerName="WIN7-64-V8" duration="00:00:00.0135113" startTime="2010-12-23T00:14:17.1022000+00:00" endTime="2010-12-23T00:14:17.1872000+00:00" testType="13cdc9d9-ddb5-4fa4-a97d-d965ccfc6d4b" outcome="Passed" testListId="8c84fa94-04c1-424b-9868-57a2d4851a1d" relativeResultsDirectory="25fbfa4f-61c4-4806-9269-4f1e46144b3c">
    </UnitTestResult>
    <UnitTestResult executionId="4df863bc-3f58-4ee6-8a02-eef5d546cbe7" testId="7769eaa6-497f-dacf-de99-e86e773cadc6" testName="Should_calulate_and_return_type_speed" computerName="WIN7-64-V8" duration="00:00:01.0096879" startTime="2010-12-23T00:14:17.1902000+00:00" endTime="2010-12-23T00:14:18.2012000+00:00" testType="13cdc9d9-ddb5-4fa4-a97d-d965ccfc6d4b" outcome="Passed" testListId="8c84fa94-04c1-424b-9868-57a2d4851a1d" relativeResultsDirectory="4df863bc-3f58-4ee6-8a02-eef5d546cbe7">
    </UnitTestResult>
    <UnitTestResult executionId="478fab4e-f854-45e2-be47-c0a988d40dfd" testId="648157f9-f5bc-a1a3-5d43-1c5426c2dfc1" testName="Should_set_the_completed_flag_when_the_last_word_has_been_processed" computerName="WIN7-64-V8" duration="00:00:00.0042614" startTime="2010-12-23T00:14:18.2052000+00:00" endTime="2010-12-23T00:14:18.2092000+00:00" testType="13cdc9d9-ddb5-4fa4-a97d-d965ccfc6d4b" outcome="Passed" testListId="8c84fa94-04c1-424b-9868-57a2d4851a1d" relativeResultsDirectory="478fab4e-f854-45e2-be47-c0a988d40dfd">
    </UnitTestResult>
    <UnitTestResult executionId="a51beadb-8032-4c6b-ae55-ddd7757df3c5" testId="0115b9c7-1e7a-61ce-8fe7-657e43ba04c3" testName="Should_set_the_CurrentWord_when_the_CurrentWordIsProcessed_Command_is_fired" computerName="WIN7-64-V8" duration="00:00:00.0018646" startTime="2010-12-23T00:14:18.2122000+00:00" endTime="2010-12-23T00:14:18.2152000+00:00" testType="13cdc9d9-ddb5-4fa4-a97d-d965ccfc6d4b" outcome="Passed" testListId="8c84fa94-04c1-424b-9868-57a2d4851a1d" relativeResultsDirectory="a51beadb-8032-4c6b-ae55-ddd7757df3c5">
    </UnitTestResult>
    <UnitTestResult executionId="ab13b17b-a7a1-4dde-9523-0a02c76ba5c5" testId="86554665-dc66-0791-30b3-396bf871fed3" testName="ShouldSetTheCurrentWorkspaceToGameOneViewModel" computerName="WIN7-64-V8" duration="00:00:00.1748103" startTime="2010-12-23T00:14:18.2172000+00:00" endTime="2010-12-23T00:14:18.3932000+00:00" testType="13cdc9d9-ddb5-4fa4-a97d-d965ccfc6d4b" outcome="Passed" testListId="8c84fa94-04c1-424b-9868-57a2d4851a1d" relativeResultsDirectory="ab13b17b-a7a1-4dde-9523-0a02c76ba5c5">
    </UnitTestResult>
    <UnitTestResult executionId="8c4950cd-a9ff-4186-aaf1-94374f3b8702" testId="2a38c16d-ee06-7a93-80fe-c5421a186855" testName="ShouldLoadUpTheOptionsViewModelAsTheMainViewModel" computerName="WIN7-64-V8" duration="00:00:00.0004323" startTime="2010-12-23T00:14:18.3972000+00:00" endTime="2010-12-23T00:14:18.3982000+00:00" testType="13cdc9d9-ddb5-4fa4-a97d-d965ccfc6d4b" outcome="Passed" testListId="8c84fa94-04c1-424b-9868-57a2d4851a1d" relativeResultsDirectory="8c4950cd-a9ff-4186-aaf1-94374f3b8702">
    </UnitTestResult>
    <UnitTestResult executionId="c9c16b91-211e-4900-b36e-1b73a3635bc9" testId="298bfbc1-b9de-e7db-4e1e-b187c97ce7ba" testName="ShouldFireGameOneEvent" computerName="WIN7-64-V8" duration="00:00:00.0011358" startTime="2010-12-23T00:14:18.4002000+00:00" endTime="2010-12-23T00:14:18.4022000+00:00" testType="13cdc9d9-ddb5-4fa4-a97d-d965ccfc6d4b" outcome="Passed" testListId="8c84fa94-04c1-424b-9868-57a2d4851a1d" relativeResultsDirectory="c9c16b91-211e-4900-b36e-1b73a3635bc9">
    </UnitTestResult>
    <UnitTestResult executionId="4c335282-62ec-439e-b018-3ca9cef67365" testId="a368f72d-8afc-b3cc-0dc5-6100dbc7da92" testName="ShouldFireMenuViewCloseEvent" computerName="WIN7-64-V8" duration="00:00:00.0031175" startTime="2010-12-23T00:14:18.4182000+00:00" endTime="2010-12-23T00:14:18.4292000+00:00" testType="13cdc9d9-ddb5-4fa4-a97d-d965ccfc6d4b" outcome="Passed" testListId="8c84fa94-04c1-424b-9868-57a2d4851a1d" relativeResultsDirectory="4c335282-62ec-439e-b018-3ca9cef67365">
    </UnitTestResult>
    <UnitTestResult executionId="8291b53b-48c3-42f9-9f85-181143655fe8" testId="26728450-04b7-4a8c-efea-70fef7ec8e9d" testName="Should_fire_command_on_main_viewmodel_to_indicate_the_word_has_received_all_chars" computerName="WIN7-64-V8" duration="00:00:00.0044588" startTime="2010-12-23T00:14:18.4342000+00:00" endTime="2010-12-23T00:14:18.4442000+00:00" testType="13cdc9d9-ddb5-4fa4-a97d-d965ccfc6d4b" outcome="Passed" testListId="8c84fa94-04c1-424b-9868-57a2d4851a1d" relativeResultsDirectory="8291b53b-48c3-42f9-9f85-181143655fe8">
      <Output>
        <DebugTrace>GameOneViewModel () (57224010) Finalized
GameOneViewModel () (1426874) Finalized
</DebugTrace>
      </Output>
    </UnitTestResult>
    <UnitTestResult executionId="ed9e2893-c18e-432b-834a-069e725b02d5" testId="1ee798ed-32a0-8d93-805e-a33bfa8a8fb7" testName="Should_Pass_The_letter_to_the_current_word_viewmodel" computerName="WIN7-64-V8" duration="00:00:00.0022444" startTime="2010-12-23T00:14:18.4482000+00:00" endTime="2010-12-23T00:14:18.4612000+00:00" testType="13cdc9d9-ddb5-4fa4-a97d-d965ccfc6d4b" outcome="Passed" testListId="8c84fa94-04c1-424b-9868-57a2d4851a1d" relativeResultsDirectory="ed9e2893-c18e-432b-834a-069e725b02d5">
      <Output>
        <DebugTrace>TypeFaceViewModel () (51649568) Finalized
GameOneViewModel () (56486238) Finalized
</DebugTrace>
      </Output>
    </UnitTestResult>
    <UnitTestResult executionId="fde03c13-463d-4365-986c-9bd27d0ad124" testId="f21ef2a1-a532-ebe9-1048-cc013e958dad" testName="ShouldMatchCharKeyWithWordLetter" computerName="WIN7-64-V8" duration="00:00:00.0059909" startTime="2010-12-23T00:14:18.4642000+00:00" endTime="2010-12-23T00:14:18.4762000+00:00" testType="13cdc9d9-ddb5-4fa4-a97d-d965ccfc6d4b" outcome="Passed" testListId="8c84fa94-04c1-424b-9868-57a2d4851a1d" relativeResultsDirectory="fde03c13-463d-4365-986c-9bd27d0ad124">
      <Output>
        <DebugTrace>WordViewModel () (45660470) Finalized
</DebugTrace>
      </Output>
    </UnitTestResult>
    <UnitTestResult executionId="24033af2-7781-435b-a92b-c1df3fa860e7" testId="10fe7e01-a2f3-55bc-ee27-a170d021d54f" testName="ShouldSetTheStartTimeOnProcessStart" computerName="WIN7-64-V8" duration="00:00:00.0017244" startTime="2010-12-23T00:14:18.4802000+00:00" endTime="2010-12-23T00:14:18.4862000+00:00" testType="13cdc9d9-ddb5-4fa4-a97d-d965ccfc6d4b" outcome="Passed" testListId="8c84fa94-04c1-424b-9868-57a2d4851a1d" relativeResultsDirectory="24033af2-7781-435b-a92b-c1df3fa860e7">
    </UnitTestResult>
    <UnitTestResult executionId="2081905d-db07-4dd8-8b15-2e946e24f456" testId="d00b2144-820f-6d3d-014c-c2637a035d1c" testName="ShouldStoreTheCurrentTypedLetter" computerName="WIN7-64-V8" duration="00:00:00.0032719" startTime="2010-12-23T00:14:18.4892000+00:00" endTime="2010-12-23T00:14:18.4992000+00:00" testType="13cdc9d9-ddb5-4fa4-a97d-d965ccfc6d4b" outcome="Passed" testListId="8c84fa94-04c1-424b-9868-57a2d4851a1d" relativeResultsDirectory="2081905d-db07-4dd8-8b15-2e946e24f456">
      <Output>
        <DebugTrace>GameOneViewModel () (27504713) Finalized
GameOneViewModel () (63111085) Finalized
</DebugTrace>
      </Output>
    </UnitTestResult>
  </Results>
</TestRun>