<?xml version="1.0" encoding="UTF-8"?>
<TestRun id="b308037b-3427-4d03-882d-52bf563f4f11" name="abdulrahaman@WIN7-64-V8 2010-10-05 22:48:48" runUser="Win7-64-V8\abdulrahaman" xmlns="http://microsoft.com/schemas/VisualStudio/TeamTest/2010">
  <TestSettings name="Local" id="b1560943-7018-4910-abf8-da8c7b6eda55">
    <Description>These are default test settings for a local test run.</Description>
    <Deployment enabled="false" runDeploymentRoot="abdulrahaman_WIN7-64-V8 2010-10-05 22_48_48" />
    <Execution>
      <TestTypeSpecific />
      <AgentRule name="Execution Agents">
      </AgentRule>
    </Execution>
  </TestSettings>
  <Times creation="2010-10-05T22:48:48.9610000+01:00" queuing="2010-10-05T22:48:49.2200000+01:00" start="2010-10-05T22:48:49.3970000+01:00" finish="2010-10-05T22:48:49.8940000+01:00" />
  <ResultSummary outcome="Failed">
    <Counters total="1" executed="1" error="0" failed="1" timeout="0" aborted="0" inconclusive="0" passedButRunAborted="0" notRunnable="0" notExecuted="0" disconnected="0" warning="0" passed="0" completed="0" inProgress="0" pending="0" />
  </ResultSummary>
  <TestDefinitions>
    <UnitTest name="Should_Switch_To_Next_Word_In_List_When_The_Number_Of_Letters_Typed_exceeds_letters_in_the_current_word" storage="d:\development\ademolatyper\ademolatypertest\bin\debug\ademolatypertest.dll" id="13b28c05-1fee-a3b1-fb4a-33ca6e7454bb">
      <Execution timeOut="1800000" id="c3153969-0a4e-42ef-ac89-0857158f1929" />
      <TestMethod codeBase="D:/Development/AdemolaTyper/AdemolaTyperTest/bin/Debug/AdemolaTyperTest.DLL" adapterTypeName="Microsoft.VisualStudio.TestTools.TestTypes.Unit.UnitTestAdapter, Microsoft.VisualStudio.QualityTools.Tips.UnitTest.Adapter, Version=10.0.0.0, Culture=neutral, PublicKeyToken=b03f5f7f11d50a3a" className="AdemolaTyperTest.ViewModels.WordViewModelTests, AdemolaTyperTest, Version=1.0.0.0, Culture=neutral, PublicKeyToken=null" name="Should_Switch_To_Next_Word_In_List_When_The_Number_Of_Letters_Typed_exceeds_letters_in_the_current_word" />
    </UnitTest>
  </TestDefinitions>
  <TestLists>
    <TestList name="Results Not in a List" id="8c84fa94-04c1-424b-9868-57a2d4851a1d" />
    <TestList name="All Loaded Results" id="19431567-8539-422a-85d7-44ee4e166bda" />
  </TestLists>
  <TestEntries>
    <TestEntry testId="13b28c05-1fee-a3b1-fb4a-33ca6e7454bb" executionId="c3153969-0a4e-42ef-ac89-0857158f1929" testListId="8c84fa94-04c1-424b-9868-57a2d4851a1d" />
  </TestEntries>
  <Results>
    <UnitTestResult executionId="c3153969-0a4e-42ef-ac89-0857158f1929" testId="13b28c05-1fee-a3b1-fb4a-33ca6e7454bb" testName="Should_Switch_To_Next_Word_In_List_When_The_Number_Of_Letters_Typed_exceeds_letters_in_the_current_word" computerName="WIN7-64-V8" duration="00:00:00.2395694" startTime="2010-10-05T22:48:49.5120000+01:00" endTime="2010-10-05T22:48:49.8210000+01:00" testType="13cdc9d9-ddb5-4fa4-a97d-d965ccfc6d4b" outcome="Failed" testListId="8c84fa94-04c1-424b-9868-57a2d4851a1d" relativeResultsDirectory="c3153969-0a4e-42ef-ac89-0857158f1929">
      <Output>
        <ErrorInfo>
          <Message>Assert.AreEqual failed. Expected:&lt; &gt;. Actual:&lt;s&gt;. </Message>
          <StackTrace>   at AdemolaTyperTest.ViewModels.WordViewModelTests.Should_Switch_To_Next_Word_In_List_When_The_Number_Of_Letters_Typed_exceeds_letters_in_the_current_word() in D:\Development\AdemolaTyper\AdemolaTyperTest\ViewModels\WordViewModelTests.cs:line 87
</StackTrace>
        </ErrorInfo>
      </Output>
    </UnitTestResult>
  </Results>
</TestRun>