<?xml version="1.0" encoding="UTF-8"?>
<TestRun id="113e628b-0d52-4560-8f51-7fba6d1d6430" name="abdulrahaman@WIN7-64-V8 2010-10-06 06:28:01" runUser="Win7-64-V8\abdulrahaman" xmlns="http://microsoft.com/schemas/VisualStudio/TeamTest/2010">
  <TestSettings name="Local" id="b1560943-7018-4910-abf8-da8c7b6eda55">
    <Description>These are default test settings for a local test run.</Description>
    <Deployment enabled="false" runDeploymentRoot="abdulrahaman_WIN7-64-V8 2010-10-06 06_28_01" />
    <Execution>
      <TestTypeSpecific />
      <AgentRule name="Execution Agents">
      </AgentRule>
    </Execution>
  </TestSettings>
  <Times creation="2010-10-06T06:28:01.2148000+01:00" queuing="2010-10-06T06:28:01.4748000+01:00" start="2010-10-06T06:28:01.6528000+01:00" finish="2010-10-06T06:28:02.1658000+01:00" />
  <ResultSummary outcome="Failed">
    <Counters total="1" executed="1" error="0" failed="1" timeout="0" aborted="0" inconclusive="0" passedButRunAborted="0" notRunnable="0" notExecuted="0" disconnected="0" warning="0" passed="0" completed="0" inProgress="0" pending="0" />
  </ResultSummary>
  <TestDefinitions>
    <UnitTest name="Should_fire_command_on_main_viewmodel_to_indicate_the_word_has_received_all_chars" storage="d:\development\ademolatyper\ademolatypertest\bin\debug\ademolatypertest.dll" id="26728450-04b7-4a8c-efea-70fef7ec8e9d">
      <Execution timeOut="1800000" id="c852cf0f-2511-4f5d-abd3-ac1ada5da5a7" />
      <TestMethod codeBase="D:/Development/AdemolaTyper/AdemolaTyperTest/bin/Debug/AdemolaTyperTest.DLL" adapterTypeName="Microsoft.VisualStudio.TestTools.TestTypes.Unit.UnitTestAdapter, Microsoft.VisualStudio.QualityTools.Tips.UnitTest.Adapter, Version=10.0.0.0, Culture=neutral, PublicKeyToken=b03f5f7f11d50a3a" className="AdemolaTyperTest.ViewModels.WordViewModelTests, AdemolaTyperTest, Version=1.0.0.0, Culture=neutral, PublicKeyToken=null" name="Should_fire_command_on_main_viewmodel_to_indicate_the_word_has_received_all_chars" />
    </UnitTest>
  </TestDefinitions>
  <TestLists>
    <TestList name="Results Not in a List" id="8c84fa94-04c1-424b-9868-57a2d4851a1d" />
    <TestList name="All Loaded Results" id="19431567-8539-422a-85d7-44ee4e166bda" />
  </TestLists>
  <TestEntries>
    <TestEntry testId="26728450-04b7-4a8c-efea-70fef7ec8e9d" executionId="c852cf0f-2511-4f5d-abd3-ac1ada5da5a7" testListId="8c84fa94-04c1-424b-9868-57a2d4851a1d" />
  </TestEntries>
  <Results>
    <UnitTestResult executionId="c852cf0f-2511-4f5d-abd3-ac1ada5da5a7" testId="26728450-04b7-4a8c-efea-70fef7ec8e9d" testName="Should_fire_command_on_main_viewmodel_to_indicate_the_word_has_received_all_chars" computerName="WIN7-64-V8" duration="00:00:00.2397997" startTime="2010-10-06T06:28:01.7868000+01:00" endTime="2010-10-06T06:28:02.0918000+01:00" testType="13cdc9d9-ddb5-4fa4-a97d-d965ccfc6d4b" outcome="Failed" testListId="8c84fa94-04c1-424b-9868-57a2d4851a1d" relativeResultsDirectory="c852cf0f-2511-4f5d-abd3-ac1ada5da5a7">
      <Output>
        <ErrorInfo>
          <Message>Test method AdemolaTyperTest.ViewModels.WordViewModelTests.Should_fire_command_on_main_viewmodel_to_indicate_the_word_has_received_all_chars threw exception: 
System.NullReferenceException: Object reference not set to an instance of an object.</Message>
          <StackTrace>    at AdemolaTyper.ViewModels.WordViewModel.WordTypeReceived(Object letterTyped) in D:\Development\AdemolaTyper\AdemolaTyper\ViewModels\WordViewModel.cs:line 88
   at AdemolaTyper.ViewModels.WordViewModel.&lt;get_WordTyped&gt;b__0(Object param) in D:\Development\AdemolaTyper\AdemolaTyper\ViewModels\WordViewModel.cs:line 59
   at AdemolaTyper.Commands.RelayCommand.Execute(Object parameter) in D:\Development\AdemolaTyper\AdemolaTyper\Commands\RelayCommand.cs:line 66
   at AdemolaTyper.ViewModels.MainViewModel.keyPressed(Object key) in D:\Development\AdemolaTyper\AdemolaTyper\ViewModels\MainViewModel.cs:line 129
   at AdemolaTyper.ViewModels.MainViewModel.&lt;get_KeyPressReceivedCommand&gt;b__0(Object param) in D:\Development\AdemolaTyper\AdemolaTyper\ViewModels\MainViewModel.cs:line 51
   at AdemolaTyper.Commands.RelayCommand.Execute(Object parameter) in D:\Development\AdemolaTyper\AdemolaTyper\Commands\RelayCommand.cs:line 66
   at AdemolaTyperTest.ViewModels.WordViewModelTests.Should_fire_command_on_main_viewmodel_to_indicate_the_word_has_received_all_chars() in D:\Development\AdemolaTyper\AdemolaTyperTest\ViewModels\WordViewModelTests.cs:line 104
</StackTrace>
        </ErrorInfo>
      </Output>
    </UnitTestResult>
  </Results>
</TestRun>