<?xml version="1.0" encoding="UTF-8"?>
<TestRun id="e6501dfd-0078-4864-afe2-c836bd6b370c" name="abdulrahaman@WIN7-64-V8 2010-10-06 21:04:34" runUser="Win7-64-V8\abdulrahaman" xmlns="http://microsoft.com/schemas/VisualStudio/TeamTest/2010">
  <TestSettings name="Local" id="b1560943-7018-4910-abf8-da8c7b6eda55">
    <Description>These are default test settings for a local test run.</Description>
    <Deployment enabled="false" runDeploymentRoot="abdulrahaman_WIN7-64-V8 2010-10-06 21_04_34" />
    <Execution>
      <TestTypeSpecific />
      <AgentRule name="Execution Agents">
      </AgentRule>
    </Execution>
  </TestSettings>
  <Times creation="2010-10-06T21:04:34.4320000+01:00" queuing="2010-10-06T21:04:34.6930000+01:00" start="2010-10-06T21:04:34.8700000+01:00" finish="2010-10-06T21:04:35.3990000+01:00" />
  <ResultSummary outcome="Failed">
    <Counters total="1" executed="1" error="0" failed="1" timeout="0" aborted="0" inconclusive="0" passedButRunAborted="0" notRunnable="0" notExecuted="0" disconnected="0" warning="0" passed="0" completed="0" inProgress="0" pending="0" />
  </ResultSummary>
  <TestDefinitions>
    <UnitTest name="Should_set_the_CurrentWord_when_the_CurrentWordIsProcessed_Command_is_fired" storage="d:\development\ademolatyper\ademolatypertest\bin\debug\ademolatypertest.dll" id="03abf6ce-3b1f-929f-8747-edf5af7ff1cf">
      <Execution timeOut="1800000" id="04508492-0740-4890-aa81-971de896509f" />
      <TestMethod codeBase="D:/Development/AdemolaTyper/AdemolaTyperTest/bin/Debug/AdemolaTyperTest.DLL" adapterTypeName="Microsoft.VisualStudio.TestTools.TestTypes.Unit.UnitTestAdapter, Microsoft.VisualStudio.QualityTools.Tips.UnitTest.Adapter, Version=10.0.0.0, Culture=neutral, PublicKeyToken=b03f5f7f11d50a3a" className="AdemolaTyperTest.ViewModels.MainViewModelTests, AdemolaTyperTest, Version=1.0.0.0, Culture=neutral, PublicKeyToken=null" name="Should_set_the_CurrentWord_when_the_CurrentWordIsProcessed_Command_is_fired" />
    </UnitTest>
  </TestDefinitions>
  <TestLists>
    <TestList name="Results Not in a List" id="8c84fa94-04c1-424b-9868-57a2d4851a1d" />
    <TestList name="All Loaded Results" id="19431567-8539-422a-85d7-44ee4e166bda" />
  </TestLists>
  <TestEntries>
    <TestEntry testId="03abf6ce-3b1f-929f-8747-edf5af7ff1cf" executionId="04508492-0740-4890-aa81-971de896509f" testListId="8c84fa94-04c1-424b-9868-57a2d4851a1d" />
  </TestEntries>
  <Results>
    <UnitTestResult executionId="04508492-0740-4890-aa81-971de896509f" testId="03abf6ce-3b1f-929f-8747-edf5af7ff1cf" testName="Should_set_the_CurrentWord_when_the_CurrentWordIsProcessed_Command_is_fired" computerName="WIN7-64-V8" duration="00:00:00.2473089" startTime="2010-10-06T21:04:35.0070000+01:00" endTime="2010-10-06T21:04:35.3260000+01:00" testType="13cdc9d9-ddb5-4fa4-a97d-d965ccfc6d4b" outcome="Failed" testListId="8c84fa94-04c1-424b-9868-57a2d4851a1d" relativeResultsDirectory="04508492-0740-4890-aa81-971de896509f">
      <Output>
        <ErrorInfo>
          <Message>Assert.AreEqual failed. Expected:&lt;n (System.Char)&gt;. Actual:&lt;  (System.String)&gt;. </Message>
          <StackTrace>   at AdemolaTyperTest.ViewModels.MainViewModelTests.Should_set_the_CurrentWord_when_the_CurrentWordIsProcessed_Command_is_fired() in D:\Development\AdemolaTyper\AdemolaTyperTest\ViewModels\MainViewModelTests.cs:line 30
</StackTrace>
        </ErrorInfo>
      </Output>
    </UnitTestResult>
  </Results>
</TestRun>