<?xml version="1.0" encoding="UTF-8"?>
<TestRun id="1d5cdd38-b55c-496d-821c-49d34acc0370" name="abdulrahaman@WIN7-64-V8 2010-10-04 22:12:56" runUser="Win7-64-V8\abdulrahaman" xmlns="http://microsoft.com/schemas/VisualStudio/TeamTest/2010">
  <TestSettings name="Local" id="b1560943-7018-4910-abf8-da8c7b6eda55">
    <Description>These are default test settings for a local test run.</Description>
    <Deployment enabled="false" runDeploymentRoot="abdulrahaman_WIN7-64-V8 2010-10-04 22_12_56" />
    <Execution>
      <TestTypeSpecific />
      <AgentRule name="Execution Agents">
      </AgentRule>
    </Execution>
  </TestSettings>
  <Times creation="2010-10-04T22:12:56.3070000+01:00" queuing="2010-10-04T22:12:56.5670000+01:00" start="2010-10-04T22:12:56.7460000+01:00" finish="2010-10-04T22:12:57.1110000+01:00" />
  <ResultSummary outcome="Completed">
    <Counters total="1" executed="1" passed="1" error="0" failed="0" timeout="0" aborted="0" inconclusive="0" passedButRunAborted="0" notRunnable="0" notExecuted="0" disconnected="0" warning="0" completed="0" inProgress="0" pending="0" />
  </ResultSummary>
  <TestDefinitions>
    <UnitTest name="ShouldStoreTheCurrentTypedLetter" storage="d:\development\ademolatyper\ademolatypertest\bin\debug\ademolatypertest.dll" id="d00b2144-820f-6d3d-014c-c2637a035d1c">
      <Execution timeOut="1800000" id="7974b314-918d-488d-aea5-496f0a4b8c2a" />
      <TestMethod codeBase="D:/Development/AdemolaTyper/AdemolaTyperTest/bin/Debug/AdemolaTyperTest.DLL" adapterTypeName="Microsoft.VisualStudio.TestTools.TestTypes.Unit.UnitTestAdapter, Microsoft.VisualStudio.QualityTools.Tips.UnitTest.Adapter, Version=10.0.0.0, Culture=neutral, PublicKeyToken=b03f5f7f11d50a3a" className="AdemolaTyperTest.ViewModels.WordViewModelTests, AdemolaTyperTest, Version=1.0.0.0, Culture=neutral, PublicKeyToken=null" name="ShouldStoreTheCurrentTypedLetter" />
    </UnitTest>
  </TestDefinitions>
  <TestLists>
    <TestList name="Results Not in a List" id="8c84fa94-04c1-424b-9868-57a2d4851a1d" />
    <TestList name="All Loaded Results" id="19431567-8539-422a-85d7-44ee4e166bda" />
  </TestLists>
  <TestEntries>
    <TestEntry testId="d00b2144-820f-6d3d-014c-c2637a035d1c" executionId="7974b314-918d-488d-aea5-496f0a4b8c2a" testListId="8c84fa94-04c1-424b-9868-57a2d4851a1d" />
  </TestEntries>
  <Results>
    <UnitTestResult executionId="7974b314-918d-488d-aea5-496f0a4b8c2a" testId="d00b2144-820f-6d3d-014c-c2637a035d1c" testName="ShouldStoreTheCurrentTypedLetter" computerName="WIN7-64-V8" duration="00:00:00.0987151" startTime="2010-10-04T22:12:56.8690000+01:00" endTime="2010-10-04T22:12:57.0360000+01:00" testType="13cdc9d9-ddb5-4fa4-a97d-d965ccfc6d4b" outcome="Passed" testListId="8c84fa94-04c1-424b-9868-57a2d4851a1d" relativeResultsDirectory="7974b314-918d-488d-aea5-496f0a4b8c2a">
    </UnitTestResult>
  </Results>
</TestRun>