<?xml version="1.0" encoding="UTF-8"?>
<TestRun id="1077c391-a92d-4750-9430-da4b77d75e09" name="abdulrahaman@WIN7-64-V8 2010-10-04 23:05:33" runUser="Win7-64-V8\abdulrahaman" xmlns="http://microsoft.com/schemas/VisualStudio/TeamTest/2010">
  <TestSettings name="Local" id="b1560943-7018-4910-abf8-da8c7b6eda55">
    <Description>These are default test settings for a local test run.</Description>
    <Deployment enabled="false" runDeploymentRoot="abdulrahaman_WIN7-64-V8 2010-10-04 23_05_33" />
    <Execution>
      <TestTypeSpecific />
      <AgentRule name="Execution Agents">
      </AgentRule>
    </Execution>
  </TestSettings>
  <Times creation="2010-10-04T23:05:33.8500000+01:00" queuing="2010-10-04T23:05:34.1110000+01:00" start="2010-10-04T23:05:34.2940000+01:00" finish="2010-10-04T23:05:34.7010000+01:00" />
  <ResultSummary outcome="Failed">
    <Counters total="4" executed="4" passed="3" error="0" failed="1" timeout="0" aborted="0" inconclusive="0" passedButRunAborted="0" notRunnable="0" notExecuted="0" disconnected="0" warning="0" completed="0" inProgress="0" pending="0" />
  </ResultSummary>
  <TestDefinitions>
    <UnitTest name="ShouldCompareTheTypedCharAgainstTheCurrentLetterOfTheCurrentWord" storage="d:\development\ademolatyper\ademolatypertest\bin\debug\ademolatypertest.dll" id="ee9a7b44-13f2-1479-7ecb-b3fb92e29b85">
      <Execution timeOut="1800000" id="92e1ddb2-377b-4403-81e6-340ce6629a86" />
      <TestMethod codeBase="D:/Development/AdemolaTyper/AdemolaTyperTest/bin/Debug/AdemolaTyperTest.DLL" adapterTypeName="Microsoft.VisualStudio.TestTools.TestTypes.Unit.UnitTestAdapter, Microsoft.VisualStudio.QualityTools.Tips.UnitTest.Adapter, Version=10.0.0.0, Culture=neutral, PublicKeyToken=b03f5f7f11d50a3a" className="AdemolaTyperTest.ViewModels.WordViewModelTests, AdemolaTyperTest, Version=1.0.0.0, Culture=neutral, PublicKeyToken=null" name="ShouldCompareTheTypedCharAgainstTheCurrentLetterOfTheCurrentWord" />
    </UnitTest>
    <UnitTest name="ShouldStoreTheCurrentTypedLetter" storage="d:\development\ademolatyper\ademolatypertest\bin\debug\ademolatypertest.dll" id="d00b2144-820f-6d3d-014c-c2637a035d1c">
      <Execution timeOut="1800000" id="c7a6888b-50bf-4a18-b250-e1d051fcf677" />
      <TestMethod codeBase="D:/Development/AdemolaTyper/AdemolaTyperTest/bin/Debug/AdemolaTyperTest.DLL" adapterTypeName="Microsoft.VisualStudio.TestTools.TestTypes.Unit.UnitTestAdapter, Microsoft.VisualStudio.QualityTools.Tips.UnitTest.Adapter, Version=10.0.0.0, Culture=neutral, PublicKeyToken=b03f5f7f11d50a3a" className="AdemolaTyperTest.ViewModels.WordViewModelTests, AdemolaTyperTest, Version=1.0.0.0, Culture=neutral, PublicKeyToken=null" name="ShouldStoreTheCurrentTypedLetter" />
    </UnitTest>
    <UnitTest name="Should_Pass_The_letter_to_the_current_word_viewmodel" storage="d:\development\ademolatyper\ademolatypertest\bin\debug\ademolatypertest.dll" id="1ee798ed-32a0-8d93-805e-a33bfa8a8fb7">
      <Execution timeOut="1800000" id="ebdb7076-13d7-4e2b-a3f7-5cd2d9d8b4af" />
      <TestMethod codeBase="D:/Development/AdemolaTyper/AdemolaTyperTest/bin/Debug/AdemolaTyperTest.DLL" adapterTypeName="Microsoft.VisualStudio.TestTools.TestTypes.Unit.UnitTestAdapter, Microsoft.VisualStudio.QualityTools.Tips.UnitTest.Adapter, Version=10.0.0.0, Culture=neutral, PublicKeyToken=b03f5f7f11d50a3a" className="AdemolaTyperTest.ViewModels.WordViewModelTests, AdemolaTyperTest, Version=1.0.0.0, Culture=neutral, PublicKeyToken=null" name="Should_Pass_The_letter_to_the_current_word_viewmodel" />
    </UnitTest>
    <UnitTest name="ShouldSetTheStartTimeOnProcessStart" storage="d:\development\ademolatyper\ademolatypertest\bin\debug\ademolatypertest.dll" id="10fe7e01-a2f3-55bc-ee27-a170d021d54f">
      <Execution timeOut="1800000" id="2d850be9-4e61-4b21-94fc-be8068976059" />
      <TestMethod codeBase="D:/Development/AdemolaTyper/AdemolaTyperTest/bin/Debug/AdemolaTyperTest.DLL" adapterTypeName="Microsoft.VisualStudio.TestTools.TestTypes.Unit.UnitTestAdapter, Microsoft.VisualStudio.QualityTools.Tips.UnitTest.Adapter, Version=10.0.0.0, Culture=neutral, PublicKeyToken=b03f5f7f11d50a3a" className="AdemolaTyperTest.ViewModels.WordViewModelTests, AdemolaTyperTest, Version=1.0.0.0, Culture=neutral, PublicKeyToken=null" name="ShouldSetTheStartTimeOnProcessStart" />
    </UnitTest>
  </TestDefinitions>
  <TestLists>
    <TestList name="Results Not in a List" id="8c84fa94-04c1-424b-9868-57a2d4851a1d" />
    <TestList name="All Loaded Results" id="19431567-8539-422a-85d7-44ee4e166bda" />
  </TestLists>
  <TestEntries>
    <TestEntry testId="1ee798ed-32a0-8d93-805e-a33bfa8a8fb7" executionId="ebdb7076-13d7-4e2b-a3f7-5cd2d9d8b4af" testListId="8c84fa94-04c1-424b-9868-57a2d4851a1d" />
    <TestEntry testId="ee9a7b44-13f2-1479-7ecb-b3fb92e29b85" executionId="92e1ddb2-377b-4403-81e6-340ce6629a86" testListId="8c84fa94-04c1-424b-9868-57a2d4851a1d" />
    <TestEntry testId="10fe7e01-a2f3-55bc-ee27-a170d021d54f" executionId="2d850be9-4e61-4b21-94fc-be8068976059" testListId="8c84fa94-04c1-424b-9868-57a2d4851a1d" />
    <TestEntry testId="d00b2144-820f-6d3d-014c-c2637a035d1c" executionId="c7a6888b-50bf-4a18-b250-e1d051fcf677" testListId="8c84fa94-04c1-424b-9868-57a2d4851a1d" />
  </TestEntries>
  <Results>
    <UnitTestResult executionId="ebdb7076-13d7-4e2b-a3f7-5cd2d9d8b4af" testId="1ee798ed-32a0-8d93-805e-a33bfa8a8fb7" testName="Should_Pass_The_letter_to_the_current_word_viewmodel" computerName="WIN7-64-V8" duration="00:00:00.1274538" startTime="2010-10-04T23:05:34.4150000+01:00" endTime="2010-10-04T23:05:34.6130000+01:00" testType="13cdc9d9-ddb5-4fa4-a97d-d965ccfc6d4b" outcome="Failed" testListId="8c84fa94-04c1-424b-9868-57a2d4851a1d" relativeResultsDirectory="ebdb7076-13d7-4e2b-a3f7-5cd2d9d8b4af">
      <Output>
        <ErrorInfo>
          <Message>Assert.AreEqual failed. Expected:&lt;(null)&gt;. Actual:&lt;AdemolaTyper.ViewModels.TypeFaceViewModel&gt;. </Message>
          <StackTrace>   at AdemolaTyperTest.ViewModels.WordViewModelTests.Should_Pass_The_letter_to_the_current_word_viewmodel() in D:\Development\AdemolaTyper\AdemolaTyperTest\ViewModels\WordViewModelTests.cs:line 71
</StackTrace>
        </ErrorInfo>
      </Output>
    </UnitTestResult>
    <UnitTestResult executionId="92e1ddb2-377b-4403-81e6-340ce6629a86" testId="ee9a7b44-13f2-1479-7ecb-b3fb92e29b85" testName="ShouldCompareTheTypedCharAgainstTheCurrentLetterOfTheCurrentWord" computerName="WIN7-64-V8" duration="00:00:00.0005855" startTime="2010-10-04T23:05:34.6160000+01:00" endTime="2010-10-04T23:05:34.6180000+01:00" testType="13cdc9d9-ddb5-4fa4-a97d-d965ccfc6d4b" outcome="Passed" testListId="8c84fa94-04c1-424b-9868-57a2d4851a1d" relativeResultsDirectory="92e1ddb2-377b-4403-81e6-340ce6629a86">
    </UnitTestResult>
    <UnitTestResult executionId="2d850be9-4e61-4b21-94fc-be8068976059" testId="10fe7e01-a2f3-55bc-ee27-a170d021d54f" testName="ShouldSetTheStartTimeOnProcessStart" computerName="WIN7-64-V8" duration="00:00:00.0010344" startTime="2010-10-04T23:05:34.6200000+01:00" endTime="2010-10-04T23:05:34.6220000+01:00" testType="13cdc9d9-ddb5-4fa4-a97d-d965ccfc6d4b" outcome="Passed" testListId="8c84fa94-04c1-424b-9868-57a2d4851a1d" relativeResultsDirectory="2d850be9-4e61-4b21-94fc-be8068976059">
    </UnitTestResult>
    <UnitTestResult executionId="c7a6888b-50bf-4a18-b250-e1d051fcf677" testId="d00b2144-820f-6d3d-014c-c2637a035d1c" testName="ShouldStoreTheCurrentTypedLetter" computerName="WIN7-64-V8" duration="00:00:00.0006120" startTime="2010-10-04T23:05:34.6240000+01:00" endTime="2010-10-04T23:05:34.6250000+01:00" testType="13cdc9d9-ddb5-4fa4-a97d-d965ccfc6d4b" outcome="Passed" testListId="8c84fa94-04c1-424b-9868-57a2d4851a1d" relativeResultsDirectory="c7a6888b-50bf-4a18-b250-e1d051fcf677">
    </UnitTestResult>
  </Results>
</TestRun>