<?xml version="1.0" encoding="UTF-8"?>
<TestRun id="f50b7582-6b17-4ce4-a41f-daa40563e13f" name="abdulrahaman@WIN7-64-V8 2010-12-23 11:09:23" runUser="Win7-64-V8\abdulrahaman" xmlns="http://microsoft.com/schemas/VisualStudio/TeamTest/2010">
  <TestSettings name="Local" id="b1560943-7018-4910-abf8-da8c7b6eda55">
    <Description>These are default test settings for a local test run.</Description>
    <Deployment enabled="false" runDeploymentRoot="abdulrahaman_WIN7-64-V8 2010-12-23 11_09_23" />
    <Execution>
      <TestTypeSpecific />
      <AgentRule name="Execution Agents">
      </AgentRule>
    </Execution>
  </TestSettings>
  <Times creation="2010-12-23T11:09:23.6460000+00:00" queuing="2010-12-23T11:09:23.9180000+00:00" start="2010-12-23T11:09:24.1010000+00:00" finish="2010-12-23T11:09:25.5590000+00:00" />
  <ResultSummary outcome="Failed">
    <Counters total="13" executed="13" passed="12" error="0" failed="1" timeout="0" aborted="0" inconclusive="0" passedButRunAborted="0" notRunnable="0" notExecuted="0" disconnected="0" warning="0" completed="0" inProgress="0" pending="0" />
    <Output>
      <DebugTrace>TypeFaceViewModel () (28016690) Finalized
TypeFaceViewModel () (20271583) Finalized
HomeWindowViewModel () (30839945) Finalized
GameOneViewModel () (10550652) Finalized
TypeFaceViewModel () (36521503) Finalized
TypeFaceViewModel () (29891186) Finalized
TypeFaceViewModel () (35202676) Finalized
TypeFaceViewModel () (65213991) Finalized
TypeFaceViewModel () (12817802) Finalized
WordViewModel () (59468250) Finalized
TypeFaceViewModel () (36046524) Finalized
HomeWindowViewModel () (65021554) Finalized
TypeFaceViewModel () (59074265) Finalized
MenuViewModel () (30847984) Finalized
HomeWindowViewModel () (16775607) Finalized
TypeFaceViewModel () (56108077) Finalized
WordViewModel () (35725140) Finalized
TypeFaceViewModel () (4708139) Finalized
TypeFaceViewModel () (46796501) Finalized
WordViewModel () (19129248) Finalized
TypeFaceViewModel () (49746524) Finalized
TypeFaceViewModel () (52418312) Finalized
TypeFaceViewModel () (66678180) Finalized
WordViewModel () (4819414) Finalized
MenuViewModel () (27298277) Finalized
WordViewModel () (53575130) Finalized
TypeFaceViewModel () (27421915) Finalized
MenuViewModel () (31311384) Finalized
HomeWindowViewModel () (39396540) Finalized
MenuViewModel () (63231889) Finalized
HomeWindowViewModel () (40675990) Finalized
MenuViewModel () (37710283) Finalized
TypeFaceViewModel () (44489437) Finalized
WordViewModel () (15126797) Finalized
GameOneViewModel () (48306015) Finalized
MenuViewModel () (14463649) Finalized
HomeWindowViewModel () (26870164) Finalized
TypeFaceViewModel () (36352055) Finalized
WordViewModel () (3893898) Finalized
TypeFaceViewModel () (13884556) Finalized
TypeFaceViewModel () (51819071) Finalized
WordViewModel () (35232298) Finalized
GameOneViewModel () (46687954) Finalized
MenuViewModel () (31685424) Finalized
HomeWindowViewModel () (14439934) Finalized
TypeFaceViewModel () (65819452) Finalized
WordViewModel () (43241193) Finalized
TypeFaceViewModel () (22684935) Finalized
TypeFaceViewModel () (59617685) Finalized
TypeFaceViewModel () (17027219) Finalized
TypeFaceViewModel () (64544256) Finalized
</DebugTrace>
    </Output>
  </ResultSummary>
  <TestDefinitions>
    <UnitTest name="ShouldSetTheCurrentWorkspaceToGameOneViewModel" storage="d:\development\adetyper\adetyper\ademolatypertest\bin\debug\ademolatypertest.dll" id="86554665-dc66-0791-30b3-396bf871fed3">
      <Execution timeOut="1800000" id="32b20001-3526-4f4b-8fdb-97d841ccb4de" />
      <TestMethod codeBase="D:/Development/AdeTyper/AdeTyper/AdemolaTyperTest/bin/Debug/AdemolaTyperTest.DLL" adapterTypeName="Microsoft.VisualStudio.TestTools.TestTypes.Unit.UnitTestAdapter, Microsoft.VisualStudio.QualityTools.Tips.UnitTest.Adapter, Version=10.0.0.0, Culture=neutral, PublicKeyToken=b03f5f7f11d50a3a" className="AdemolaTyperTest.ViewModels.WhenHomeViewModelIsAskedToCloseMenuView, AdemolaTyperTest, Version=1.0.0.0, Culture=neutral, PublicKeyToken=null" name="ShouldSetTheCurrentWorkspaceToGameOneViewModel" />
    </UnitTest>
    <UnitTest name="Should_set_the_CurrentWord_when_the_CurrentWordIsProcessed_Command_is_fired" storage="d:\development\adetyper\adetyper\ademolatypertest\bin\debug\ademolatypertest.dll" id="0115b9c7-1e7a-61ce-8fe7-657e43ba04c3">
      <Execution timeOut="1800000" id="b5cc13b9-d15b-4434-b379-a88b7a17842a" />
      <TestMethod codeBase="D:/Development/AdeTyper/AdeTyper/AdemolaTyperTest/bin/Debug/AdemolaTyperTest.DLL" adapterTypeName="Microsoft.VisualStudio.TestTools.TestTypes.Unit.UnitTestAdapter, Microsoft.VisualStudio.QualityTools.Tips.UnitTest.Adapter, Version=10.0.0.0, Culture=neutral, PublicKeyToken=b03f5f7f11d50a3a" className="AdemolaTyperTest.ViewModels.GameOne.WhenProcessingGameOneViewModel, AdemolaTyperTest, Version=1.0.0.0, Culture=neutral, PublicKeyToken=null" name="Should_set_the_CurrentWord_when_the_CurrentWordIsProcessed_Command_is_fired" />
    </UnitTest>
    <UnitTest name="ShouldStoreTheCurrentTypedLetter" storage="d:\development\adetyper\adetyper\ademolatypertest\bin\debug\ademolatypertest.dll" id="d00b2144-820f-6d3d-014c-c2637a035d1c">
      <Execution timeOut="1800000" id="7df534cf-d9bf-43d0-90f9-f7fbd5f0d896" />
      <TestMethod codeBase="D:/Development/AdeTyper/AdeTyper/AdemolaTyperTest/bin/Debug/AdemolaTyperTest.DLL" adapterTypeName="Microsoft.VisualStudio.TestTools.TestTypes.Unit.UnitTestAdapter, Microsoft.VisualStudio.QualityTools.Tips.UnitTest.Adapter, Version=10.0.0.0, Culture=neutral, PublicKeyToken=b03f5f7f11d50a3a" className="AdemolaTyperTest.ViewModels.WordViewModelTests, AdemolaTyperTest, Version=1.0.0.0, Culture=neutral, PublicKeyToken=null" name="ShouldStoreTheCurrentTypedLetter" />
    </UnitTest>
    <UnitTest name="ShouldFireMenuViewCloseEvent" storage="d:\development\adetyper\adetyper\ademolatypertest\bin\debug\ademolatypertest.dll" id="a368f72d-8afc-b3cc-0dc5-6100dbc7da92">
      <Execution timeOut="1800000" id="0d75700d-ccf1-4a01-af45-cf026ad617d1" />
      <TestMethod codeBase="D:/Development/AdeTyper/AdeTyper/AdemolaTyperTest/bin/Debug/AdemolaTyperTest.DLL" adapterTypeName="Microsoft.VisualStudio.TestTools.TestTypes.Unit.UnitTestAdapter, Microsoft.VisualStudio.QualityTools.Tips.UnitTest.Adapter, Version=10.0.0.0, Culture=neutral, PublicKeyToken=b03f5f7f11d50a3a" className="AdemolaTyperTest.ViewModels.WhenMenuViewModelIsAskedToPlayGameOne, AdemolaTyperTest, Version=1.0.0.0, Culture=neutral, PublicKeyToken=null" name="ShouldFireMenuViewCloseEvent" />
    </UnitTest>
    <UnitTest name="ShouldLoadUpTheOptionsViewModelAsTheMainViewModel" storage="d:\development\adetyper\adetyper\ademolatypertest\bin\debug\ademolatypertest.dll" id="2a38c16d-ee06-7a93-80fe-c5421a186855">
      <Execution timeOut="1800000" id="4afc9c23-97e8-40e3-a486-fe874e7ee7a2" />
      <TestMethod codeBase="D:/Development/AdeTyper/AdeTyper/AdemolaTyperTest/bin/Debug/AdemolaTyperTest.DLL" adapterTypeName="Microsoft.VisualStudio.TestTools.TestTypes.Unit.UnitTestAdapter, Microsoft.VisualStudio.QualityTools.Tips.UnitTest.Adapter, Version=10.0.0.0, Culture=neutral, PublicKeyToken=b03f5f7f11d50a3a" className="AdemolaTyperTest.ViewModels.WhenHomeViewModelIsInstantiated, AdemolaTyperTest, Version=1.0.0.0, Culture=neutral, PublicKeyToken=null" name="ShouldLoadUpTheOptionsViewModelAsTheMainViewModel" />
    </UnitTest>
    <UnitTest name="ShouldFireGameOneEvent" storage="d:\development\adetyper\adetyper\ademolatypertest\bin\debug\ademolatypertest.dll" id="298bfbc1-b9de-e7db-4e1e-b187c97ce7ba">
      <Execution timeOut="1800000" id="913820b8-f710-41e8-8ea8-70704f52d1e7" />
      <TestMethod codeBase="D:/Development/AdeTyper/AdeTyper/AdemolaTyperTest/bin/Debug/AdemolaTyperTest.DLL" adapterTypeName="Microsoft.VisualStudio.TestTools.TestTypes.Unit.UnitTestAdapter, Microsoft.VisualStudio.QualityTools.Tips.UnitTest.Adapter, Version=10.0.0.0, Culture=neutral, PublicKeyToken=b03f5f7f11d50a3a" className="AdemolaTyperTest.ViewModels.WhenMenuViewModelIsAskedToPlayGameOne, AdemolaTyperTest, Version=1.0.0.0, Culture=neutral, PublicKeyToken=null" name="ShouldFireGameOneEvent" />
    </UnitTest>
    <UnitTest name="Should_set_the_completed_flag_when_the_last_word_has_been_processed" storage="d:\development\adetyper\adetyper\ademolatypertest\bin\debug\ademolatypertest.dll" id="648157f9-f5bc-a1a3-5d43-1c5426c2dfc1">
      <Execution timeOut="1800000" id="04a0c62b-6171-4b7d-8615-71522b4812ba" />
      <TestMethod codeBase="D:/Development/AdeTyper/AdeTyper/AdemolaTyperTest/bin/Debug/AdemolaTyperTest.DLL" adapterTypeName="Microsoft.VisualStudio.TestTools.TestTypes.Unit.UnitTestAdapter, Microsoft.VisualStudio.QualityTools.Tips.UnitTest.Adapter, Version=10.0.0.0, Culture=neutral, PublicKeyToken=b03f5f7f11d50a3a" className="AdemolaTyperTest.ViewModels.GameOne.WhenProcessingGameOneViewModel, AdemolaTyperTest, Version=1.0.0.0, Culture=neutral, PublicKeyToken=null" name="Should_set_the_completed_flag_when_the_last_word_has_been_processed" />
    </UnitTest>
    <UnitTest name="Should_calulate_and_return_type_speed" storage="d:\development\adetyper\adetyper\ademolatypertest\bin\debug\ademolatypertest.dll" id="7769eaa6-497f-dacf-de99-e86e773cadc6">
      <Execution timeOut="1800000" id="8a48ab51-17ec-41c8-b26b-798e85c04978" />
      <TestMethod codeBase="D:/Development/AdeTyper/AdeTyper/AdemolaTyperTest/bin/Debug/AdemolaTyperTest.DLL" adapterTypeName="Microsoft.VisualStudio.TestTools.TestTypes.Unit.UnitTestAdapter, Microsoft.VisualStudio.QualityTools.Tips.UnitTest.Adapter, Version=10.0.0.0, Culture=neutral, PublicKeyToken=b03f5f7f11d50a3a" className="AdemolaTyperTest.ViewModels.GameOne.WhenProcessingGameOneViewModel, AdemolaTyperTest, Version=1.0.0.0, Culture=neutral, PublicKeyToken=null" name="Should_calulate_and_return_type_speed" />
    </UnitTest>
    <UnitTest name="ShouldSetTheStartTimeOnProcessStart" storage="d:\development\adetyper\adetyper\ademolatypertest\bin\debug\ademolatypertest.dll" id="10fe7e01-a2f3-55bc-ee27-a170d021d54f">
      <Execution timeOut="1800000" id="9f59be82-fc98-4f90-888f-671951458668" />
      <TestMethod codeBase="D:/Development/AdeTyper/AdeTyper/AdemolaTyperTest/bin/Debug/AdemolaTyperTest.DLL" adapterTypeName="Microsoft.VisualStudio.TestTools.TestTypes.Unit.UnitTestAdapter, Microsoft.VisualStudio.QualityTools.Tips.UnitTest.Adapter, Version=10.0.0.0, Culture=neutral, PublicKeyToken=b03f5f7f11d50a3a" className="AdemolaTyperTest.ViewModels.WordViewModelTests, AdemolaTyperTest, Version=1.0.0.0, Culture=neutral, PublicKeyToken=null" name="ShouldSetTheStartTimeOnProcessStart" />
    </UnitTest>
    <UnitTest name="TestMethod1" storage="d:\development\adetyper\adetyper\ademolatypertest\bin\debug\ademolatypertest.dll" id="69dfb3d8-b49f-39f5-f3e0-1b2a4144efbd">
      <Execution timeOut="1800000" id="9c8f6e83-474e-4b4f-bb5b-7448046daa70" />
      <TestMethod codeBase="D:/Development/AdeTyper/AdeTyper/AdemolaTyperTest/bin/Debug/AdemolaTyperTest.DLL" adapterTypeName="Microsoft.VisualStudio.TestTools.TestTypes.Unit.UnitTestAdapter, Microsoft.VisualStudio.QualityTools.Tips.UnitTest.Adapter, Version=10.0.0.0, Culture=neutral, PublicKeyToken=b03f5f7f11d50a3a" className="AdemolaTyperTest.UnitTest1, AdemolaTyperTest, Version=1.0.0.0, Culture=neutral, PublicKeyToken=null" name="TestMethod1" />
    </UnitTest>
    <UnitTest name="ShouldMatchCharKeyWithWordLetter" storage="d:\development\adetyper\adetyper\ademolatypertest\bin\debug\ademolatypertest.dll" id="f21ef2a1-a532-ebe9-1048-cc013e958dad">
      <Execution timeOut="1800000" id="d858cc06-39a2-43a6-8d3b-4f0f9de8ead1" />
      <TestMethod codeBase="D:/Development/AdeTyper/AdeTyper/AdemolaTyperTest/bin/Debug/AdemolaTyperTest.DLL" adapterTypeName="Microsoft.VisualStudio.TestTools.TestTypes.Unit.UnitTestAdapter, Microsoft.VisualStudio.QualityTools.Tips.UnitTest.Adapter, Version=10.0.0.0, Culture=neutral, PublicKeyToken=b03f5f7f11d50a3a" className="AdemolaTyperTest.ViewModels.WordViewModelTests, AdemolaTyperTest, Version=1.0.0.0, Culture=neutral, PublicKeyToken=null" name="ShouldMatchCharKeyWithWordLetter" />
    </UnitTest>
    <UnitTest name="Should_fire_command_on_main_viewmodel_to_indicate_the_word_has_received_all_chars" storage="d:\development\adetyper\adetyper\ademolatypertest\bin\debug\ademolatypertest.dll" id="26728450-04b7-4a8c-efea-70fef7ec8e9d">
      <Execution timeOut="1800000" id="7be308d6-a5ac-4497-9216-21659bc3bfee" />
      <TestMethod codeBase="D:/Development/AdeTyper/AdeTyper/AdemolaTyperTest/bin/Debug/AdemolaTyperTest.DLL" adapterTypeName="Microsoft.VisualStudio.TestTools.TestTypes.Unit.UnitTestAdapter, Microsoft.VisualStudio.QualityTools.Tips.UnitTest.Adapter, Version=10.0.0.0, Culture=neutral, PublicKeyToken=b03f5f7f11d50a3a" className="AdemolaTyperTest.ViewModels.WordViewModelTests, AdemolaTyperTest, Version=1.0.0.0, Culture=neutral, PublicKeyToken=null" name="Should_fire_command_on_main_viewmodel_to_indicate_the_word_has_received_all_chars" />
    </UnitTest>
    <UnitTest name="Should_Pass_The_letter_to_the_current_word_viewmodel" storage="d:\development\adetyper\adetyper\ademolatypertest\bin\debug\ademolatypertest.dll" id="1ee798ed-32a0-8d93-805e-a33bfa8a8fb7">
      <Execution timeOut="1800000" id="f2a7cbcf-5c89-4418-b369-0128313407b3" />
      <TestMethod codeBase="D:/Development/AdeTyper/AdeTyper/AdemolaTyperTest/bin/Debug/AdemolaTyperTest.DLL" adapterTypeName="Microsoft.VisualStudio.TestTools.TestTypes.Unit.UnitTestAdapter, Microsoft.VisualStudio.QualityTools.Tips.UnitTest.Adapter, Version=10.0.0.0, Culture=neutral, PublicKeyToken=b03f5f7f11d50a3a" className="AdemolaTyperTest.ViewModels.WordViewModelTests, AdemolaTyperTest, Version=1.0.0.0, Culture=neutral, PublicKeyToken=null" name="Should_Pass_The_letter_to_the_current_word_viewmodel" />
    </UnitTest>
  </TestDefinitions>
  <TestLists>
    <TestList name="Results Not in a List" id="8c84fa94-04c1-424b-9868-57a2d4851a1d" />
    <TestList name="All Loaded Results" id="19431567-8539-422a-85d7-44ee4e166bda" />
  </TestLists>
  <TestEntries>
    <TestEntry testId="69dfb3d8-b49f-39f5-f3e0-1b2a4144efbd" executionId="9c8f6e83-474e-4b4f-bb5b-7448046daa70" testListId="8c84fa94-04c1-424b-9868-57a2d4851a1d" />
    <TestEntry testId="7769eaa6-497f-dacf-de99-e86e773cadc6" executionId="8a48ab51-17ec-41c8-b26b-798e85c04978" testListId="8c84fa94-04c1-424b-9868-57a2d4851a1d" />
    <TestEntry testId="648157f9-f5bc-a1a3-5d43-1c5426c2dfc1" executionId="04a0c62b-6171-4b7d-8615-71522b4812ba" testListId="8c84fa94-04c1-424b-9868-57a2d4851a1d" />
    <TestEntry testId="0115b9c7-1e7a-61ce-8fe7-657e43ba04c3" executionId="b5cc13b9-d15b-4434-b379-a88b7a17842a" testListId="8c84fa94-04c1-424b-9868-57a2d4851a1d" />
    <TestEntry testId="86554665-dc66-0791-30b3-396bf871fed3" executionId="32b20001-3526-4f4b-8fdb-97d841ccb4de" testListId="8c84fa94-04c1-424b-9868-57a2d4851a1d" />
    <TestEntry testId="2a38c16d-ee06-7a93-80fe-c5421a186855" executionId="4afc9c23-97e8-40e3-a486-fe874e7ee7a2" testListId="8c84fa94-04c1-424b-9868-57a2d4851a1d" />
    <TestEntry testId="298bfbc1-b9de-e7db-4e1e-b187c97ce7ba" executionId="913820b8-f710-41e8-8ea8-70704f52d1e7" testListId="8c84fa94-04c1-424b-9868-57a2d4851a1d" />
    <TestEntry testId="a368f72d-8afc-b3cc-0dc5-6100dbc7da92" executionId="0d75700d-ccf1-4a01-af45-cf026ad617d1" testListId="8c84fa94-04c1-424b-9868-57a2d4851a1d" />
    <TestEntry testId="26728450-04b7-4a8c-efea-70fef7ec8e9d" executionId="7be308d6-a5ac-4497-9216-21659bc3bfee" testListId="8c84fa94-04c1-424b-9868-57a2d4851a1d" />
    <TestEntry testId="1ee798ed-32a0-8d93-805e-a33bfa8a8fb7" executionId="f2a7cbcf-5c89-4418-b369-0128313407b3" testListId="8c84fa94-04c1-424b-9868-57a2d4851a1d" />
    <TestEntry testId="f21ef2a1-a532-ebe9-1048-cc013e958dad" executionId="d858cc06-39a2-43a6-8d3b-4f0f9de8ead1" testListId="8c84fa94-04c1-424b-9868-57a2d4851a1d" />
    <TestEntry testId="10fe7e01-a2f3-55bc-ee27-a170d021d54f" executionId="9f59be82-fc98-4f90-888f-671951458668" testListId="8c84fa94-04c1-424b-9868-57a2d4851a1d" />
    <TestEntry testId="d00b2144-820f-6d3d-014c-c2637a035d1c" executionId="7df534cf-d9bf-43d0-90f9-f7fbd5f0d896" testListId="8c84fa94-04c1-424b-9868-57a2d4851a1d" />
  </TestEntries>
  <Results>
    <UnitTestResult executionId="9c8f6e83-474e-4b4f-bb5b-7448046daa70" testId="69dfb3d8-b49f-39f5-f3e0-1b2a4144efbd" testName="TestMethod1" computerName="WIN7-64-V8" duration="00:00:00.0134268" startTime="2010-12-23T11:09:24.2240000+00:00" endTime="2010-12-23T11:09:24.3090000+00:00" testType="13cdc9d9-ddb5-4fa4-a97d-d965ccfc6d4b" outcome="Passed" testListId="8c84fa94-04c1-424b-9868-57a2d4851a1d" relativeResultsDirectory="9c8f6e83-474e-4b4f-bb5b-7448046daa70">
    </UnitTestResult>
    <UnitTestResult executionId="8a48ab51-17ec-41c8-b26b-798e85c04978" testId="7769eaa6-497f-dacf-de99-e86e773cadc6" testName="Should_calulate_and_return_type_speed" computerName="WIN7-64-V8" duration="00:00:00.8260551" startTime="2010-12-23T11:09:24.3130000+00:00" endTime="2010-12-23T11:09:25.1400000+00:00" testType="13cdc9d9-ddb5-4fa4-a97d-d965ccfc6d4b" outcome="Passed" testListId="8c84fa94-04c1-424b-9868-57a2d4851a1d" relativeResultsDirectory="8a48ab51-17ec-41c8-b26b-798e85c04978">
    </UnitTestResult>
    <UnitTestResult executionId="04a0c62b-6171-4b7d-8615-71522b4812ba" testId="648157f9-f5bc-a1a3-5d43-1c5426c2dfc1" testName="Should_set_the_completed_flag_when_the_last_word_has_been_processed" computerName="WIN7-64-V8" duration="00:00:00.0027608" startTime="2010-12-23T11:09:25.1430000+00:00" endTime="2010-12-23T11:09:25.1460000+00:00" testType="13cdc9d9-ddb5-4fa4-a97d-d965ccfc6d4b" outcome="Passed" testListId="8c84fa94-04c1-424b-9868-57a2d4851a1d" relativeResultsDirectory="04a0c62b-6171-4b7d-8615-71522b4812ba">
    </UnitTestResult>
    <UnitTestResult executionId="b5cc13b9-d15b-4434-b379-a88b7a17842a" testId="0115b9c7-1e7a-61ce-8fe7-657e43ba04c3" testName="Should_set_the_CurrentWord_when_the_CurrentWordIsProcessed_Command_is_fired" computerName="WIN7-64-V8" duration="00:00:00.0017847" startTime="2010-12-23T11:09:25.1490000+00:00" endTime="2010-12-23T11:09:25.1510000+00:00" testType="13cdc9d9-ddb5-4fa4-a97d-d965ccfc6d4b" outcome="Passed" testListId="8c84fa94-04c1-424b-9868-57a2d4851a1d" relativeResultsDirectory="b5cc13b9-d15b-4434-b379-a88b7a17842a">
    </UnitTestResult>
    <UnitTestResult executionId="32b20001-3526-4f4b-8fdb-97d841ccb4de" testId="86554665-dc66-0791-30b3-396bf871fed3" testName="ShouldSetTheCurrentWorkspaceToGameOneViewModel" computerName="WIN7-64-V8" duration="00:00:00.1710837" startTime="2010-12-23T11:09:25.1530000+00:00" endTime="2010-12-23T11:09:25.3260000+00:00" testType="13cdc9d9-ddb5-4fa4-a97d-d965ccfc6d4b" outcome="Passed" testListId="8c84fa94-04c1-424b-9868-57a2d4851a1d" relativeResultsDirectory="32b20001-3526-4f4b-8fdb-97d841ccb4de">
    </UnitTestResult>
    <UnitTestResult executionId="4afc9c23-97e8-40e3-a486-fe874e7ee7a2" testId="2a38c16d-ee06-7a93-80fe-c5421a186855" testName="ShouldLoadUpTheOptionsViewModelAsTheMainViewModel" computerName="WIN7-64-V8" duration="00:00:00.0005867" startTime="2010-12-23T11:09:25.3280000+00:00" endTime="2010-12-23T11:09:25.3300000+00:00" testType="13cdc9d9-ddb5-4fa4-a97d-d965ccfc6d4b" outcome="Passed" testListId="8c84fa94-04c1-424b-9868-57a2d4851a1d" relativeResultsDirectory="4afc9c23-97e8-40e3-a486-fe874e7ee7a2">
    </UnitTestResult>
    <UnitTestResult executionId="913820b8-f710-41e8-8ea8-70704f52d1e7" testId="298bfbc1-b9de-e7db-4e1e-b187c97ce7ba" testName="ShouldFireGameOneEvent" computerName="WIN7-64-V8" duration="00:00:00.0011435" startTime="2010-12-23T11:09:25.3330000+00:00" endTime="2010-12-23T11:09:25.3350000+00:00" testType="13cdc9d9-ddb5-4fa4-a97d-d965ccfc6d4b" outcome="Passed" testListId="8c84fa94-04c1-424b-9868-57a2d4851a1d" relativeResultsDirectory="913820b8-f710-41e8-8ea8-70704f52d1e7">
    </UnitTestResult>
    <UnitTestResult executionId="0d75700d-ccf1-4a01-af45-cf026ad617d1" testId="a368f72d-8afc-b3cc-0dc5-6100dbc7da92" testName="ShouldFireMenuViewCloseEvent" computerName="WIN7-64-V8" duration="00:00:00.0001793" startTime="2010-12-23T11:09:25.3370000+00:00" endTime="2010-12-23T11:09:25.3380000+00:00" testType="13cdc9d9-ddb5-4fa4-a97d-d965ccfc6d4b" outcome="Passed" testListId="8c84fa94-04c1-424b-9868-57a2d4851a1d" relativeResultsDirectory="0d75700d-ccf1-4a01-af45-cf026ad617d1">
    </UnitTestResult>
    <UnitTestResult executionId="7be308d6-a5ac-4497-9216-21659bc3bfee" testId="26728450-04b7-4a8c-efea-70fef7ec8e9d" testName="Should_fire_command_on_main_viewmodel_to_indicate_the_word_has_received_all_chars" computerName="WIN7-64-V8" duration="00:00:00.0331683" startTime="2010-12-23T11:09:25.3520000+00:00" endTime="2010-12-23T11:09:25.3940000+00:00" testType="13cdc9d9-ddb5-4fa4-a97d-d965ccfc6d4b" outcome="Failed" testListId="8c84fa94-04c1-424b-9868-57a2d4851a1d" relativeResultsDirectory="7be308d6-a5ac-4497-9216-21659bc3bfee">
      <Output>
        <DebugTrace>GameOneViewModel () (21315505) Finalized
MenuViewModel () (44265441) Finalized
GameOneViewModel () (3400449) Finalized
GameOneViewModel () (30479632) Finalized
GameOneViewModel () (56918544) Finalized
MenuViewModel () (10921472) Finalized
HomeWindowViewModel () (14613728) Finalized
TypeFaceViewModel () (44303023) Finalized
WordViewModel () (60502895) Finalized
TypeFaceViewModel () (3738399) Finalized
WordViewModel () (51632104) Finalized
GameOneViewModel () (13901810) Finalized
MenuViewModel () (63763137) Finalized
HomeWindowViewModel () (62721087) Finalized
TypeFaceViewModel () (29808750) Finalized
WordViewModel () (47694669) Finalized
TypeFaceViewModel () (40384732) Finalized
TypeFaceViewModel () (20686106) Finalized
TypeFaceViewModel () (2126857) Finalized
TypeFaceViewModel () (45093288) Finalized
TypeFaceViewModel () (34531831) Finalized
TypeFaceViewModel () (61630709) Finalized
TypeFaceViewModel () (195236) Finalized
WordViewModel () (34917191) Finalized
GameOneViewModel () (23855223) Finalized
MenuViewModel () (53610177) Finalized
HomeWindowViewModel () (24084091) Finalized
GameOneViewModel () (13927332) Finalized
MenuViewModel () (34091582) Finalized
MenuViewModel () (57189960) Finalized
HomeWindowViewModel () (51933294) Finalized
MenuViewModel () (35143968) Finalized
HomeWindowViewModel () (24181425) Finalized
TypeFaceViewModel () (61993842) Finalized
WordViewModel () (36550499) Finalized
TypeFaceViewModel () (42586755) Finalized
TypeFaceViewModel () (58642644) Finalized
TypeFaceViewModel () (26754645) Finalized
TypeFaceViewModel () (66365190) Finalized
TypeFaceViewModel () (17143526) Finalized
WordViewModel () (13660974) Finalized
MenuViewModel () (23442908) Finalized
</DebugTrace>
        <ErrorInfo>
          <Message>Assert.IsTrue failed. </Message>
          <StackTrace>   at AdemolaTyperTest.ViewModels.WordViewModelTests.Should_fire_command_on_main_viewmodel_to_indicate_the_word_has_received_all_chars() in D:\Development\AdeTyper\AdeTyper\AdemolaTyperTest\ViewModels\WordViewModelTests.cs:line 77
</StackTrace>
        </ErrorInfo>
      </Output>
    </UnitTestResult>
    <UnitTestResult executionId="f2a7cbcf-5c89-4418-b369-0128313407b3" testId="1ee798ed-32a0-8d93-805e-a33bfa8a8fb7" testName="Should_Pass_The_letter_to_the_current_word_viewmodel" computerName="WIN7-64-V8" duration="00:00:00.0099302" startTime="2010-12-23T11:09:25.3990000+00:00" endTime="2010-12-23T11:09:25.4180000+00:00" testType="13cdc9d9-ddb5-4fa4-a97d-d965ccfc6d4b" outcome="Passed" testListId="8c84fa94-04c1-424b-9868-57a2d4851a1d" relativeResultsDirectory="f2a7cbcf-5c89-4418-b369-0128313407b3">
      <Output>
        <DebugTrace>TypeFaceViewModel () (58376770) Finalized
TypeFaceViewModel () (41987735) Finalized
TypeFaceViewModel () (6757148) Finalized
GameOneViewModel () (62182353) Finalized
</DebugTrace>
      </Output>
    </UnitTestResult>
    <UnitTestResult executionId="d858cc06-39a2-43a6-8d3b-4f0f9de8ead1" testId="f21ef2a1-a532-ebe9-1048-cc013e958dad" testName="ShouldMatchCharKeyWithWordLetter" computerName="WIN7-64-V8" duration="00:00:00.0110484" startTime="2010-12-23T11:09:25.4210000+00:00" endTime="2010-12-23T11:09:25.4390000+00:00" testType="13cdc9d9-ddb5-4fa4-a97d-d965ccfc6d4b" outcome="Passed" testListId="8c84fa94-04c1-424b-9868-57a2d4851a1d" relativeResultsDirectory="d858cc06-39a2-43a6-8d3b-4f0f9de8ead1">
      <Output>
        <DebugTrace>MenuViewModel () (36224673) Finalized
</DebugTrace>
      </Output>
    </UnitTestResult>
    <UnitTestResult executionId="9f59be82-fc98-4f90-888f-671951458668" testId="10fe7e01-a2f3-55bc-ee27-a170d021d54f" testName="ShouldSetTheStartTimeOnProcessStart" computerName="WIN7-64-V8" duration="00:00:00.0059955" startTime="2010-12-23T11:09:25.4420000+00:00" endTime="2010-12-23T11:09:25.4560000+00:00" testType="13cdc9d9-ddb5-4fa4-a97d-d965ccfc6d4b" outcome="Passed" testListId="8c84fa94-04c1-424b-9868-57a2d4851a1d" relativeResultsDirectory="9f59be82-fc98-4f90-888f-671951458668">
      <Output>
        <DebugTrace>MenuViewModel () (48297296) Finalized
</DebugTrace>
      </Output>
    </UnitTestResult>
    <UnitTestResult executionId="7df534cf-d9bf-43d0-90f9-f7fbd5f0d896" testId="d00b2144-820f-6d3d-014c-c2637a035d1c" testName="ShouldStoreTheCurrentTypedLetter" computerName="WIN7-64-V8" duration="00:00:00.0094230" startTime="2010-12-23T11:09:25.4600000+00:00" endTime="2010-12-23T11:09:25.4750000+00:00" testType="13cdc9d9-ddb5-4fa4-a97d-d965ccfc6d4b" outcome="Passed" testListId="8c84fa94-04c1-424b-9868-57a2d4851a1d" relativeResultsDirectory="7df534cf-d9bf-43d0-90f9-f7fbd5f0d896">
      <Output>
        <DebugTrace>MenuViewModel () (59384597) Finalized
TypeFaceViewModel () (61599786) Finalized
</DebugTrace>
      </Output>
    </UnitTestResult>
  </Results>
</TestRun>