<?xml version="1.0" encoding="UTF-8"?>
<TestRun id="cb64b9ac-a84c-425e-8132-ef5a5794ee22" name="abdulrahaman@WIN7-64-V8 2010-12-17 21:32:11" runUser="Win7-64-V8\abdulrahaman" xmlns="http://microsoft.com/schemas/VisualStudio/TeamTest/2010">
  <TestSettings name="Local" id="b1560943-7018-4910-abf8-da8c7b6eda55">
    <Description>These are default test settings for a local test run.</Description>
    <Deployment enabled="false" runDeploymentRoot="abdulrahaman_WIN7-64-V8 2010-12-17 21_32_11" />
    <Execution>
      <TestTypeSpecific />
      <AgentRule name="Execution Agents">
      </AgentRule>
    </Execution>
  </TestSettings>
  <Times creation="2010-12-17T21:32:11.7054000+00:00" queuing="2010-12-17T21:32:12.0894000+00:00" start="2010-12-17T21:32:12.3984000+00:00" finish="2010-12-17T21:32:13.1104000+00:00" />
  <ResultSummary outcome="Completed">
    <Counters total="1" executed="1" passed="1" error="0" failed="0" timeout="0" aborted="0" inconclusive="0" passedButRunAborted="0" notRunnable="0" notExecuted="0" disconnected="0" warning="0" completed="0" inProgress="0" pending="0" />
  </ResultSummary>
  <TestDefinitions>
    <UnitTest name="ShouldFireGameOneEvent" storage="d:\development\adetyper\adetyper\ademolatypertest\bin\debug\ademolatypertest.dll" id="298bfbc1-b9de-e7db-4e1e-b187c97ce7ba">
      <Execution timeOut="1800000" id="b8e1aec4-217a-4d3f-b903-7262004e617e" />
      <TestMethod codeBase="D:/Development/AdeTyper/AdeTyper/AdemolaTyperTest/bin/Debug/AdemolaTyperTest.DLL" adapterTypeName="Microsoft.VisualStudio.TestTools.TestTypes.Unit.UnitTestAdapter, Microsoft.VisualStudio.QualityTools.Tips.UnitTest.Adapter, Version=10.0.0.0, Culture=neutral, PublicKeyToken=b03f5f7f11d50a3a" className="AdemolaTyperTest.ViewModels.WhenMenuViewModelIsAskedToPlayGameOne, AdemolaTyperTest, Version=1.0.0.0, Culture=neutral, PublicKeyToken=null" name="ShouldFireGameOneEvent" />
    </UnitTest>
  </TestDefinitions>
  <TestLists>
    <TestList name="Results Not in a List" id="8c84fa94-04c1-424b-9868-57a2d4851a1d" />
    <TestList name="All Loaded Results" id="19431567-8539-422a-85d7-44ee4e166bda" />
  </TestLists>
  <TestEntries>
    <TestEntry testId="298bfbc1-b9de-e7db-4e1e-b187c97ce7ba" executionId="b8e1aec4-217a-4d3f-b903-7262004e617e" testListId="8c84fa94-04c1-424b-9868-57a2d4851a1d" />
  </TestEntries>
  <Results>
    <UnitTestResult executionId="b8e1aec4-217a-4d3f-b903-7262004e617e" testId="298bfbc1-b9de-e7db-4e1e-b187c97ce7ba" testName="ShouldFireGameOneEvent" computerName="WIN7-64-V8" duration="00:00:00.0913555" startTime="2010-12-17T21:32:12.8824000+00:00" endTime="2010-12-17T21:32:13.0344000+00:00" testType="13cdc9d9-ddb5-4fa4-a97d-d965ccfc6d4b" outcome="Passed" testListId="8c84fa94-04c1-424b-9868-57a2d4851a1d" relativeResultsDirectory="b8e1aec4-217a-4d3f-b903-7262004e617e">
    </UnitTestResult>
  </Results>
</TestRun>