<?xml version="1.0" encoding="UTF-8"?>
<TestRun id="23da68da-4a3a-447a-83d4-60dbb528f8b5" name="abdulrahaman@WIN7-64-V8 2010-10-07 22:50:16" runUser="Win7-64-V8\abdulrahaman" xmlns="http://microsoft.com/schemas/VisualStudio/TeamTest/2010">
  <TestSettings name="Local" id="b1560943-7018-4910-abf8-da8c7b6eda55">
    <Description>These are default test settings for a local test run.</Description>
    <Deployment enabled="false" runDeploymentRoot="abdulrahaman_WIN7-64-V8 2010-10-07 22_50_16" />
    <Execution>
      <TestTypeSpecific />
      <AgentRule name="Execution Agents">
      </AgentRule>
    </Execution>
  </TestSettings>
  <Times creation="2010-10-07T22:50:16.3690000+01:00" queuing="2010-10-07T22:50:16.6320000+01:00" start="2010-10-07T22:50:16.8110000+01:00" finish="2010-10-07T22:50:17.4270000+01:00" />
  <ResultSummary outcome="Failed">
    <Counters total="2" executed="2" passed="1" error="0" failed="1" timeout="0" aborted="0" inconclusive="0" passedButRunAborted="0" notRunnable="0" notExecuted="0" disconnected="0" warning="0" completed="0" inProgress="0" pending="0" />
  </ResultSummary>
  <TestDefinitions>
    <UnitTest name="Should_set_the_CurrentWord_when_the_CurrentWordIsProcessed_Command_is_fired" storage="d:\development\ademolatyper\ademolatypertest\bin\debug\ademolatypertest.dll" id="03abf6ce-3b1f-929f-8747-edf5af7ff1cf">
      <Execution timeOut="1800000" id="3af397df-5c93-4135-b59e-efd265b99531" />
      <TestMethod codeBase="D:/Development/AdemolaTyper/AdemolaTyperTest/bin/Debug/AdemolaTyperTest.DLL" adapterTypeName="Microsoft.VisualStudio.TestTools.TestTypes.Unit.UnitTestAdapter, Microsoft.VisualStudio.QualityTools.Tips.UnitTest.Adapter, Version=10.0.0.0, Culture=neutral, PublicKeyToken=b03f5f7f11d50a3a" className="AdemolaTyperTest.ViewModels.MainViewModelTests, AdemolaTyperTest, Version=1.0.0.0, Culture=neutral, PublicKeyToken=null" name="Should_set_the_CurrentWord_when_the_CurrentWordIsProcessed_Command_is_fired" />
    </UnitTest>
    <UnitTest name="Should_set_the_completed_flag_when_the_last_word_has_been_processed" storage="d:\development\ademolatyper\ademolatypertest\bin\debug\ademolatypertest.dll" id="aaecfb31-57a6-55b3-93f3-20aee1425cb5">
      <Execution timeOut="1800000" id="643d1994-a7b4-4281-ba73-4e1416915d3b" />
      <TestMethod codeBase="D:/Development/AdemolaTyper/AdemolaTyperTest/bin/Debug/AdemolaTyperTest.DLL" adapterTypeName="Microsoft.VisualStudio.TestTools.TestTypes.Unit.UnitTestAdapter, Microsoft.VisualStudio.QualityTools.Tips.UnitTest.Adapter, Version=10.0.0.0, Culture=neutral, PublicKeyToken=b03f5f7f11d50a3a" className="AdemolaTyperTest.ViewModels.MainViewModelTests, AdemolaTyperTest, Version=1.0.0.0, Culture=neutral, PublicKeyToken=null" name="Should_set_the_completed_flag_when_the_last_word_has_been_processed" />
    </UnitTest>
  </TestDefinitions>
  <TestLists>
    <TestList name="Results Not in a List" id="8c84fa94-04c1-424b-9868-57a2d4851a1d" />
    <TestList name="All Loaded Results" id="19431567-8539-422a-85d7-44ee4e166bda" />
  </TestLists>
  <TestEntries>
    <TestEntry testId="aaecfb31-57a6-55b3-93f3-20aee1425cb5" executionId="643d1994-a7b4-4281-ba73-4e1416915d3b" testListId="8c84fa94-04c1-424b-9868-57a2d4851a1d" />
    <TestEntry testId="03abf6ce-3b1f-929f-8747-edf5af7ff1cf" executionId="3af397df-5c93-4135-b59e-efd265b99531" testListId="8c84fa94-04c1-424b-9868-57a2d4851a1d" />
  </TestEntries>
  <Results>
    <UnitTestResult executionId="643d1994-a7b4-4281-ba73-4e1416915d3b" testId="aaecfb31-57a6-55b3-93f3-20aee1425cb5" testName="Should_set_the_completed_flag_when_the_last_word_has_been_processed" computerName="WIN7-64-V8" duration="00:00:00.2496155" startTime="2010-10-07T22:50:17.0420000+01:00" endTime="2010-10-07T22:50:17.3490000+01:00" testType="13cdc9d9-ddb5-4fa4-a97d-d965ccfc6d4b" outcome="Failed" testListId="8c84fa94-04c1-424b-9868-57a2d4851a1d" relativeResultsDirectory="643d1994-a7b4-4281-ba73-4e1416915d3b">
      <Output>
        <ErrorInfo>
          <Message>Assert.IsTrue failed. </Message>
          <StackTrace>   at AdemolaTyperTest.ViewModels.MainViewModelTests.Should_set_the_completed_flag_when_the_last_word_has_been_processed() in D:\Development\AdemolaTyper\AdemolaTyperTest\ViewModels\MainViewModelTests.cs:line 54
</StackTrace>
        </ErrorInfo>
      </Output>
    </UnitTestResult>
    <UnitTestResult executionId="3af397df-5c93-4135-b59e-efd265b99531" testId="03abf6ce-3b1f-929f-8747-edf5af7ff1cf" testName="Should_set_the_CurrentWord_when_the_CurrentWordIsProcessed_Command_is_fired" computerName="WIN7-64-V8" duration="00:00:00.0014076" startTime="2010-10-07T22:50:17.3520000+01:00" endTime="2010-10-07T22:50:17.3540000+01:00" testType="13cdc9d9-ddb5-4fa4-a97d-d965ccfc6d4b" outcome="Passed" testListId="8c84fa94-04c1-424b-9868-57a2d4851a1d" relativeResultsDirectory="3af397df-5c93-4135-b59e-efd265b99531">
    </UnitTestResult>
  </Results>
</TestRun>