<?xml version="1.0" encoding="UTF-8"?>
<TestRun id="635296fb-42ca-423c-97fe-ae61f3656007" name="abdulrahaman@WIN7-64-V8 2010-12-19 15:02:50" runUser="Win7-64-V8\abdulrahaman" xmlns="http://microsoft.com/schemas/VisualStudio/TeamTest/2010">
  <TestSettings name="Local" id="b1560943-7018-4910-abf8-da8c7b6eda55">
    <Description>These are default test settings for a local test run.</Description>
    <Deployment enabled="false" runDeploymentRoot="abdulrahaman_WIN7-64-V8 2010-12-19 15_02_50" />
    <Execution>
      <TestTypeSpecific />
      <AgentRule name="Execution Agents">
      </AgentRule>
    </Execution>
  </TestSettings>
  <Times creation="2010-12-19T15:02:50.7156000+00:00" queuing="2010-12-19T15:02:51.0056000+00:00" start="2010-12-19T15:02:51.1916000+00:00" finish="2010-12-19T15:02:51.7166000+00:00" />
  <ResultSummary outcome="Failed">
    <Counters total="3" executed="3" error="0" failed="3" timeout="0" aborted="0" inconclusive="0" passedButRunAborted="0" notRunnable="0" notExecuted="0" disconnected="0" warning="0" passed="0" completed="0" inProgress="0" pending="0" />
  </ResultSummary>
  <TestDefinitions>
    <UnitTest name="Should_set_the_CurrentWord_when_the_CurrentWordIsProcessed_Command_is_fired" storage="d:\development\adetyper\adetyper\ademolatypertest\bin\debug\ademolatypertest.dll" id="0115b9c7-1e7a-61ce-8fe7-657e43ba04c3">
      <Execution timeOut="1800000" id="b7640114-8990-46ae-8d47-265e4535328e" />
      <TestMethod codeBase="D:/Development/AdeTyper/AdeTyper/AdemolaTyperTest/bin/Debug/AdemolaTyperTest.DLL" adapterTypeName="Microsoft.VisualStudio.TestTools.TestTypes.Unit.UnitTestAdapter, Microsoft.VisualStudio.QualityTools.Tips.UnitTest.Adapter, Version=10.0.0.0, Culture=neutral, PublicKeyToken=b03f5f7f11d50a3a" className="AdemolaTyperTest.ViewModels.GameOne.WhenProcessingGameOneViewModel, AdemolaTyperTest, Version=1.0.0.0, Culture=neutral, PublicKeyToken=null" name="Should_set_the_CurrentWord_when_the_CurrentWordIsProcessed_Command_is_fired" />
    </UnitTest>
    <UnitTest name="Should_calulate_and_return_type_speed" storage="d:\development\adetyper\adetyper\ademolatypertest\bin\debug\ademolatypertest.dll" id="7769eaa6-497f-dacf-de99-e86e773cadc6">
      <Execution timeOut="1800000" id="d45d0b51-bec9-4b18-9bb7-259c57167dae" />
      <TestMethod codeBase="D:/Development/AdeTyper/AdeTyper/AdemolaTyperTest/bin/Debug/AdemolaTyperTest.DLL" adapterTypeName="Microsoft.VisualStudio.TestTools.TestTypes.Unit.UnitTestAdapter, Microsoft.VisualStudio.QualityTools.Tips.UnitTest.Adapter, Version=10.0.0.0, Culture=neutral, PublicKeyToken=b03f5f7f11d50a3a" className="AdemolaTyperTest.ViewModels.GameOne.WhenProcessingGameOneViewModel, AdemolaTyperTest, Version=1.0.0.0, Culture=neutral, PublicKeyToken=null" name="Should_calulate_and_return_type_speed" />
    </UnitTest>
    <UnitTest name="Should_set_the_completed_flag_when_the_last_word_has_been_processed" storage="d:\development\adetyper\adetyper\ademolatypertest\bin\debug\ademolatypertest.dll" id="648157f9-f5bc-a1a3-5d43-1c5426c2dfc1">
      <Execution timeOut="1800000" id="412cfdda-ad78-4884-8513-5a199b0cfcc0" />
      <TestMethod codeBase="D:/Development/AdeTyper/AdeTyper/AdemolaTyperTest/bin/Debug/AdemolaTyperTest.DLL" adapterTypeName="Microsoft.VisualStudio.TestTools.TestTypes.Unit.UnitTestAdapter, Microsoft.VisualStudio.QualityTools.Tips.UnitTest.Adapter, Version=10.0.0.0, Culture=neutral, PublicKeyToken=b03f5f7f11d50a3a" className="AdemolaTyperTest.ViewModels.GameOne.WhenProcessingGameOneViewModel, AdemolaTyperTest, Version=1.0.0.0, Culture=neutral, PublicKeyToken=null" name="Should_set_the_completed_flag_when_the_last_word_has_been_processed" />
    </UnitTest>
  </TestDefinitions>
  <TestLists>
    <TestList name="Results Not in a List" id="8c84fa94-04c1-424b-9868-57a2d4851a1d" />
    <TestList name="All Loaded Results" id="19431567-8539-422a-85d7-44ee4e166bda" />
  </TestLists>
  <TestEntries>
    <TestEntry testId="7769eaa6-497f-dacf-de99-e86e773cadc6" executionId="d45d0b51-bec9-4b18-9bb7-259c57167dae" testListId="8c84fa94-04c1-424b-9868-57a2d4851a1d" />
    <TestEntry testId="648157f9-f5bc-a1a3-5d43-1c5426c2dfc1" executionId="412cfdda-ad78-4884-8513-5a199b0cfcc0" testListId="8c84fa94-04c1-424b-9868-57a2d4851a1d" />
    <TestEntry testId="0115b9c7-1e7a-61ce-8fe7-657e43ba04c3" executionId="b7640114-8990-46ae-8d47-265e4535328e" testListId="8c84fa94-04c1-424b-9868-57a2d4851a1d" />
  </TestEntries>
  <Results>
    <UnitTestResult executionId="d45d0b51-bec9-4b18-9bb7-259c57167dae" testId="7769eaa6-497f-dacf-de99-e86e773cadc6" testName="Should_calulate_and_return_type_speed" computerName="WIN7-64-V8" duration="00:00:00.2392714" startTime="2010-12-19T15:02:51.3156000+00:00" endTime="2010-12-19T15:02:51.6246000+00:00" testType="13cdc9d9-ddb5-4fa4-a97d-d965ccfc6d4b" outcome="Failed" testListId="8c84fa94-04c1-424b-9868-57a2d4851a1d" relativeResultsDirectory="d45d0b51-bec9-4b18-9bb7-259c57167dae">
      <Output>
        <ErrorInfo>
          <Message>Test method AdemolaTyperTest.ViewModels.GameOne.WhenProcessingGameOneViewModel.Should_calulate_and_return_type_speed threw exception: 
System.NullReferenceException: Object reference not set to an instance of an object.</Message>
          <StackTrace>    at AdemolaTyper.ViewModels.GameOneViewModel.LoadData() in D:\Development\AdeTyper\AdeTyper\AdemolaTyper\ViewModels\GameOneViewModel.cs:line 59
   at AdemolaTyper.ViewModels.GameOneViewModel.get_Words() in D:\Development\AdeTyper\AdeTyper\AdemolaTyper\ViewModels\GameOneViewModel.cs:line 45
   at AdemolaTyper.ViewModels.GameOneViewModel.AddWord(WordViewModel wordToAdd) in D:\Development\AdeTyper\AdeTyper\AdemolaTyper\ViewModels\GameOneViewModel.cs:line 160
   at AdemolaTyper.ViewModels.GameOneViewModel.AddWords(ObservableCollection`1 initializeDummyData) in D:\Development\AdeTyper\AdeTyper\AdemolaTyper\ViewModels\GameOneViewModel.cs:line 143
   at AdemolaTyperTest.ViewModels.GameOne.WhenProcessingGameOneViewModel.Should_calulate_and_return_type_speed() in D:\Development\AdeTyper\AdeTyper\AdemolaTyperTest\ViewModels\GameOne\WhenProcessingGameOneViewModel.cs:line 63
</StackTrace>
        </ErrorInfo>
      </Output>
    </UnitTestResult>
    <UnitTestResult executionId="412cfdda-ad78-4884-8513-5a199b0cfcc0" testId="648157f9-f5bc-a1a3-5d43-1c5426c2dfc1" testName="Should_set_the_completed_flag_when_the_last_word_has_been_processed" computerName="WIN7-64-V8" duration="00:00:00.0013712" startTime="2010-12-19T15:02:51.6286000+00:00" endTime="2010-12-19T15:02:51.6306000+00:00" testType="13cdc9d9-ddb5-4fa4-a97d-d965ccfc6d4b" outcome="Failed" testListId="8c84fa94-04c1-424b-9868-57a2d4851a1d" relativeResultsDirectory="412cfdda-ad78-4884-8513-5a199b0cfcc0">
      <Output>
        <ErrorInfo>
          <Message>Test method AdemolaTyperTest.ViewModels.GameOne.WhenProcessingGameOneViewModel.Should_set_the_completed_flag_when_the_last_word_has_been_processed threw exception: 
System.NullReferenceException: Object reference not set to an instance of an object.</Message>
          <StackTrace>    at AdemolaTyper.ViewModels.GameOneViewModel.LoadData() in D:\Development\AdeTyper\AdeTyper\AdemolaTyper\ViewModels\GameOneViewModel.cs:line 59
   at AdemolaTyper.ViewModels.GameOneViewModel.get_Words() in D:\Development\AdeTyper\AdeTyper\AdemolaTyper\ViewModels\GameOneViewModel.cs:line 45
   at AdemolaTyper.ViewModels.GameOneViewModel.AddWord(WordViewModel wordToAdd) in D:\Development\AdeTyper\AdeTyper\AdemolaTyper\ViewModels\GameOneViewModel.cs:line 160
   at AdemolaTyperTest.ViewModels.GameOne.WhenProcessingGameOneViewModel.Should_set_the_completed_flag_when_the_last_word_has_been_processed() in D:\Development\AdeTyper\AdeTyper\AdemolaTyperTest\ViewModels\GameOne\WhenProcessingGameOneViewModel.cs:line 40
</StackTrace>
        </ErrorInfo>
      </Output>
    </UnitTestResult>
    <UnitTestResult executionId="b7640114-8990-46ae-8d47-265e4535328e" testId="0115b9c7-1e7a-61ce-8fe7-657e43ba04c3" testName="Should_set_the_CurrentWord_when_the_CurrentWordIsProcessed_Command_is_fired" computerName="WIN7-64-V8" duration="00:00:00.0013109" startTime="2010-12-19T15:02:51.6366000+00:00" endTime="2010-12-19T15:02:51.6386000+00:00" testType="13cdc9d9-ddb5-4fa4-a97d-d965ccfc6d4b" outcome="Failed" testListId="8c84fa94-04c1-424b-9868-57a2d4851a1d" relativeResultsDirectory="b7640114-8990-46ae-8d47-265e4535328e">
      <Output>
        <ErrorInfo>
          <Message>Test method AdemolaTyperTest.ViewModels.GameOne.WhenProcessingGameOneViewModel.Should_set_the_CurrentWord_when_the_CurrentWordIsProcessed_Command_is_fired threw exception: 
System.NullReferenceException: Object reference not set to an instance of an object.</Message>
          <StackTrace>    at AdemolaTyper.ViewModels.GameOneViewModel.LoadData() in D:\Development\AdeTyper\AdeTyper\AdemolaTyper\ViewModels\GameOneViewModel.cs:line 59
   at AdemolaTyper.ViewModels.GameOneViewModel.get_Words() in D:\Development\AdeTyper\AdeTyper\AdemolaTyper\ViewModels\GameOneViewModel.cs:line 45
   at AdemolaTyper.ViewModels.GameOneViewModel.AddWord(WordViewModel wordToAdd) in D:\Development\AdeTyper\AdeTyper\AdemolaTyper\ViewModels\GameOneViewModel.cs:line 160
   at AdemolaTyperTest.ViewModels.GameOne.WhenProcessingGameOneViewModel.Should_set_the_CurrentWord_when_the_CurrentWordIsProcessed_Command_is_fired() in D:\Development\AdeTyper\AdeTyper\AdemolaTyperTest\ViewModels\GameOne\WhenProcessingGameOneViewModel.cs:line 16
</StackTrace>
        </ErrorInfo>
      </Output>
    </UnitTestResult>
  </Results>
</TestRun>