<?xml version="1.0" encoding="UTF-8"?>
<TestRun id="b426440f-ddf6-4e48-889a-fceacfb05fa2" name="abdulrahaman@WIN7-64-V8 2010-10-04 22:08:44" runUser="Win7-64-V8\abdulrahaman" xmlns="http://microsoft.com/schemas/VisualStudio/TeamTest/2010">
  <TestSettings name="Local" id="b1560943-7018-4910-abf8-da8c7b6eda55">
    <Description>These are default test settings for a local test run.</Description>
    <Deployment enabled="false" runDeploymentRoot="abdulrahaman_WIN7-64-V8 2010-10-04 22_08_44" />
    <Execution>
      <TestTypeSpecific />
      <AgentRule name="Execution Agents">
      </AgentRule>
    </Execution>
  </TestSettings>
  <Times creation="2010-10-04T22:08:44.8450000+01:00" queuing="2010-10-04T22:08:45.1060000+01:00" start="2010-10-04T22:08:45.2830000+01:00" finish="2010-10-04T22:08:45.6680000+01:00" />
  <ResultSummary outcome="Failed">
    <Counters total="1" executed="1" error="0" failed="1" timeout="0" aborted="0" inconclusive="0" passedButRunAborted="0" notRunnable="0" notExecuted="0" disconnected="0" warning="0" passed="0" completed="0" inProgress="0" pending="0" />
  </ResultSummary>
  <TestDefinitions>
    <UnitTest name="ShouldCompareTheTypedCharAgainstTheCurrentLetterOfTheCurrentWord" storage="d:\development\ademolatyper\ademolatypertest\bin\debug\ademolatypertest.dll" id="ee9a7b44-13f2-1479-7ecb-b3fb92e29b85">
      <Execution timeOut="1800000" id="73cc5e88-1934-4c15-b0c8-c6404c6c1fdd" />
      <TestMethod codeBase="D:/Development/AdemolaTyper/AdemolaTyperTest/bin/Debug/AdemolaTyperTest.DLL" adapterTypeName="Microsoft.VisualStudio.TestTools.TestTypes.Unit.UnitTestAdapter, Microsoft.VisualStudio.QualityTools.Tips.UnitTest.Adapter, Version=10.0.0.0, Culture=neutral, PublicKeyToken=b03f5f7f11d50a3a" className="AdemolaTyperTest.ViewModels.WordViewModelTests, AdemolaTyperTest, Version=1.0.0.0, Culture=neutral, PublicKeyToken=null" name="ShouldCompareTheTypedCharAgainstTheCurrentLetterOfTheCurrentWord" />
    </UnitTest>
  </TestDefinitions>
  <TestLists>
    <TestList name="Results Not in a List" id="8c84fa94-04c1-424b-9868-57a2d4851a1d" />
    <TestList name="All Loaded Results" id="19431567-8539-422a-85d7-44ee4e166bda" />
  </TestLists>
  <TestEntries>
    <TestEntry testId="ee9a7b44-13f2-1479-7ecb-b3fb92e29b85" executionId="73cc5e88-1934-4c15-b0c8-c6404c6c1fdd" testListId="8c84fa94-04c1-424b-9868-57a2d4851a1d" />
  </TestEntries>
  <Results>
    <UnitTestResult executionId="73cc5e88-1934-4c15-b0c8-c6404c6c1fdd" testId="ee9a7b44-13f2-1479-7ecb-b3fb92e29b85" testName="ShouldCompareTheTypedCharAgainstTheCurrentLetterOfTheCurrentWord" computerName="WIN7-64-V8" duration="00:00:00.1223509" startTime="2010-10-04T22:08:45.4050000+01:00" endTime="2010-10-04T22:08:45.5940000+01:00" testType="13cdc9d9-ddb5-4fa4-a97d-d965ccfc6d4b" outcome="Failed" testListId="8c84fa94-04c1-424b-9868-57a2d4851a1d" relativeResultsDirectory="73cc5e88-1934-4c15-b0c8-c6404c6c1fdd">
      <Output>
        <ErrorInfo>
          <Message>Assert.IsTrue failed. </Message>
          <StackTrace>   at AdemolaTyperTest.ViewModels.WordViewModelTests.ShouldCompareTheTypedCharAgainstTheCurrentLetterOfTheCurrentWord() in D:\Development\AdemolaTyper\AdemolaTyperTest\ViewModels\WordViewModelTests.cs:line 44
</StackTrace>
        </ErrorInfo>
      </Output>
    </UnitTestResult>
  </Results>
</TestRun>