<?xml version="1.0" encoding="UTF-8"?>
<TestRun id="ea56b37e-d609-45d3-b1e3-d6ec645041d1" name="abdulrahaman@WIN7-64-V8 2010-10-04 23:25:54" runUser="Win7-64-V8\abdulrahaman" xmlns="http://microsoft.com/schemas/VisualStudio/TeamTest/2010">
  <TestSettings name="Local" id="b1560943-7018-4910-abf8-da8c7b6eda55">
    <Description>These are default test settings for a local test run.</Description>
    <Deployment enabled="false" runDeploymentRoot="abdulrahaman_WIN7-64-V8 2010-10-04 23_25_54" />
    <Execution>
      <TestTypeSpecific />
      <AgentRule name="Execution Agents">
      </AgentRule>
    </Execution>
  </TestSettings>
  <Times creation="2010-10-04T23:25:54.8680000+01:00" queuing="2010-10-04T23:25:55.1340000+01:00" start="2010-10-04T23:25:55.3130000+01:00" finish="2010-10-04T23:25:55.7160000+01:00" />
  <ResultSummary outcome="Completed">
    <Counters total="4" executed="4" passed="4" error="0" failed="0" timeout="0" aborted="0" inconclusive="0" passedButRunAborted="0" notRunnable="0" notExecuted="0" disconnected="0" warning="0" completed="0" inProgress="0" pending="0" />
  </ResultSummary>
  <TestDefinitions>
    <UnitTest name="ShouldCompareTheTypedCharAgainstTheCurrentLetterOfTheCurrentWord" storage="d:\development\ademolatyper\ademolatypertest\bin\debug\ademolatypertest.dll" id="ee9a7b44-13f2-1479-7ecb-b3fb92e29b85">
      <Execution timeOut="1800000" id="2ea24767-a78a-4bfe-89a9-e4e1bc7c4288" />
      <TestMethod codeBase="D:/Development/AdemolaTyper/AdemolaTyperTest/bin/Debug/AdemolaTyperTest.DLL" adapterTypeName="Microsoft.VisualStudio.TestTools.TestTypes.Unit.UnitTestAdapter, Microsoft.VisualStudio.QualityTools.Tips.UnitTest.Adapter, Version=10.0.0.0, Culture=neutral, PublicKeyToken=b03f5f7f11d50a3a" className="AdemolaTyperTest.ViewModels.WordViewModelTests, AdemolaTyperTest, Version=1.0.0.0, Culture=neutral, PublicKeyToken=null" name="ShouldCompareTheTypedCharAgainstTheCurrentLetterOfTheCurrentWord" />
    </UnitTest>
    <UnitTest name="ShouldStoreTheCurrentTypedLetter" storage="d:\development\ademolatyper\ademolatypertest\bin\debug\ademolatypertest.dll" id="d00b2144-820f-6d3d-014c-c2637a035d1c">
      <Execution timeOut="1800000" id="2aed464f-e4ba-4386-98b9-d38c806cee24" />
      <TestMethod codeBase="D:/Development/AdemolaTyper/AdemolaTyperTest/bin/Debug/AdemolaTyperTest.DLL" adapterTypeName="Microsoft.VisualStudio.TestTools.TestTypes.Unit.UnitTestAdapter, Microsoft.VisualStudio.QualityTools.Tips.UnitTest.Adapter, Version=10.0.0.0, Culture=neutral, PublicKeyToken=b03f5f7f11d50a3a" className="AdemolaTyperTest.ViewModels.WordViewModelTests, AdemolaTyperTest, Version=1.0.0.0, Culture=neutral, PublicKeyToken=null" name="ShouldStoreTheCurrentTypedLetter" />
    </UnitTest>
    <UnitTest name="Should_Pass_The_letter_to_the_current_word_viewmodel" storage="d:\development\ademolatyper\ademolatypertest\bin\debug\ademolatypertest.dll" id="1ee798ed-32a0-8d93-805e-a33bfa8a8fb7">
      <Execution timeOut="1800000" id="adb3c4db-98cf-421f-9901-2b1868bc397f" />
      <TestMethod codeBase="D:/Development/AdemolaTyper/AdemolaTyperTest/bin/Debug/AdemolaTyperTest.DLL" adapterTypeName="Microsoft.VisualStudio.TestTools.TestTypes.Unit.UnitTestAdapter, Microsoft.VisualStudio.QualityTools.Tips.UnitTest.Adapter, Version=10.0.0.0, Culture=neutral, PublicKeyToken=b03f5f7f11d50a3a" className="AdemolaTyperTest.ViewModels.WordViewModelTests, AdemolaTyperTest, Version=1.0.0.0, Culture=neutral, PublicKeyToken=null" name="Should_Pass_The_letter_to_the_current_word_viewmodel" />
    </UnitTest>
    <UnitTest name="ShouldSetTheStartTimeOnProcessStart" storage="d:\development\ademolatyper\ademolatypertest\bin\debug\ademolatypertest.dll" id="10fe7e01-a2f3-55bc-ee27-a170d021d54f">
      <Execution timeOut="1800000" id="9d919967-5d12-4c52-a0ed-60c398485591" />
      <TestMethod codeBase="D:/Development/AdemolaTyper/AdemolaTyperTest/bin/Debug/AdemolaTyperTest.DLL" adapterTypeName="Microsoft.VisualStudio.TestTools.TestTypes.Unit.UnitTestAdapter, Microsoft.VisualStudio.QualityTools.Tips.UnitTest.Adapter, Version=10.0.0.0, Culture=neutral, PublicKeyToken=b03f5f7f11d50a3a" className="AdemolaTyperTest.ViewModels.WordViewModelTests, AdemolaTyperTest, Version=1.0.0.0, Culture=neutral, PublicKeyToken=null" name="ShouldSetTheStartTimeOnProcessStart" />
    </UnitTest>
  </TestDefinitions>
  <TestLists>
    <TestList name="Results Not in a List" id="8c84fa94-04c1-424b-9868-57a2d4851a1d" />
    <TestList name="All Loaded Results" id="19431567-8539-422a-85d7-44ee4e166bda" />
  </TestLists>
  <TestEntries>
    <TestEntry testId="1ee798ed-32a0-8d93-805e-a33bfa8a8fb7" executionId="adb3c4db-98cf-421f-9901-2b1868bc397f" testListId="8c84fa94-04c1-424b-9868-57a2d4851a1d" />
    <TestEntry testId="ee9a7b44-13f2-1479-7ecb-b3fb92e29b85" executionId="2ea24767-a78a-4bfe-89a9-e4e1bc7c4288" testListId="8c84fa94-04c1-424b-9868-57a2d4851a1d" />
    <TestEntry testId="10fe7e01-a2f3-55bc-ee27-a170d021d54f" executionId="9d919967-5d12-4c52-a0ed-60c398485591" testListId="8c84fa94-04c1-424b-9868-57a2d4851a1d" />
    <TestEntry testId="d00b2144-820f-6d3d-014c-c2637a035d1c" executionId="2aed464f-e4ba-4386-98b9-d38c806cee24" testListId="8c84fa94-04c1-424b-9868-57a2d4851a1d" />
  </TestEntries>
  <Results>
    <UnitTestResult executionId="adb3c4db-98cf-421f-9901-2b1868bc397f" testId="1ee798ed-32a0-8d93-805e-a33bfa8a8fb7" testName="Should_Pass_The_letter_to_the_current_word_viewmodel" computerName="WIN7-64-V8" duration="00:00:00.1081784" startTime="2010-10-04T23:25:55.4460000+01:00" endTime="2010-10-04T23:25:55.6270000+01:00" testType="13cdc9d9-ddb5-4fa4-a97d-d965ccfc6d4b" outcome="Passed" testListId="8c84fa94-04c1-424b-9868-57a2d4851a1d" relativeResultsDirectory="adb3c4db-98cf-421f-9901-2b1868bc397f">
    </UnitTestResult>
    <UnitTestResult executionId="2ea24767-a78a-4bfe-89a9-e4e1bc7c4288" testId="ee9a7b44-13f2-1479-7ecb-b3fb92e29b85" testName="ShouldCompareTheTypedCharAgainstTheCurrentLetterOfTheCurrentWord" computerName="WIN7-64-V8" duration="00:00:00.0007315" startTime="2010-10-04T23:25:55.6300000+01:00" endTime="2010-10-04T23:25:55.6310000+01:00" testType="13cdc9d9-ddb5-4fa4-a97d-d965ccfc6d4b" outcome="Passed" testListId="8c84fa94-04c1-424b-9868-57a2d4851a1d" relativeResultsDirectory="2ea24767-a78a-4bfe-89a9-e4e1bc7c4288">
    </UnitTestResult>
    <UnitTestResult executionId="9d919967-5d12-4c52-a0ed-60c398485591" testId="10fe7e01-a2f3-55bc-ee27-a170d021d54f" testName="ShouldSetTheStartTimeOnProcessStart" computerName="WIN7-64-V8" duration="00:00:00.0013105" startTime="2010-10-04T23:25:55.6360000+01:00" endTime="2010-10-04T23:25:55.6380000+01:00" testType="13cdc9d9-ddb5-4fa4-a97d-d965ccfc6d4b" outcome="Passed" testListId="8c84fa94-04c1-424b-9868-57a2d4851a1d" relativeResultsDirectory="9d919967-5d12-4c52-a0ed-60c398485591">
    </UnitTestResult>
    <UnitTestResult executionId="2aed464f-e4ba-4386-98b9-d38c806cee24" testId="d00b2144-820f-6d3d-014c-c2637a035d1c" testName="ShouldStoreTheCurrentTypedLetter" computerName="WIN7-64-V8" duration="00:00:00.0006796" startTime="2010-10-04T23:25:55.6400000+01:00" endTime="2010-10-04T23:25:55.6410000+01:00" testType="13cdc9d9-ddb5-4fa4-a97d-d965ccfc6d4b" outcome="Passed" testListId="8c84fa94-04c1-424b-9868-57a2d4851a1d" relativeResultsDirectory="2aed464f-e4ba-4386-98b9-d38c806cee24">
    </UnitTestResult>
  </Results>
</TestRun>