<?xml version="1.0" encoding="UTF-8"?>
<TestRun id="af5de95d-f210-4274-bad8-e9614fb5d75a" name="abdulrahaman@WIN7-64-V8 2010-12-19 15:19:18" runUser="Win7-64-V8\abdulrahaman" xmlns="http://microsoft.com/schemas/VisualStudio/TeamTest/2010">
  <TestSettings name="Local" id="b1560943-7018-4910-abf8-da8c7b6eda55">
    <Description>These are default test settings for a local test run.</Description>
    <Deployment enabled="false" runDeploymentRoot="abdulrahaman_WIN7-64-V8 2010-12-19 15_19_18" />
    <Execution>
      <TestTypeSpecific />
      <AgentRule name="Execution Agents">
      </AgentRule>
    </Execution>
  </TestSettings>
  <Times creation="2010-12-19T15:19:18.9196000+00:00" queuing="2010-12-19T15:19:19.1936000+00:00" start="2010-12-19T15:19:19.3826000+00:00" finish="2010-12-19T15:19:19.9106000+00:00" />
  <ResultSummary outcome="Failed">
    <Counters total="1" executed="1" error="0" failed="1" timeout="0" aborted="0" inconclusive="0" passedButRunAborted="0" notRunnable="0" notExecuted="0" disconnected="0" warning="0" passed="0" completed="0" inProgress="0" pending="0" />
  </ResultSummary>
  <TestDefinitions>
    <UnitTest name="Should_set_the_CurrentWord_when_the_CurrentWordIsProcessed_Command_is_fired" storage="d:\development\adetyper\adetyper\ademolatypertest\bin\debug\ademolatypertest.dll" id="0115b9c7-1e7a-61ce-8fe7-657e43ba04c3">
      <Execution timeOut="1800000" id="e09dd9c6-90e7-4597-915f-9a4dfb3a2333" />
      <TestMethod codeBase="D:/Development/AdeTyper/AdeTyper/AdemolaTyperTest/bin/Debug/AdemolaTyperTest.DLL" adapterTypeName="Microsoft.VisualStudio.TestTools.TestTypes.Unit.UnitTestAdapter, Microsoft.VisualStudio.QualityTools.Tips.UnitTest.Adapter, Version=10.0.0.0, Culture=neutral, PublicKeyToken=b03f5f7f11d50a3a" className="AdemolaTyperTest.ViewModels.GameOne.WhenProcessingGameOneViewModel, AdemolaTyperTest, Version=1.0.0.0, Culture=neutral, PublicKeyToken=null" name="Should_set_the_CurrentWord_when_the_CurrentWordIsProcessed_Command_is_fired" />
    </UnitTest>
  </TestDefinitions>
  <TestLists>
    <TestList name="Results Not in a List" id="8c84fa94-04c1-424b-9868-57a2d4851a1d" />
    <TestList name="All Loaded Results" id="19431567-8539-422a-85d7-44ee4e166bda" />
  </TestLists>
  <TestEntries>
    <TestEntry testId="0115b9c7-1e7a-61ce-8fe7-657e43ba04c3" executionId="e09dd9c6-90e7-4597-915f-9a4dfb3a2333" testListId="8c84fa94-04c1-424b-9868-57a2d4851a1d" />
  </TestEntries>
  <Results>
    <UnitTestResult executionId="e09dd9c6-90e7-4597-915f-9a4dfb3a2333" testId="0115b9c7-1e7a-61ce-8fe7-657e43ba04c3" testName="Should_set_the_CurrentWord_when_the_CurrentWordIsProcessed_Command_is_fired" computerName="WIN7-64-V8" duration="00:00:00.2396423" startTime="2010-12-19T15:19:19.5136000+00:00" endTime="2010-12-19T15:19:19.8316000+00:00" testType="13cdc9d9-ddb5-4fa4-a97d-d965ccfc6d4b" outcome="Failed" testListId="8c84fa94-04c1-424b-9868-57a2d4851a1d" relativeResultsDirectory="e09dd9c6-90e7-4597-915f-9a4dfb3a2333">
      <Output>
        <ErrorInfo>
          <Message>Test method AdemolaTyperTest.ViewModels.GameOne.WhenProcessingGameOneViewModel.Should_set_the_CurrentWord_when_the_CurrentWordIsProcessed_Command_is_fired threw exception: 
System.NullReferenceException: Object reference not set to an instance of an object.</Message>
          <StackTrace>    at AdemolaTyper.ViewModels.GameOneViewModel.LoadData() in D:\Development\AdeTyper\AdeTyper\AdemolaTyper\ViewModels\GameOneViewModel.cs:line 59
   at AdemolaTyper.ViewModels.GameOneViewModel.get_Words() in D:\Development\AdeTyper\AdeTyper\AdemolaTyper\ViewModels\GameOneViewModel.cs:line 45
   at AdemolaTyper.ViewModels.GameOneViewModel.CurrentWordProcessed() in D:\Development\AdeTyper\AdeTyper\AdemolaTyper\ViewModels\GameOneViewModel.cs:line 202
   at AdemolaTyper.ViewModels.GameOneViewModel.&lt;get_CurrentWordIsProcessed&gt;b__5(Object param) in D:\Development\AdeTyper\AdeTyper\AdemolaTyper\ViewModels\GameOneViewModel.cs:line 195
   at MVVMLib.Commands.RelayCommand.Execute(Object parameter) in D:\Development\AdeTyper\AdeTyper\MVVMLib\Commands\RelayCommand.cs:line 67
   at AdemolaTyper.ViewModels.WordViewModel.WordTypeReceived(Object letterTyped) in D:\Development\AdeTyper\AdeTyper\AdemolaTyper\ViewModels\WordViewModel.cs:line 121
   at AdemolaTyper.ViewModels.WordViewModel.&lt;get_WordTyped&gt;b__0(Object param) in D:\Development\AdeTyper\AdeTyper\AdemolaTyper\ViewModels\WordViewModel.cs:line 87
   at MVVMLib.Commands.RelayCommand.Execute(Object parameter) in D:\Development\AdeTyper\AdeTyper\MVVMLib\Commands\RelayCommand.cs:line 67
   at AdemolaTyper.ViewModels.GameOneViewModel.keyPressed(Object key) in D:\Development\AdeTyper\AdeTyper\AdemolaTyper\ViewModels\GameOneViewModel.cs:line 93
   at AdemolaTyper.ViewModels.GameOneViewModel.&lt;get_KeyPressReceivedCommand&gt;b__1(Object param) in D:\Development\AdeTyper\AdeTyper\AdemolaTyper\ViewModels\GameOneViewModel.cs:line 78
   at MVVMLib.Commands.RelayCommand.Execute(Object parameter) in D:\Development\AdeTyper\AdeTyper\MVVMLib\Commands\RelayCommand.cs:line 67
   at AdemolaTyperTest.ViewModels.GameOne.WhenProcessingGameOneViewModel.Should_set_the_CurrentWord_when_the_CurrentWordIsProcessed_Command_is_fired() in D:\Development\AdeTyper\AdeTyper\AdemolaTyperTest\ViewModels\GameOne\WhenProcessingGameOneViewModel.cs:line 26
</StackTrace>
        </ErrorInfo>
      </Output>
    </UnitTestResult>
  </Results>
</TestRun>