<?xml version="1.0" encoding="UTF-8"?>
<TestRun id="33fd0c6f-5f28-4738-a0e6-89b7300aa4a8" name="abdulrahaman@WIN7-64-V8 2010-12-17 22:56:13" runUser="Win7-64-V8\abdulrahaman" xmlns="http://microsoft.com/schemas/VisualStudio/TeamTest/2010">
  <TestSettings name="Local" id="b1560943-7018-4910-abf8-da8c7b6eda55">
    <Description>These are default test settings for a local test run.</Description>
    <Deployment enabled="false" runDeploymentRoot="abdulrahaman_WIN7-64-V8 2010-12-17 22_56_13" />
    <Execution>
      <TestTypeSpecific />
      <AgentRule name="Execution Agents">
      </AgentRule>
    </Execution>
  </TestSettings>
  <Times creation="2010-12-17T22:56:13.6184000+00:00" queuing="2010-12-17T22:56:13.9274000+00:00" start="2010-12-17T22:56:14.1414000+00:00" finish="2010-12-17T22:56:14.5864000+00:00" />
  <ResultSummary outcome="Failed">
    <Counters total="1" executed="1" error="0" failed="1" timeout="0" aborted="0" inconclusive="0" passedButRunAborted="0" notRunnable="0" notExecuted="0" disconnected="0" warning="0" passed="0" completed="0" inProgress="0" pending="0" />
  </ResultSummary>
  <TestDefinitions>
    <UnitTest name="ShouldSetTheCurrentWorkspaceToGameOneViewModel" storage="d:\development\adetyper\adetyper\ademolatypertest\bin\debug\ademolatypertest.dll" id="86554665-dc66-0791-30b3-396bf871fed3">
      <Execution timeOut="1800000" id="69cd5c52-2b3d-464f-916c-2d205ea43bd4" />
      <TestMethod codeBase="D:/Development/AdeTyper/AdeTyper/AdemolaTyperTest/bin/Debug/AdemolaTyperTest.DLL" adapterTypeName="Microsoft.VisualStudio.TestTools.TestTypes.Unit.UnitTestAdapter, Microsoft.VisualStudio.QualityTools.Tips.UnitTest.Adapter, Version=10.0.0.0, Culture=neutral, PublicKeyToken=b03f5f7f11d50a3a" className="AdemolaTyperTest.ViewModels.WhenHomeViewModelIsAskedToCloseMenuView, AdemolaTyperTest, Version=1.0.0.0, Culture=neutral, PublicKeyToken=null" name="ShouldSetTheCurrentWorkspaceToGameOneViewModel" />
    </UnitTest>
  </TestDefinitions>
  <TestLists>
    <TestList name="Results Not in a List" id="8c84fa94-04c1-424b-9868-57a2d4851a1d" />
    <TestList name="All Loaded Results" id="19431567-8539-422a-85d7-44ee4e166bda" />
  </TestLists>
  <TestEntries>
    <TestEntry testId="86554665-dc66-0791-30b3-396bf871fed3" executionId="69cd5c52-2b3d-464f-916c-2d205ea43bd4" testListId="8c84fa94-04c1-424b-9868-57a2d4851a1d" />
  </TestEntries>
  <Results>
    <UnitTestResult executionId="69cd5c52-2b3d-464f-916c-2d205ea43bd4" testId="86554665-dc66-0791-30b3-396bf871fed3" testName="ShouldSetTheCurrentWorkspaceToGameOneViewModel" computerName="WIN7-64-V8" duration="00:00:00.1213851" startTime="2010-12-17T22:56:14.2954000+00:00" endTime="2010-12-17T22:56:14.4914000+00:00" testType="13cdc9d9-ddb5-4fa4-a97d-d965ccfc6d4b" outcome="Failed" testListId="8c84fa94-04c1-424b-9868-57a2d4851a1d" relativeResultsDirectory="69cd5c52-2b3d-464f-916c-2d205ea43bd4">
      <Output>
        <ErrorInfo>
          <Message>Assert.IsInstanceOfType failed.  Expected type:&lt;AdemolaTyper.ViewModels.GameOneViewModel&gt;. Actual type:&lt;AdemolaTyper.ViewModels.MenuViewModel&gt;.</Message>
          <StackTrace>   at AdemolaTyperTest.BDD.BDDSpecExtensions.ShouldBeOfType(Object actual, Type expected) in D:\Development\AdeTyper\AdeTyper\AdemolaTyperTest\BDD\BDDSpecExtensions.cs:line 58
   at AdemolaTyperTest.ViewModels.WhenHomeViewModelIsAskedToCloseMenuView.ShouldSetTheCurrentWorkspaceToGameOneViewModel() in D:\Development\AdeTyper\AdeTyper\AdemolaTyperTest\ViewModels\WhenHomeViewModelIsInstantiated.cs:line 43
</StackTrace>
        </ErrorInfo>
      </Output>
    </UnitTestResult>
  </Results>
</TestRun>