<?xml version="1.0" encoding="UTF-8"?>
<TestRun id="ce832491-5920-48df-8df9-6d226ddb2e24" name="abdulrahaman@WIN7-64-V8 2010-12-23 15:59:46" runUser="Win7-64-V8\abdulrahaman" xmlns="http://microsoft.com/schemas/VisualStudio/TeamTest/2010">
  <TestSettings name="Local" id="b1560943-7018-4910-abf8-da8c7b6eda55">
    <Description>These are default test settings for a local test run.</Description>
    <Deployment enabled="false" runDeploymentRoot="abdulrahaman_WIN7-64-V8 2010-12-23 15_59_46" />
    <Execution>
      <TestTypeSpecific />
      <AgentRule name="Execution Agents">
      </AgentRule>
    </Execution>
  </TestSettings>
  <Times creation="2010-12-23T15:59:46.2050000+00:00" queuing="2010-12-23T15:59:46.4800000+00:00" start="2010-12-23T15:59:46.6690000+00:00" finish="2010-12-23T15:59:48.4090000+00:00" />
  <ResultSummary outcome="Failed">
    <Counters total="2" executed="2" passed="1" error="0" failed="1" timeout="0" aborted="0" inconclusive="0" passedButRunAborted="0" notRunnable="0" notExecuted="0" disconnected="0" warning="0" completed="0" inProgress="0" pending="0" />
  </ResultSummary>
  <TestDefinitions>
    <UnitTest name="Should_close_the_GameOverDialog_when_the_Play_Again_is_clicked" storage="d:\development\adetyper\adetyper\ademolatypertest\bin\debug\ademolatypertest.dll" id="a1dcdfb6-d7eb-b745-875e-b8daf298340d">
      <Execution timeOut="1800000" id="368bef20-dedb-480b-ad78-99be36883520" />
      <TestMethod codeBase="D:/Development/AdeTyper/AdeTyper/AdemolaTyperTest/bin/Debug/AdemolaTyperTest.DLL" adapterTypeName="Microsoft.VisualStudio.TestTools.TestTypes.Unit.UnitTestAdapter, Microsoft.VisualStudio.QualityTools.Tips.UnitTest.Adapter, Version=10.0.0.0, Culture=neutral, PublicKeyToken=b03f5f7f11d50a3a" className="AdemolaTyperTest.ViewModels.GameOne.GameOneOverViewModelTestFixture, AdemolaTyperTest, Version=1.0.0.0, Culture=neutral, PublicKeyToken=null" name="Should_close_the_GameOverDialog_when_the_Play_Again_is_clicked" />
    </UnitTest>
    <UnitTest name="Should_close_the_GameOverDialog_when_the_Play_New_button_is_clicked" storage="d:\development\adetyper\adetyper\ademolatypertest\bin\debug\ademolatypertest.dll" id="8d706d49-a785-8b8d-1159-2c02431993b4">
      <Execution timeOut="1800000" id="db84fa84-b15c-4ab2-83b5-5a2dd356d954" />
      <TestMethod codeBase="D:/Development/AdeTyper/AdeTyper/AdemolaTyperTest/bin/Debug/AdemolaTyperTest.DLL" adapterTypeName="Microsoft.VisualStudio.TestTools.TestTypes.Unit.UnitTestAdapter, Microsoft.VisualStudio.QualityTools.Tips.UnitTest.Adapter, Version=10.0.0.0, Culture=neutral, PublicKeyToken=b03f5f7f11d50a3a" className="AdemolaTyperTest.ViewModels.GameOne.GameOneOverViewModelTestFixture, AdemolaTyperTest, Version=1.0.0.0, Culture=neutral, PublicKeyToken=null" name="Should_close_the_GameOverDialog_when_the_Play_New_button_is_clicked" />
    </UnitTest>
  </TestDefinitions>
  <TestLists>
    <TestList name="Results Not in a List" id="8c84fa94-04c1-424b-9868-57a2d4851a1d" />
    <TestList name="All Loaded Results" id="19431567-8539-422a-85d7-44ee4e166bda" />
  </TestLists>
  <TestEntries>
    <TestEntry testId="a1dcdfb6-d7eb-b745-875e-b8daf298340d" executionId="368bef20-dedb-480b-ad78-99be36883520" testListId="8c84fa94-04c1-424b-9868-57a2d4851a1d" />
    <TestEntry testId="8d706d49-a785-8b8d-1159-2c02431993b4" executionId="db84fa84-b15c-4ab2-83b5-5a2dd356d954" testListId="8c84fa94-04c1-424b-9868-57a2d4851a1d" />
  </TestEntries>
  <Results>
    <UnitTestResult executionId="368bef20-dedb-480b-ad78-99be36883520" testId="a1dcdfb6-d7eb-b745-875e-b8daf298340d" testName="Should_close_the_GameOverDialog_when_the_Play_Again_is_clicked" computerName="WIN7-64-V8" duration="00:00:00.7461990" startTime="2010-12-23T15:59:46.7910000+00:00" endTime="2010-12-23T15:59:47.6070000+00:00" testType="13cdc9d9-ddb5-4fa4-a97d-d965ccfc6d4b" outcome="Passed" testListId="8c84fa94-04c1-424b-9868-57a2d4851a1d" relativeResultsDirectory="368bef20-dedb-480b-ad78-99be36883520">
    </UnitTestResult>
    <UnitTestResult executionId="db84fa84-b15c-4ab2-83b5-5a2dd356d954" testId="8d706d49-a785-8b8d-1159-2c02431993b4" testName="Should_close_the_GameOverDialog_when_the_Play_New_button_is_clicked" computerName="WIN7-64-V8" duration="00:00:00.7229789" startTime="2010-12-23T15:59:47.6100000+00:00" endTime="2010-12-23T15:59:48.3340000+00:00" testType="13cdc9d9-ddb5-4fa4-a97d-d965ccfc6d4b" outcome="Failed" testListId="8c84fa94-04c1-424b-9868-57a2d4851a1d" relativeResultsDirectory="db84fa84-b15c-4ab2-83b5-5a2dd356d954">
      <Output>
        <ErrorInfo>
          <Message>Assert.IsFalse failed. </Message>
          <StackTrace>   at AdemolaTyperTest.ViewModels.GameOne.GameOneOverViewModelTestFixture.Should_close_the_GameOverDialog_when_the_Play_New_button_is_clicked() in D:\Development\AdeTyper\AdeTyper\AdemolaTyperTest\ViewModels\GameOne\GameOneOverViewModelTestFixture.cs:line 49
</StackTrace>
        </ErrorInfo>
      </Output>
    </UnitTestResult>
  </Results>
</TestRun>