<?xml version="1.0" encoding="UTF-8"?>
<TestRun id="3ea3058a-97dc-4137-b0c0-7143ac6dd606" name="abdulrahaman@WIN7-64-V8 2010-10-06 06:32:16" runUser="Win7-64-V8\abdulrahaman" xmlns="http://microsoft.com/schemas/VisualStudio/TeamTest/2010">
  <TestSettings name="Local" id="b1560943-7018-4910-abf8-da8c7b6eda55">
    <Description>These are default test settings for a local test run.</Description>
    <Deployment enabled="false" runDeploymentRoot="abdulrahaman_WIN7-64-V8 2010-10-06 06_32_16" />
    <Execution>
      <TestTypeSpecific />
      <AgentRule name="Execution Agents">
      </AgentRule>
    </Execution>
  </TestSettings>
  <Times creation="2010-10-06T06:32:16.5388000+01:00" queuing="2010-10-06T06:32:16.7988000+01:00" start="2010-10-06T06:32:16.9758000+01:00" finish="2010-10-06T06:32:17.4548000+01:00" />
  <ResultSummary outcome="Completed">
    <Counters total="1" executed="1" passed="1" error="0" failed="0" timeout="0" aborted="0" inconclusive="0" passedButRunAborted="0" notRunnable="0" notExecuted="0" disconnected="0" warning="0" completed="0" inProgress="0" pending="0" />
  </ResultSummary>
  <TestDefinitions>
    <UnitTest name="Should_fire_command_on_main_viewmodel_to_indicate_the_word_has_received_all_chars" storage="d:\development\ademolatyper\ademolatypertest\bin\debug\ademolatypertest.dll" id="26728450-04b7-4a8c-efea-70fef7ec8e9d">
      <Execution timeOut="1800000" id="b84a3810-8f71-4f34-800b-554fb091d366" />
      <TestMethod codeBase="D:/Development/AdemolaTyper/AdemolaTyperTest/bin/Debug/AdemolaTyperTest.DLL" adapterTypeName="Microsoft.VisualStudio.TestTools.TestTypes.Unit.UnitTestAdapter, Microsoft.VisualStudio.QualityTools.Tips.UnitTest.Adapter, Version=10.0.0.0, Culture=neutral, PublicKeyToken=b03f5f7f11d50a3a" className="AdemolaTyperTest.ViewModels.WordViewModelTests, AdemolaTyperTest, Version=1.0.0.0, Culture=neutral, PublicKeyToken=null" name="Should_fire_command_on_main_viewmodel_to_indicate_the_word_has_received_all_chars" />
    </UnitTest>
  </TestDefinitions>
  <TestLists>
    <TestList name="Results Not in a List" id="8c84fa94-04c1-424b-9868-57a2d4851a1d" />
    <TestList name="All Loaded Results" id="19431567-8539-422a-85d7-44ee4e166bda" />
  </TestLists>
  <TestEntries>
    <TestEntry testId="26728450-04b7-4a8c-efea-70fef7ec8e9d" executionId="b84a3810-8f71-4f34-800b-554fb091d366" testListId="8c84fa94-04c1-424b-9868-57a2d4851a1d" />
  </TestEntries>
  <Results>
    <UnitTestResult executionId="b84a3810-8f71-4f34-800b-554fb091d366" testId="26728450-04b7-4a8c-efea-70fef7ec8e9d" testName="Should_fire_command_on_main_viewmodel_to_indicate_the_word_has_received_all_chars" computerName="WIN7-64-V8" duration="00:00:00.2089160" startTime="2010-10-06T06:32:17.1028000+01:00" endTime="2010-10-06T06:32:17.3808000+01:00" testType="13cdc9d9-ddb5-4fa4-a97d-d965ccfc6d4b" outcome="Passed" testListId="8c84fa94-04c1-424b-9868-57a2d4851a1d" relativeResultsDirectory="b84a3810-8f71-4f34-800b-554fb091d366">
    </UnitTestResult>
  </Results>
</TestRun>