<?xml version="1.0" encoding="UTF-8"?>
<TestRun id="ebf986fb-a40e-4d8e-84a4-2a48e56b77a5" name="abdulrahaman@WIN7-64-V8 2010-10-07 23:02:26" runUser="Win7-64-V8\abdulrahaman" xmlns="http://microsoft.com/schemas/VisualStudio/TeamTest/2010">
  <TestSettings name="Local" id="b1560943-7018-4910-abf8-da8c7b6eda55">
    <Description>These are default test settings for a local test run.</Description>
    <Deployment enabled="false" runDeploymentRoot="abdulrahaman_WIN7-64-V8 2010-10-07 23_02_26" />
    <Execution>
      <TestTypeSpecific />
      <AgentRule name="Execution Agents">
      </AgentRule>
    </Execution>
  </TestSettings>
  <Times creation="2010-10-07T23:02:26.3800000+01:00" queuing="2010-10-07T23:02:26.8290000+01:00" start="2010-10-07T23:02:27.2190000+01:00" finish="2010-10-07T23:03:10.2730000+01:00" />
  <ResultSummary outcome="Completed">
    <Counters total="1" executed="1" passed="1" error="0" failed="0" timeout="0" aborted="0" inconclusive="0" passedButRunAborted="0" notRunnable="0" notExecuted="0" disconnected="0" warning="0" completed="0" inProgress="0" pending="0" />
  </ResultSummary>
  <TestDefinitions>
    <UnitTest name="Should_set_the_completed_flag_when_the_last_word_has_been_processed" storage="d:\development\ademolatyper\ademolatypertest\bin\debug\ademolatypertest.dll" id="aaecfb31-57a6-55b3-93f3-20aee1425cb5">
      <Execution timeOut="1800000" id="f55258b2-f414-4021-a54f-a45b332bd189" />
      <TestMethod codeBase="D:/Development/AdemolaTyper/AdemolaTyperTest/bin/Debug/AdemolaTyperTest.DLL" adapterTypeName="Microsoft.VisualStudio.TestTools.TestTypes.Unit.UnitTestAdapter, Microsoft.VisualStudio.QualityTools.Tips.UnitTest.Adapter, Version=10.0.0.0, Culture=neutral, PublicKeyToken=b03f5f7f11d50a3a" className="AdemolaTyperTest.ViewModels.MainViewModelTests, AdemolaTyperTest, Version=1.0.0.0, Culture=neutral, PublicKeyToken=null" name="Should_set_the_completed_flag_when_the_last_word_has_been_processed" />
    </UnitTest>
  </TestDefinitions>
  <TestLists>
    <TestList name="Results Not in a List" id="8c84fa94-04c1-424b-9868-57a2d4851a1d" />
    <TestList name="All Loaded Results" id="19431567-8539-422a-85d7-44ee4e166bda" />
  </TestLists>
  <TestEntries>
    <TestEntry testId="aaecfb31-57a6-55b3-93f3-20aee1425cb5" executionId="f55258b2-f414-4021-a54f-a45b332bd189" testListId="8c84fa94-04c1-424b-9868-57a2d4851a1d" />
  </TestEntries>
  <Results>
    <UnitTestResult executionId="f55258b2-f414-4021-a54f-a45b332bd189" testId="aaecfb31-57a6-55b3-93f3-20aee1425cb5" testName="Should_set_the_completed_flag_when_the_last_word_has_been_processed" computerName="WIN7-64-V8" duration="00:00:42.7563251" startTime="2010-10-07T23:02:27.3090000+01:00" endTime="2010-10-07T23:03:10.1470000+01:00" testType="13cdc9d9-ddb5-4fa4-a97d-d965ccfc6d4b" outcome="Passed" testListId="8c84fa94-04c1-424b-9868-57a2d4851a1d" relativeResultsDirectory="f55258b2-f414-4021-a54f-a45b332bd189">
      <Output>
        <DebugTrace>MainViewModel () (7880838) Finalized
MainViewModel () (28016690) Finalized
MainViewModel () (20271583) Finalized
</DebugTrace>
      </Output>
    </UnitTestResult>
  </Results>
</TestRun>