<?xml version="1.0" encoding="UTF-8"?>
<TestRun id="0ec2b697-8ec0-4cdd-997b-5d492219a7fc" name="abdulrahaman@WIN7-64-V8 2010-12-23 00:13:40" runUser="Win7-64-V8\abdulrahaman" xmlns="http://microsoft.com/schemas/VisualStudio/TeamTest/2010">
  <TestSettings name="Local" id="b1560943-7018-4910-abf8-da8c7b6eda55">
    <Description>These are default test settings for a local test run.</Description>
    <Deployment enabled="false" runDeploymentRoot="abdulrahaman_WIN7-64-V8 2010-12-23 00_13_40" />
    <Execution>
      <TestTypeSpecific />
      <AgentRule name="Execution Agents">
      </AgentRule>
    </Execution>
  </TestSettings>
  <Times creation="2010-12-23T00:13:40.0822000+00:00" queuing="2010-12-23T00:13:40.3532000+00:00" start="2010-12-23T00:13:40.5382000+00:00" finish="2010-12-23T00:13:42.0152000+00:00" />
  <ResultSummary outcome="Completed">
    <Counters total="1" executed="1" passed="1" error="0" failed="0" timeout="0" aborted="0" inconclusive="0" passedButRunAborted="0" notRunnable="0" notExecuted="0" disconnected="0" warning="0" completed="0" inProgress="0" pending="0" />
  </ResultSummary>
  <TestDefinitions>
    <UnitTest name="Should_calulate_and_return_type_speed" storage="d:\development\adetyper\adetyper\ademolatypertest\bin\debug\ademolatypertest.dll" id="7769eaa6-497f-dacf-de99-e86e773cadc6">
      <Execution timeOut="1800000" id="6e2ac6e5-6c39-494c-9e1d-8929562614e0" />
      <TestMethod codeBase="D:/Development/AdeTyper/AdeTyper/AdemolaTyperTest/bin/Debug/AdemolaTyperTest.DLL" adapterTypeName="Microsoft.VisualStudio.TestTools.TestTypes.Unit.UnitTestAdapter, Microsoft.VisualStudio.QualityTools.Tips.UnitTest.Adapter, Version=10.0.0.0, Culture=neutral, PublicKeyToken=b03f5f7f11d50a3a" className="AdemolaTyperTest.ViewModels.GameOne.WhenProcessingGameOneViewModel, AdemolaTyperTest, Version=1.0.0.0, Culture=neutral, PublicKeyToken=null" name="Should_calulate_and_return_type_speed" />
    </UnitTest>
  </TestDefinitions>
  <TestLists>
    <TestList name="Results Not in a List" id="8c84fa94-04c1-424b-9868-57a2d4851a1d" />
    <TestList name="All Loaded Results" id="19431567-8539-422a-85d7-44ee4e166bda" />
  </TestLists>
  <TestEntries>
    <TestEntry testId="7769eaa6-497f-dacf-de99-e86e773cadc6" executionId="6e2ac6e5-6c39-494c-9e1d-8929562614e0" testListId="8c84fa94-04c1-424b-9868-57a2d4851a1d" />
  </TestEntries>
  <Results>
    <UnitTestResult executionId="6e2ac6e5-6c39-494c-9e1d-8929562614e0" testId="7769eaa6-497f-dacf-de99-e86e773cadc6" testName="Should_calulate_and_return_type_speed" computerName="WIN7-64-V8" duration="00:00:01.2052585" startTime="2010-12-23T00:13:40.6642000+00:00" endTime="2010-12-23T00:13:41.9392000+00:00" testType="13cdc9d9-ddb5-4fa4-a97d-d965ccfc6d4b" outcome="Passed" testListId="8c84fa94-04c1-424b-9868-57a2d4851a1d" relativeResultsDirectory="6e2ac6e5-6c39-494c-9e1d-8929562614e0">
    </UnitTestResult>
  </Results>
</TestRun>