<?xml version="1.0" encoding="UTF-8"?>
<TestRun id="0984623e-26b5-4d93-b478-c6a857f27bda" name="abdulrahaman@WIN7-64-V8 2010-12-19 15:19:03" runUser="Win7-64-V8\abdulrahaman" xmlns="http://microsoft.com/schemas/VisualStudio/TeamTest/2010">
  <TestSettings name="Local" id="b1560943-7018-4910-abf8-da8c7b6eda55">
    <Description>These are default test settings for a local test run.</Description>
    <Deployment enabled="false" runDeploymentRoot="abdulrahaman_WIN7-64-V8 2010-12-19 15_19_03" />
    <Execution>
      <TestTypeSpecific />
      <AgentRule name="Execution Agents">
      </AgentRule>
    </Execution>
  </TestSettings>
  <Times creation="2010-12-19T15:19:03.7846000+00:00" queuing="2010-12-19T15:19:04.0576000+00:00" start="2010-12-19T15:19:04.2466000+00:00" finish="2010-12-19T15:19:04.7326000+00:00" />
  <ResultSummary outcome="Completed">
    <Counters total="1" executed="1" passed="1" error="0" failed="0" timeout="0" aborted="0" inconclusive="0" passedButRunAborted="0" notRunnable="0" notExecuted="0" disconnected="0" warning="0" completed="0" inProgress="0" pending="0" />
  </ResultSummary>
  <TestDefinitions>
    <UnitTest name="Should_set_the_CurrentWord_when_the_CurrentWordIsProcessed_Command_is_fired" storage="d:\development\adetyper\adetyper\ademolatypertest\bin\debug\ademolatypertest.dll" id="0115b9c7-1e7a-61ce-8fe7-657e43ba04c3">
      <Execution timeOut="1800000" id="8e5f95c5-5033-4bf7-a037-20e75e43fe09" />
      <TestMethod codeBase="D:/Development/AdeTyper/AdeTyper/AdemolaTyperTest/bin/Debug/AdemolaTyperTest.DLL" adapterTypeName="Microsoft.VisualStudio.TestTools.TestTypes.Unit.UnitTestAdapter, Microsoft.VisualStudio.QualityTools.Tips.UnitTest.Adapter, Version=10.0.0.0, Culture=neutral, PublicKeyToken=b03f5f7f11d50a3a" className="AdemolaTyperTest.ViewModels.GameOne.WhenProcessingGameOneViewModel, AdemolaTyperTest, Version=1.0.0.0, Culture=neutral, PublicKeyToken=null" name="Should_set_the_CurrentWord_when_the_CurrentWordIsProcessed_Command_is_fired" />
    </UnitTest>
  </TestDefinitions>
  <TestLists>
    <TestList name="Results Not in a List" id="8c84fa94-04c1-424b-9868-57a2d4851a1d" />
    <TestList name="All Loaded Results" id="19431567-8539-422a-85d7-44ee4e166bda" />
  </TestLists>
  <TestEntries>
    <TestEntry testId="0115b9c7-1e7a-61ce-8fe7-657e43ba04c3" executionId="8e5f95c5-5033-4bf7-a037-20e75e43fe09" testListId="8c84fa94-04c1-424b-9868-57a2d4851a1d" />
  </TestEntries>
  <Results>
    <UnitTestResult executionId="8e5f95c5-5033-4bf7-a037-20e75e43fe09" testId="0115b9c7-1e7a-61ce-8fe7-657e43ba04c3" testName="Should_set_the_CurrentWord_when_the_CurrentWordIsProcessed_Command_is_fired" computerName="WIN7-64-V8" duration="00:00:00.2038918" startTime="2010-12-19T15:19:04.3736000+00:00" endTime="2010-12-19T15:19:04.6526000+00:00" testType="13cdc9d9-ddb5-4fa4-a97d-d965ccfc6d4b" outcome="Passed" testListId="8c84fa94-04c1-424b-9868-57a2d4851a1d" relativeResultsDirectory="8e5f95c5-5033-4bf7-a037-20e75e43fe09">
    </UnitTestResult>
  </Results>
</TestRun>