<?xml version="1.0" encoding="UTF-8"?>
<TestRun id="6d878fb0-4b17-4cd3-9890-58d381c5d992" name="abdulrahaman@WIN7-64-V8 2010-10-07 22:58:18" runUser="Win7-64-V8\abdulrahaman" xmlns="http://microsoft.com/schemas/VisualStudio/TeamTest/2010">
  <TestSettings name="Local" id="b1560943-7018-4910-abf8-da8c7b6eda55">
    <Description>These are default test settings for a local test run.</Description>
    <Deployment enabled="false" runDeploymentRoot="abdulrahaman_WIN7-64-V8 2010-10-07 22_58_18" />
    <Execution>
      <TestTypeSpecific />
      <AgentRule name="Execution Agents">
      </AgentRule>
    </Execution>
  </TestSettings>
  <Times creation="2010-10-07T22:58:18.4780000+01:00" queuing="2010-10-07T22:58:18.7490000+01:00" start="2010-10-07T22:58:18.9340000+01:00" finish="2010-10-07T22:58:19.4990000+01:00" />
  <ResultSummary outcome="Failed">
    <Counters total="1" executed="1" error="0" failed="1" timeout="0" aborted="0" inconclusive="0" passedButRunAborted="0" notRunnable="0" notExecuted="0" disconnected="0" warning="0" passed="0" completed="0" inProgress="0" pending="0" />
  </ResultSummary>
  <TestDefinitions>
    <UnitTest name="Should_set_the_completed_flag_when_the_last_word_has_been_processed" storage="d:\development\ademolatyper\ademolatypertest\bin\debug\ademolatypertest.dll" id="aaecfb31-57a6-55b3-93f3-20aee1425cb5">
      <Execution timeOut="1800000" id="84ffddc6-ff2a-4011-96b9-6d8a84b6363e" />
      <TestMethod codeBase="D:/Development/AdemolaTyper/AdemolaTyperTest/bin/Debug/AdemolaTyperTest.DLL" adapterTypeName="Microsoft.VisualStudio.TestTools.TestTypes.Unit.UnitTestAdapter, Microsoft.VisualStudio.QualityTools.Tips.UnitTest.Adapter, Version=10.0.0.0, Culture=neutral, PublicKeyToken=b03f5f7f11d50a3a" className="AdemolaTyperTest.ViewModels.MainViewModelTests, AdemolaTyperTest, Version=1.0.0.0, Culture=neutral, PublicKeyToken=null" name="Should_set_the_completed_flag_when_the_last_word_has_been_processed" />
    </UnitTest>
  </TestDefinitions>
  <TestLists>
    <TestList name="Results Not in a List" id="8c84fa94-04c1-424b-9868-57a2d4851a1d" />
    <TestList name="All Loaded Results" id="19431567-8539-422a-85d7-44ee4e166bda" />
  </TestLists>
  <TestEntries>
    <TestEntry testId="aaecfb31-57a6-55b3-93f3-20aee1425cb5" executionId="84ffddc6-ff2a-4011-96b9-6d8a84b6363e" testListId="8c84fa94-04c1-424b-9868-57a2d4851a1d" />
  </TestEntries>
  <Results>
    <UnitTestResult executionId="84ffddc6-ff2a-4011-96b9-6d8a84b6363e" testId="aaecfb31-57a6-55b3-93f3-20aee1425cb5" testName="Should_set_the_completed_flag_when_the_last_word_has_been_processed" computerName="WIN7-64-V8" duration="00:00:00.2672885" startTime="2010-10-07T22:58:19.0700000+01:00" endTime="2010-10-07T22:58:19.4240000+01:00" testType="13cdc9d9-ddb5-4fa4-a97d-d965ccfc6d4b" outcome="Failed" testListId="8c84fa94-04c1-424b-9868-57a2d4851a1d" relativeResultsDirectory="84ffddc6-ff2a-4011-96b9-6d8a84b6363e">
      <Output>
        <ErrorInfo>
          <Message>Test method AdemolaTyperTest.ViewModels.MainViewModelTests.Should_set_the_completed_flag_when_the_last_word_has_been_processed threw exception: 
System.ArgumentOutOfRangeException: Index was out of range. Must be non-negative and less than the size of the collection.
Parameter name: index</Message>
          <StackTrace>    at System.ThrowHelper.ThrowArgumentOutOfRangeException()
   at System.Collections.Generic.List`1.get_Item(Int32 index)
   at System.Collections.ObjectModel.Collection`1.get_Item(Int32 index)
   at AdemolaTyper.ViewModels.MainViewModel.CurrentWordIsProcessedAction() in D:\Development\AdemolaTyper\AdemolaTyper\ViewModels\MainViewModel.cs:line 135
   at AdemolaTyper.ViewModels.MainViewModel.&lt;get_CurrentWordIsProcessed&gt;b__4(Object param) in D:\Development\AdemolaTyper\AdemolaTyper\ViewModels\MainViewModel.cs:line 78
   at AdemolaTyper.Commands.RelayCommand.Execute(Object parameter) in D:\Development\AdemolaTyper\AdemolaTyper\Commands\RelayCommand.cs:line 66
   at AdemolaTyper.ViewModels.WordViewModel.WordTypeReceived(Object letterTyped) in D:\Development\AdemolaTyper\AdemolaTyper\ViewModels\WordViewModel.cs:line 108
   at AdemolaTyper.ViewModels.WordViewModel.&lt;get_WordTyped&gt;b__0(Object param) in D:\Development\AdemolaTyper\AdemolaTyper\ViewModels\WordViewModel.cs:line 74
   at AdemolaTyper.Commands.RelayCommand.Execute(Object parameter) in D:\Development\AdemolaTyper\AdemolaTyper\Commands\RelayCommand.cs:line 66
   at AdemolaTyper.ViewModels.MainViewModel.keyPressed(Object key) in D:\Development\AdemolaTyper\AdemolaTyper\ViewModels\MainViewModel.cs:line 159
   at AdemolaTyper.ViewModels.MainViewModel.&lt;get_KeyPressReceivedCommand&gt;b__0(Object param) in D:\Development\AdemolaTyper\AdemolaTyper\ViewModels\MainViewModel.cs:line 55
   at AdemolaTyper.Commands.RelayCommand.Execute(Object parameter) in D:\Development\AdemolaTyper\AdemolaTyper\Commands\RelayCommand.cs:line 66
   at AdemolaTyperTest.ViewModels.MainViewModelTests.Should_set_the_completed_flag_when_the_last_word_has_been_processed() in D:\Development\AdemolaTyper\AdemolaTyperTest\ViewModels\MainViewModelTests.cs:line 51
</StackTrace>
        </ErrorInfo>
      </Output>
    </UnitTestResult>
  </Results>
</TestRun>