<?xml version="1.0" encoding="UTF-8"?>
<TestRun id="a0538fee-6e2e-4b56-9a7d-abe54b83d722" name="abdulrahaman@WIN7-64-V8 2010-12-23 11:55:34" runUser="Win7-64-V8\abdulrahaman" xmlns="http://microsoft.com/schemas/VisualStudio/TeamTest/2010">
  <TestSettings name="Local" id="b1560943-7018-4910-abf8-da8c7b6eda55">
    <Description>These are default test settings for a local test run.</Description>
    <Deployment enabled="false" runDeploymentRoot="abdulrahaman_WIN7-64-V8 2010-12-23 11_55_34" />
    <Execution>
      <TestTypeSpecific />
      <AgentRule name="Execution Agents">
      </AgentRule>
    </Execution>
  </TestSettings>
  <Times creation="2010-12-23T11:55:34.9650000+00:00" queuing="2010-12-23T11:55:35.2570000+00:00" start="2010-12-23T11:55:35.4510000+00:00" finish="2010-12-23T11:55:36.5910000+00:00" />
  <ResultSummary outcome="Completed">
    <Counters total="13" executed="13" passed="13" error="0" failed="0" timeout="0" aborted="0" inconclusive="0" passedButRunAborted="0" notRunnable="0" notExecuted="0" disconnected="0" warning="0" completed="0" inProgress="0" pending="0" />
  </ResultSummary>
  <TestDefinitions>
    <UnitTest name="ShouldSetTheCurrentWorkspaceToGameOneViewModel" storage="d:\development\adetyper\adetyper\ademolatypertest\bin\debug\ademolatypertest.dll" id="86554665-dc66-0791-30b3-396bf871fed3">
      <Execution timeOut="1800000" id="babe0c4b-f8ce-4c1e-8156-9122538333af" />
      <TestMethod codeBase="D:/Development/AdeTyper/AdeTyper/AdemolaTyperTest/bin/Debug/AdemolaTyperTest.DLL" adapterTypeName="Microsoft.VisualStudio.TestTools.TestTypes.Unit.UnitTestAdapter, Microsoft.VisualStudio.QualityTools.Tips.UnitTest.Adapter, Version=10.0.0.0, Culture=neutral, PublicKeyToken=b03f5f7f11d50a3a" className="AdemolaTyperTest.ViewModels.WhenHomeViewModelIsAskedToCloseMenuView, AdemolaTyperTest, Version=1.0.0.0, Culture=neutral, PublicKeyToken=null" name="ShouldSetTheCurrentWorkspaceToGameOneViewModel" />
    </UnitTest>
    <UnitTest name="Should_set_the_CurrentWord_when_the_CurrentWordIsProcessed_Command_is_fired" storage="d:\development\adetyper\adetyper\ademolatypertest\bin\debug\ademolatypertest.dll" id="0115b9c7-1e7a-61ce-8fe7-657e43ba04c3">
      <Execution timeOut="1800000" id="0da15e2e-33bf-42af-a6fc-6d4ab7f5267d" />
      <TestMethod codeBase="D:/Development/AdeTyper/AdeTyper/AdemolaTyperTest/bin/Debug/AdemolaTyperTest.DLL" adapterTypeName="Microsoft.VisualStudio.TestTools.TestTypes.Unit.UnitTestAdapter, Microsoft.VisualStudio.QualityTools.Tips.UnitTest.Adapter, Version=10.0.0.0, Culture=neutral, PublicKeyToken=b03f5f7f11d50a3a" className="AdemolaTyperTest.ViewModels.GameOne.WhenProcessingGameOneViewModel, AdemolaTyperTest, Version=1.0.0.0, Culture=neutral, PublicKeyToken=null" name="Should_set_the_CurrentWord_when_the_CurrentWordIsProcessed_Command_is_fired" />
    </UnitTest>
    <UnitTest name="ShouldStoreTheCurrentTypedLetter" storage="d:\development\adetyper\adetyper\ademolatypertest\bin\debug\ademolatypertest.dll" id="d00b2144-820f-6d3d-014c-c2637a035d1c">
      <Execution timeOut="1800000" id="addf2d00-4cf4-486a-8ebd-c3a042e4fa5a" />
      <TestMethod codeBase="D:/Development/AdeTyper/AdeTyper/AdemolaTyperTest/bin/Debug/AdemolaTyperTest.DLL" adapterTypeName="Microsoft.VisualStudio.TestTools.TestTypes.Unit.UnitTestAdapter, Microsoft.VisualStudio.QualityTools.Tips.UnitTest.Adapter, Version=10.0.0.0, Culture=neutral, PublicKeyToken=b03f5f7f11d50a3a" className="AdemolaTyperTest.ViewModels.WordViewModelTests, AdemolaTyperTest, Version=1.0.0.0, Culture=neutral, PublicKeyToken=null" name="ShouldStoreTheCurrentTypedLetter" />
    </UnitTest>
    <UnitTest name="ShouldFireMenuViewCloseEvent" storage="d:\development\adetyper\adetyper\ademolatypertest\bin\debug\ademolatypertest.dll" id="a368f72d-8afc-b3cc-0dc5-6100dbc7da92">
      <Execution timeOut="1800000" id="d27ce52f-d541-425a-b065-5403affbd50b" />
      <TestMethod codeBase="D:/Development/AdeTyper/AdeTyper/AdemolaTyperTest/bin/Debug/AdemolaTyperTest.DLL" adapterTypeName="Microsoft.VisualStudio.TestTools.TestTypes.Unit.UnitTestAdapter, Microsoft.VisualStudio.QualityTools.Tips.UnitTest.Adapter, Version=10.0.0.0, Culture=neutral, PublicKeyToken=b03f5f7f11d50a3a" className="AdemolaTyperTest.ViewModels.WhenMenuViewModelIsAskedToPlayGameOne, AdemolaTyperTest, Version=1.0.0.0, Culture=neutral, PublicKeyToken=null" name="ShouldFireMenuViewCloseEvent" />
    </UnitTest>
    <UnitTest name="ShouldLoadUpTheOptionsViewModelAsTheMainViewModel" storage="d:\development\adetyper\adetyper\ademolatypertest\bin\debug\ademolatypertest.dll" id="2a38c16d-ee06-7a93-80fe-c5421a186855">
      <Execution timeOut="1800000" id="3deb5586-cc9a-4797-9070-973b2632f004" />
      <TestMethod codeBase="D:/Development/AdeTyper/AdeTyper/AdemolaTyperTest/bin/Debug/AdemolaTyperTest.DLL" adapterTypeName="Microsoft.VisualStudio.TestTools.TestTypes.Unit.UnitTestAdapter, Microsoft.VisualStudio.QualityTools.Tips.UnitTest.Adapter, Version=10.0.0.0, Culture=neutral, PublicKeyToken=b03f5f7f11d50a3a" className="AdemolaTyperTest.ViewModels.WhenHomeViewModelIsInstantiated, AdemolaTyperTest, Version=1.0.0.0, Culture=neutral, PublicKeyToken=null" name="ShouldLoadUpTheOptionsViewModelAsTheMainViewModel" />
    </UnitTest>
    <UnitTest name="ShouldFireGameOneEvent" storage="d:\development\adetyper\adetyper\ademolatypertest\bin\debug\ademolatypertest.dll" id="298bfbc1-b9de-e7db-4e1e-b187c97ce7ba">
      <Execution timeOut="1800000" id="d4dc9f4c-748f-4ed6-8289-2a7e379fd827" />
      <TestMethod codeBase="D:/Development/AdeTyper/AdeTyper/AdemolaTyperTest/bin/Debug/AdemolaTyperTest.DLL" adapterTypeName="Microsoft.VisualStudio.TestTools.TestTypes.Unit.UnitTestAdapter, Microsoft.VisualStudio.QualityTools.Tips.UnitTest.Adapter, Version=10.0.0.0, Culture=neutral, PublicKeyToken=b03f5f7f11d50a3a" className="AdemolaTyperTest.ViewModels.WhenMenuViewModelIsAskedToPlayGameOne, AdemolaTyperTest, Version=1.0.0.0, Culture=neutral, PublicKeyToken=null" name="ShouldFireGameOneEvent" />
    </UnitTest>
    <UnitTest name="Should_set_the_completed_flag_when_the_last_word_has_been_processed" storage="d:\development\adetyper\adetyper\ademolatypertest\bin\debug\ademolatypertest.dll" id="648157f9-f5bc-a1a3-5d43-1c5426c2dfc1">
      <Execution timeOut="1800000" id="90cd829e-9dc7-41ed-b15b-62651dab781c" />
      <TestMethod codeBase="D:/Development/AdeTyper/AdeTyper/AdemolaTyperTest/bin/Debug/AdemolaTyperTest.DLL" adapterTypeName="Microsoft.VisualStudio.TestTools.TestTypes.Unit.UnitTestAdapter, Microsoft.VisualStudio.QualityTools.Tips.UnitTest.Adapter, Version=10.0.0.0, Culture=neutral, PublicKeyToken=b03f5f7f11d50a3a" className="AdemolaTyperTest.ViewModels.GameOne.WhenProcessingGameOneViewModel, AdemolaTyperTest, Version=1.0.0.0, Culture=neutral, PublicKeyToken=null" name="Should_set_the_completed_flag_when_the_last_word_has_been_processed" />
    </UnitTest>
    <UnitTest name="Should_calulate_and_return_type_speed" storage="d:\development\adetyper\adetyper\ademolatypertest\bin\debug\ademolatypertest.dll" id="7769eaa6-497f-dacf-de99-e86e773cadc6">
      <Execution timeOut="1800000" id="b17ffc8d-7258-460e-ac93-a658b6c36b56" />
      <TestMethod codeBase="D:/Development/AdeTyper/AdeTyper/AdemolaTyperTest/bin/Debug/AdemolaTyperTest.DLL" adapterTypeName="Microsoft.VisualStudio.TestTools.TestTypes.Unit.UnitTestAdapter, Microsoft.VisualStudio.QualityTools.Tips.UnitTest.Adapter, Version=10.0.0.0, Culture=neutral, PublicKeyToken=b03f5f7f11d50a3a" className="AdemolaTyperTest.ViewModels.GameOne.WhenProcessingGameOneViewModel, AdemolaTyperTest, Version=1.0.0.0, Culture=neutral, PublicKeyToken=null" name="Should_calulate_and_return_type_speed" />
    </UnitTest>
    <UnitTest name="ShouldSetTheStartTimeOnProcessStart" storage="d:\development\adetyper\adetyper\ademolatypertest\bin\debug\ademolatypertest.dll" id="10fe7e01-a2f3-55bc-ee27-a170d021d54f">
      <Execution timeOut="1800000" id="4acf3af9-50a6-4c83-90d4-8036f7b80c8c" />
      <TestMethod codeBase="D:/Development/AdeTyper/AdeTyper/AdemolaTyperTest/bin/Debug/AdemolaTyperTest.DLL" adapterTypeName="Microsoft.VisualStudio.TestTools.TestTypes.Unit.UnitTestAdapter, Microsoft.VisualStudio.QualityTools.Tips.UnitTest.Adapter, Version=10.0.0.0, Culture=neutral, PublicKeyToken=b03f5f7f11d50a3a" className="AdemolaTyperTest.ViewModels.WordViewModelTests, AdemolaTyperTest, Version=1.0.0.0, Culture=neutral, PublicKeyToken=null" name="ShouldSetTheStartTimeOnProcessStart" />
    </UnitTest>
    <UnitTest name="TestMethod1" storage="d:\development\adetyper\adetyper\ademolatypertest\bin\debug\ademolatypertest.dll" id="69dfb3d8-b49f-39f5-f3e0-1b2a4144efbd">
      <Execution timeOut="1800000" id="1a005418-615e-4d0a-bee6-313626ee92ee" />
      <TestMethod codeBase="D:/Development/AdeTyper/AdeTyper/AdemolaTyperTest/bin/Debug/AdemolaTyperTest.DLL" adapterTypeName="Microsoft.VisualStudio.TestTools.TestTypes.Unit.UnitTestAdapter, Microsoft.VisualStudio.QualityTools.Tips.UnitTest.Adapter, Version=10.0.0.0, Culture=neutral, PublicKeyToken=b03f5f7f11d50a3a" className="AdemolaTyperTest.UnitTest1, AdemolaTyperTest, Version=1.0.0.0, Culture=neutral, PublicKeyToken=null" name="TestMethod1" />
    </UnitTest>
    <UnitTest name="ShouldMatchCharKeyWithWordLetter" storage="d:\development\adetyper\adetyper\ademolatypertest\bin\debug\ademolatypertest.dll" id="f21ef2a1-a532-ebe9-1048-cc013e958dad">
      <Execution timeOut="1800000" id="75990b37-2662-451a-83ac-dd228176558d" />
      <TestMethod codeBase="D:/Development/AdeTyper/AdeTyper/AdemolaTyperTest/bin/Debug/AdemolaTyperTest.DLL" adapterTypeName="Microsoft.VisualStudio.TestTools.TestTypes.Unit.UnitTestAdapter, Microsoft.VisualStudio.QualityTools.Tips.UnitTest.Adapter, Version=10.0.0.0, Culture=neutral, PublicKeyToken=b03f5f7f11d50a3a" className="AdemolaTyperTest.ViewModels.WordViewModelTests, AdemolaTyperTest, Version=1.0.0.0, Culture=neutral, PublicKeyToken=null" name="ShouldMatchCharKeyWithWordLetter" />
    </UnitTest>
    <UnitTest name="Should_fire_command_on_main_viewmodel_to_indicate_the_word_has_received_all_chars" storage="d:\development\adetyper\adetyper\ademolatypertest\bin\debug\ademolatypertest.dll" id="26728450-04b7-4a8c-efea-70fef7ec8e9d">
      <Execution timeOut="1800000" id="5233ea61-54d8-43c6-8648-406e905be006" />
      <TestMethod codeBase="D:/Development/AdeTyper/AdeTyper/AdemolaTyperTest/bin/Debug/AdemolaTyperTest.DLL" adapterTypeName="Microsoft.VisualStudio.TestTools.TestTypes.Unit.UnitTestAdapter, Microsoft.VisualStudio.QualityTools.Tips.UnitTest.Adapter, Version=10.0.0.0, Culture=neutral, PublicKeyToken=b03f5f7f11d50a3a" className="AdemolaTyperTest.ViewModels.WordViewModelTests, AdemolaTyperTest, Version=1.0.0.0, Culture=neutral, PublicKeyToken=null" name="Should_fire_command_on_main_viewmodel_to_indicate_the_word_has_received_all_chars" />
    </UnitTest>
    <UnitTest name="Should_Pass_The_letter_to_the_current_word_viewmodel" storage="d:\development\adetyper\adetyper\ademolatypertest\bin\debug\ademolatypertest.dll" id="1ee798ed-32a0-8d93-805e-a33bfa8a8fb7">
      <Execution timeOut="1800000" id="dff35f89-845d-44de-8691-e2bb12e0d616" />
      <TestMethod codeBase="D:/Development/AdeTyper/AdeTyper/AdemolaTyperTest/bin/Debug/AdemolaTyperTest.DLL" adapterTypeName="Microsoft.VisualStudio.TestTools.TestTypes.Unit.UnitTestAdapter, Microsoft.VisualStudio.QualityTools.Tips.UnitTest.Adapter, Version=10.0.0.0, Culture=neutral, PublicKeyToken=b03f5f7f11d50a3a" className="AdemolaTyperTest.ViewModels.WordViewModelTests, AdemolaTyperTest, Version=1.0.0.0, Culture=neutral, PublicKeyToken=null" name="Should_Pass_The_letter_to_the_current_word_viewmodel" />
    </UnitTest>
  </TestDefinitions>
  <TestLists>
    <TestList name="Results Not in a List" id="8c84fa94-04c1-424b-9868-57a2d4851a1d" />
    <TestList name="All Loaded Results" id="19431567-8539-422a-85d7-44ee4e166bda" />
  </TestLists>
  <TestEntries>
    <TestEntry testId="69dfb3d8-b49f-39f5-f3e0-1b2a4144efbd" executionId="1a005418-615e-4d0a-bee6-313626ee92ee" testListId="8c84fa94-04c1-424b-9868-57a2d4851a1d" />
    <TestEntry testId="7769eaa6-497f-dacf-de99-e86e773cadc6" executionId="b17ffc8d-7258-460e-ac93-a658b6c36b56" testListId="8c84fa94-04c1-424b-9868-57a2d4851a1d" />
    <TestEntry testId="648157f9-f5bc-a1a3-5d43-1c5426c2dfc1" executionId="90cd829e-9dc7-41ed-b15b-62651dab781c" testListId="8c84fa94-04c1-424b-9868-57a2d4851a1d" />
    <TestEntry testId="0115b9c7-1e7a-61ce-8fe7-657e43ba04c3" executionId="0da15e2e-33bf-42af-a6fc-6d4ab7f5267d" testListId="8c84fa94-04c1-424b-9868-57a2d4851a1d" />
    <TestEntry testId="86554665-dc66-0791-30b3-396bf871fed3" executionId="babe0c4b-f8ce-4c1e-8156-9122538333af" testListId="8c84fa94-04c1-424b-9868-57a2d4851a1d" />
    <TestEntry testId="2a38c16d-ee06-7a93-80fe-c5421a186855" executionId="3deb5586-cc9a-4797-9070-973b2632f004" testListId="8c84fa94-04c1-424b-9868-57a2d4851a1d" />
    <TestEntry testId="298bfbc1-b9de-e7db-4e1e-b187c97ce7ba" executionId="d4dc9f4c-748f-4ed6-8289-2a7e379fd827" testListId="8c84fa94-04c1-424b-9868-57a2d4851a1d" />
    <TestEntry testId="a368f72d-8afc-b3cc-0dc5-6100dbc7da92" executionId="d27ce52f-d541-425a-b065-5403affbd50b" testListId="8c84fa94-04c1-424b-9868-57a2d4851a1d" />
    <TestEntry testId="26728450-04b7-4a8c-efea-70fef7ec8e9d" executionId="5233ea61-54d8-43c6-8648-406e905be006" testListId="8c84fa94-04c1-424b-9868-57a2d4851a1d" />
    <TestEntry testId="1ee798ed-32a0-8d93-805e-a33bfa8a8fb7" executionId="dff35f89-845d-44de-8691-e2bb12e0d616" testListId="8c84fa94-04c1-424b-9868-57a2d4851a1d" />
    <TestEntry testId="f21ef2a1-a532-ebe9-1048-cc013e958dad" executionId="75990b37-2662-451a-83ac-dd228176558d" testListId="8c84fa94-04c1-424b-9868-57a2d4851a1d" />
    <TestEntry testId="10fe7e01-a2f3-55bc-ee27-a170d021d54f" executionId="4acf3af9-50a6-4c83-90d4-8036f7b80c8c" testListId="8c84fa94-04c1-424b-9868-57a2d4851a1d" />
    <TestEntry testId="d00b2144-820f-6d3d-014c-c2637a035d1c" executionId="addf2d00-4cf4-486a-8ebd-c3a042e4fa5a" testListId="8c84fa94-04c1-424b-9868-57a2d4851a1d" />
  </TestEntries>
  <Results>
    <UnitTestResult executionId="1a005418-615e-4d0a-bee6-313626ee92ee" testId="69dfb3d8-b49f-39f5-f3e0-1b2a4144efbd" testName="TestMethod1" computerName="WIN7-64-V8" duration="00:00:00.0132928" startTime="2010-12-23T11:55:35.5760000+00:00" endTime="2010-12-23T11:55:35.6590000+00:00" testType="13cdc9d9-ddb5-4fa4-a97d-d965ccfc6d4b" outcome="Passed" testListId="8c84fa94-04c1-424b-9868-57a2d4851a1d" relativeResultsDirectory="1a005418-615e-4d0a-bee6-313626ee92ee">
    </UnitTestResult>
    <UnitTestResult executionId="b17ffc8d-7258-460e-ac93-a658b6c36b56" testId="7769eaa6-497f-dacf-de99-e86e773cadc6" testName="Should_calulate_and_return_type_speed" computerName="WIN7-64-V8" duration="00:00:00.6359794" startTime="2010-12-23T11:55:35.6620000+00:00" endTime="2010-12-23T11:55:36.2990000+00:00" testType="13cdc9d9-ddb5-4fa4-a97d-d965ccfc6d4b" outcome="Passed" testListId="8c84fa94-04c1-424b-9868-57a2d4851a1d" relativeResultsDirectory="b17ffc8d-7258-460e-ac93-a658b6c36b56">
    </UnitTestResult>
    <UnitTestResult executionId="90cd829e-9dc7-41ed-b15b-62651dab781c" testId="648157f9-f5bc-a1a3-5d43-1c5426c2dfc1" testName="Should_set_the_completed_flag_when_the_last_word_has_been_processed" computerName="WIN7-64-V8" duration="00:00:00.0034443" startTime="2010-12-23T11:55:36.3020000+00:00" endTime="2010-12-23T11:55:36.3060000+00:00" testType="13cdc9d9-ddb5-4fa4-a97d-d965ccfc6d4b" outcome="Passed" testListId="8c84fa94-04c1-424b-9868-57a2d4851a1d" relativeResultsDirectory="90cd829e-9dc7-41ed-b15b-62651dab781c">
    </UnitTestResult>
    <UnitTestResult executionId="0da15e2e-33bf-42af-a6fc-6d4ab7f5267d" testId="0115b9c7-1e7a-61ce-8fe7-657e43ba04c3" testName="Should_set_the_CurrentWord_when_the_CurrentWordIsProcessed_Command_is_fired" computerName="WIN7-64-V8" duration="00:00:00.0017217" startTime="2010-12-23T11:55:36.3080000+00:00" endTime="2010-12-23T11:55:36.3100000+00:00" testType="13cdc9d9-ddb5-4fa4-a97d-d965ccfc6d4b" outcome="Passed" testListId="8c84fa94-04c1-424b-9868-57a2d4851a1d" relativeResultsDirectory="0da15e2e-33bf-42af-a6fc-6d4ab7f5267d">
    </UnitTestResult>
    <UnitTestResult executionId="babe0c4b-f8ce-4c1e-8156-9122538333af" testId="86554665-dc66-0791-30b3-396bf871fed3" testName="ShouldSetTheCurrentWorkspaceToGameOneViewModel" computerName="WIN7-64-V8" duration="00:00:00.1736464" startTime="2010-12-23T11:55:36.3120000+00:00" endTime="2010-12-23T11:55:36.4870000+00:00" testType="13cdc9d9-ddb5-4fa4-a97d-d965ccfc6d4b" outcome="Passed" testListId="8c84fa94-04c1-424b-9868-57a2d4851a1d" relativeResultsDirectory="babe0c4b-f8ce-4c1e-8156-9122538333af">
    </UnitTestResult>
    <UnitTestResult executionId="3deb5586-cc9a-4797-9070-973b2632f004" testId="2a38c16d-ee06-7a93-80fe-c5421a186855" testName="ShouldLoadUpTheOptionsViewModelAsTheMainViewModel" computerName="WIN7-64-V8" duration="00:00:00.0004465" startTime="2010-12-23T11:55:36.4900000+00:00" endTime="2010-12-23T11:55:36.4920000+00:00" testType="13cdc9d9-ddb5-4fa4-a97d-d965ccfc6d4b" outcome="Passed" testListId="8c84fa94-04c1-424b-9868-57a2d4851a1d" relativeResultsDirectory="3deb5586-cc9a-4797-9070-973b2632f004">
    </UnitTestResult>
    <UnitTestResult executionId="d4dc9f4c-748f-4ed6-8289-2a7e379fd827" testId="298bfbc1-b9de-e7db-4e1e-b187c97ce7ba" testName="ShouldFireGameOneEvent" computerName="WIN7-64-V8" duration="00:00:00.0011350" startTime="2010-12-23T11:55:36.4940000+00:00" endTime="2010-12-23T11:55:36.4960000+00:00" testType="13cdc9d9-ddb5-4fa4-a97d-d965ccfc6d4b" outcome="Passed" testListId="8c84fa94-04c1-424b-9868-57a2d4851a1d" relativeResultsDirectory="d4dc9f4c-748f-4ed6-8289-2a7e379fd827">
    </UnitTestResult>
    <UnitTestResult executionId="d27ce52f-d541-425a-b065-5403affbd50b" testId="a368f72d-8afc-b3cc-0dc5-6100dbc7da92" testName="ShouldFireMenuViewCloseEvent" computerName="WIN7-64-V8" duration="00:00:00.0001754" startTime="2010-12-23T11:55:36.4980000+00:00" endTime="2010-12-23T11:55:36.4990000+00:00" testType="13cdc9d9-ddb5-4fa4-a97d-d965ccfc6d4b" outcome="Passed" testListId="8c84fa94-04c1-424b-9868-57a2d4851a1d" relativeResultsDirectory="d27ce52f-d541-425a-b065-5403affbd50b">
    </UnitTestResult>
    <UnitTestResult executionId="5233ea61-54d8-43c6-8648-406e905be006" testId="26728450-04b7-4a8c-efea-70fef7ec8e9d" testName="Should_fire_command_on_main_viewmodel_to_indicate_the_word_has_received_all_chars" computerName="WIN7-64-V8" duration="00:00:00.0011650" startTime="2010-12-23T11:55:36.5000000+00:00" endTime="2010-12-23T11:55:36.5020000+00:00" testType="13cdc9d9-ddb5-4fa4-a97d-d965ccfc6d4b" outcome="Passed" testListId="8c84fa94-04c1-424b-9868-57a2d4851a1d" relativeResultsDirectory="5233ea61-54d8-43c6-8648-406e905be006">
    </UnitTestResult>
    <UnitTestResult executionId="dff35f89-845d-44de-8691-e2bb12e0d616" testId="1ee798ed-32a0-8d93-805e-a33bfa8a8fb7" testName="Should_Pass_The_letter_to_the_current_word_viewmodel" computerName="WIN7-64-V8" duration="00:00:00.0013581" startTime="2010-12-23T11:55:36.5050000+00:00" endTime="2010-12-23T11:55:36.5070000+00:00" testType="13cdc9d9-ddb5-4fa4-a97d-d965ccfc6d4b" outcome="Passed" testListId="8c84fa94-04c1-424b-9868-57a2d4851a1d" relativeResultsDirectory="dff35f89-845d-44de-8691-e2bb12e0d616">
    </UnitTestResult>
    <UnitTestResult executionId="75990b37-2662-451a-83ac-dd228176558d" testId="f21ef2a1-a532-ebe9-1048-cc013e958dad" testName="ShouldMatchCharKeyWithWordLetter" computerName="WIN7-64-V8" duration="00:00:00.0005494" startTime="2010-12-23T11:55:36.5090000+00:00" endTime="2010-12-23T11:55:36.5110000+00:00" testType="13cdc9d9-ddb5-4fa4-a97d-d965ccfc6d4b" outcome="Passed" testListId="8c84fa94-04c1-424b-9868-57a2d4851a1d" relativeResultsDirectory="75990b37-2662-451a-83ac-dd228176558d">
    </UnitTestResult>
    <UnitTestResult executionId="4acf3af9-50a6-4c83-90d4-8036f7b80c8c" testId="10fe7e01-a2f3-55bc-ee27-a170d021d54f" testName="ShouldSetTheStartTimeOnProcessStart" computerName="WIN7-64-V8" duration="00:00:00.0004461" startTime="2010-12-23T11:55:36.5130000+00:00" endTime="2010-12-23T11:55:36.5140000+00:00" testType="13cdc9d9-ddb5-4fa4-a97d-d965ccfc6d4b" outcome="Passed" testListId="8c84fa94-04c1-424b-9868-57a2d4851a1d" relativeResultsDirectory="4acf3af9-50a6-4c83-90d4-8036f7b80c8c">
    </UnitTestResult>
    <UnitTestResult executionId="addf2d00-4cf4-486a-8ebd-c3a042e4fa5a" testId="d00b2144-820f-6d3d-014c-c2637a035d1c" testName="ShouldStoreTheCurrentTypedLetter" computerName="WIN7-64-V8" duration="00:00:00.0008800" startTime="2010-12-23T11:55:36.5160000+00:00" endTime="2010-12-23T11:55:36.5180000+00:00" testType="13cdc9d9-ddb5-4fa4-a97d-d965ccfc6d4b" outcome="Passed" testListId="8c84fa94-04c1-424b-9868-57a2d4851a1d" relativeResultsDirectory="addf2d00-4cf4-486a-8ebd-c3a042e4fa5a">
    </UnitTestResult>
  </Results>
</TestRun>