<?xml version="1.0" encoding="UTF-8"?>
<TestRun id="e555e009-b3c0-4e29-9c90-83bed9803ad4" name="abdulrahaman@WIN7-64-V8 2010-10-04 23:08:42" runUser="Win7-64-V8\abdulrahaman" xmlns="http://microsoft.com/schemas/VisualStudio/TeamTest/2010">
  <TestSettings name="Local" id="b1560943-7018-4910-abf8-da8c7b6eda55">
    <Description>These are default test settings for a local test run.</Description>
    <Deployment enabled="false" runDeploymentRoot="abdulrahaman_WIN7-64-V8 2010-10-04 23_08_42" />
    <Execution>
      <TestTypeSpecific />
      <AgentRule name="Execution Agents">
      </AgentRule>
    </Execution>
  </TestSettings>
  <Times creation="2010-10-04T23:08:42.5010000+01:00" queuing="2010-10-04T23:08:42.7650000+01:00" start="2010-10-04T23:08:42.9470000+01:00" finish="2010-10-04T23:08:43.3450000+01:00" />
  <ResultSummary outcome="Failed">
    <Counters total="1" executed="1" error="0" failed="1" timeout="0" aborted="0" inconclusive="0" passedButRunAborted="0" notRunnable="0" notExecuted="0" disconnected="0" warning="0" passed="0" completed="0" inProgress="0" pending="0" />
  </ResultSummary>
  <TestDefinitions>
    <UnitTest name="Should_Pass_The_letter_to_the_current_word_viewmodel" storage="d:\development\ademolatyper\ademolatypertest\bin\debug\ademolatypertest.dll" id="1ee798ed-32a0-8d93-805e-a33bfa8a8fb7">
      <Execution timeOut="1800000" id="53551bc2-a4b2-4600-8970-dfc9e68cc684" />
      <TestMethod codeBase="D:/Development/AdemolaTyper/AdemolaTyperTest/bin/Debug/AdemolaTyperTest.DLL" adapterTypeName="Microsoft.VisualStudio.TestTools.TestTypes.Unit.UnitTestAdapter, Microsoft.VisualStudio.QualityTools.Tips.UnitTest.Adapter, Version=10.0.0.0, Culture=neutral, PublicKeyToken=b03f5f7f11d50a3a" className="AdemolaTyperTest.ViewModels.WordViewModelTests, AdemolaTyperTest, Version=1.0.0.0, Culture=neutral, PublicKeyToken=null" name="Should_Pass_The_letter_to_the_current_word_viewmodel" />
    </UnitTest>
  </TestDefinitions>
  <TestLists>
    <TestList name="Results Not in a List" id="8c84fa94-04c1-424b-9868-57a2d4851a1d" />
    <TestList name="All Loaded Results" id="19431567-8539-422a-85d7-44ee4e166bda" />
  </TestLists>
  <TestEntries>
    <TestEntry testId="1ee798ed-32a0-8d93-805e-a33bfa8a8fb7" executionId="53551bc2-a4b2-4600-8970-dfc9e68cc684" testListId="8c84fa94-04c1-424b-9868-57a2d4851a1d" />
  </TestEntries>
  <Results>
    <UnitTestResult executionId="53551bc2-a4b2-4600-8970-dfc9e68cc684" testId="1ee798ed-32a0-8d93-805e-a33bfa8a8fb7" testName="Should_Pass_The_letter_to_the_current_word_viewmodel" computerName="WIN7-64-V8" duration="00:00:00.1272960" startTime="2010-10-04T23:08:43.0770000+01:00" endTime="2010-10-04T23:08:43.2700000+01:00" testType="13cdc9d9-ddb5-4fa4-a97d-d965ccfc6d4b" outcome="Failed" testListId="8c84fa94-04c1-424b-9868-57a2d4851a1d" relativeResultsDirectory="53551bc2-a4b2-4600-8970-dfc9e68cc684">
      <Output>
        <ErrorInfo>
          <Message>Test method AdemolaTyperTest.ViewModels.WordViewModelTests.Should_Pass_The_letter_to_the_current_word_viewmodel threw exception: 
System.FormatException: String must be exactly one character long.</Message>
          <StackTrace>    at System.Convert.ToChar(String value, IFormatProvider provider)
   at System.Convert.ToChar(String value)
   at AdemolaTyper.ViewModels.WordViewModel.WordTypeReceived(Object letterTyped) in D:\Development\AdemolaTyper\AdemolaTyper\ViewModels\WordViewModel.cs:line 66
   at AdemolaTyper.ViewModels.WordViewModel.&lt;get_WordTyped&gt;b__0(Object param) in D:\Development\AdemolaTyper\AdemolaTyper\ViewModels\WordViewModel.cs:line 57
   at AdemolaTyper.Commands.RelayCommand.Execute(Object parameter) in D:\Development\AdemolaTyper\AdemolaTyper\Commands\RelayCommand.cs:line 66
   at AdemolaTyper.ViewModels.MainViewModel.keyPressed(Object key) in D:\Development\AdemolaTyper\AdemolaTyper\ViewModels\MainViewModel.cs:line 101
   at AdemolaTyper.ViewModels.MainViewModel.&lt;get_KeyPressReceivedCommand&gt;b__0(Object param) in D:\Development\AdemolaTyper\AdemolaTyper\ViewModels\MainViewModel.cs:line 44
   at AdemolaTyper.Commands.RelayCommand.Execute(Object parameter) in D:\Development\AdemolaTyper\AdemolaTyper\Commands\RelayCommand.cs:line 66
   at AdemolaTyperTest.ViewModels.WordViewModelTests.Should_Pass_The_letter_to_the_current_word_viewmodel() in D:\Development\AdemolaTyper\AdemolaTyperTest\ViewModels\WordViewModelTests.cs:line 69
</StackTrace>
        </ErrorInfo>
      </Output>
    </UnitTestResult>
  </Results>
</TestRun>