<?xml version="1.0" encoding="UTF-8"?>
<TestRun id="a774e79f-c7b7-4f5f-a671-03b98f513196" name="abdulrahaman@WIN7-64-V8 2010-12-23 11:06:51" runUser="Win7-64-V8\abdulrahaman" xmlns="http://microsoft.com/schemas/VisualStudio/TeamTest/2010">
  <TestSettings name="Local" id="b1560943-7018-4910-abf8-da8c7b6eda55">
    <Description>These are default test settings for a local test run.</Description>
    <Deployment enabled="false" runDeploymentRoot="abdulrahaman_WIN7-64-V8 2010-12-23 11_06_51" />
    <Execution>
      <TestTypeSpecific />
      <AgentRule name="Execution Agents">
      </AgentRule>
    </Execution>
  </TestSettings>
  <Times creation="2010-12-23T11:06:51.4530000+00:00" queuing="2010-12-23T11:06:51.7340000+00:00" start="2010-12-23T11:06:51.9170000+00:00" finish="2010-12-23T11:06:53.1300000+00:00" />
  <ResultSummary outcome="Completed">
    <Counters total="13" executed="13" passed="13" error="0" failed="0" timeout="0" aborted="0" inconclusive="0" passedButRunAborted="0" notRunnable="0" notExecuted="0" disconnected="0" warning="0" completed="0" inProgress="0" pending="0" />
  </ResultSummary>
  <TestDefinitions>
    <UnitTest name="ShouldSetTheCurrentWorkspaceToGameOneViewModel" storage="d:\development\adetyper\adetyper\ademolatypertest\bin\debug\ademolatypertest.dll" id="86554665-dc66-0791-30b3-396bf871fed3">
      <Execution timeOut="1800000" id="d1bea9d2-eeb6-4ace-9b6f-8d7e7f86ec3a" />
      <TestMethod codeBase="D:/Development/AdeTyper/AdeTyper/AdemolaTyperTest/bin/Debug/AdemolaTyperTest.DLL" adapterTypeName="Microsoft.VisualStudio.TestTools.TestTypes.Unit.UnitTestAdapter, Microsoft.VisualStudio.QualityTools.Tips.UnitTest.Adapter, Version=10.0.0.0, Culture=neutral, PublicKeyToken=b03f5f7f11d50a3a" className="AdemolaTyperTest.ViewModels.WhenHomeViewModelIsAskedToCloseMenuView, AdemolaTyperTest, Version=1.0.0.0, Culture=neutral, PublicKeyToken=null" name="ShouldSetTheCurrentWorkspaceToGameOneViewModel" />
    </UnitTest>
    <UnitTest name="Should_set_the_CurrentWord_when_the_CurrentWordIsProcessed_Command_is_fired" storage="d:\development\adetyper\adetyper\ademolatypertest\bin\debug\ademolatypertest.dll" id="0115b9c7-1e7a-61ce-8fe7-657e43ba04c3">
      <Execution timeOut="1800000" id="0a42dee9-8449-4d1c-abed-7f6fb461a6ba" />
      <TestMethod codeBase="D:/Development/AdeTyper/AdeTyper/AdemolaTyperTest/bin/Debug/AdemolaTyperTest.DLL" adapterTypeName="Microsoft.VisualStudio.TestTools.TestTypes.Unit.UnitTestAdapter, Microsoft.VisualStudio.QualityTools.Tips.UnitTest.Adapter, Version=10.0.0.0, Culture=neutral, PublicKeyToken=b03f5f7f11d50a3a" className="AdemolaTyperTest.ViewModels.GameOne.WhenProcessingGameOneViewModel, AdemolaTyperTest, Version=1.0.0.0, Culture=neutral, PublicKeyToken=null" name="Should_set_the_CurrentWord_when_the_CurrentWordIsProcessed_Command_is_fired" />
    </UnitTest>
    <UnitTest name="ShouldStoreTheCurrentTypedLetter" storage="d:\development\adetyper\adetyper\ademolatypertest\bin\debug\ademolatypertest.dll" id="d00b2144-820f-6d3d-014c-c2637a035d1c">
      <Execution timeOut="1800000" id="92e95ead-8610-4266-a5fa-32df5104ec55" />
      <TestMethod codeBase="D:/Development/AdeTyper/AdeTyper/AdemolaTyperTest/bin/Debug/AdemolaTyperTest.DLL" adapterTypeName="Microsoft.VisualStudio.TestTools.TestTypes.Unit.UnitTestAdapter, Microsoft.VisualStudio.QualityTools.Tips.UnitTest.Adapter, Version=10.0.0.0, Culture=neutral, PublicKeyToken=b03f5f7f11d50a3a" className="AdemolaTyperTest.ViewModels.WordViewModelTests, AdemolaTyperTest, Version=1.0.0.0, Culture=neutral, PublicKeyToken=null" name="ShouldStoreTheCurrentTypedLetter" />
    </UnitTest>
    <UnitTest name="ShouldFireMenuViewCloseEvent" storage="d:\development\adetyper\adetyper\ademolatypertest\bin\debug\ademolatypertest.dll" id="a368f72d-8afc-b3cc-0dc5-6100dbc7da92">
      <Execution timeOut="1800000" id="a6d09fed-7e10-4fef-a493-6023ec214c66" />
      <TestMethod codeBase="D:/Development/AdeTyper/AdeTyper/AdemolaTyperTest/bin/Debug/AdemolaTyperTest.DLL" adapterTypeName="Microsoft.VisualStudio.TestTools.TestTypes.Unit.UnitTestAdapter, Microsoft.VisualStudio.QualityTools.Tips.UnitTest.Adapter, Version=10.0.0.0, Culture=neutral, PublicKeyToken=b03f5f7f11d50a3a" className="AdemolaTyperTest.ViewModels.WhenMenuViewModelIsAskedToPlayGameOne, AdemolaTyperTest, Version=1.0.0.0, Culture=neutral, PublicKeyToken=null" name="ShouldFireMenuViewCloseEvent" />
    </UnitTest>
    <UnitTest name="ShouldLoadUpTheOptionsViewModelAsTheMainViewModel" storage="d:\development\adetyper\adetyper\ademolatypertest\bin\debug\ademolatypertest.dll" id="2a38c16d-ee06-7a93-80fe-c5421a186855">
      <Execution timeOut="1800000" id="3206174a-981a-49d0-b050-a844fce69de3" />
      <TestMethod codeBase="D:/Development/AdeTyper/AdeTyper/AdemolaTyperTest/bin/Debug/AdemolaTyperTest.DLL" adapterTypeName="Microsoft.VisualStudio.TestTools.TestTypes.Unit.UnitTestAdapter, Microsoft.VisualStudio.QualityTools.Tips.UnitTest.Adapter, Version=10.0.0.0, Culture=neutral, PublicKeyToken=b03f5f7f11d50a3a" className="AdemolaTyperTest.ViewModels.WhenHomeViewModelIsInstantiated, AdemolaTyperTest, Version=1.0.0.0, Culture=neutral, PublicKeyToken=null" name="ShouldLoadUpTheOptionsViewModelAsTheMainViewModel" />
    </UnitTest>
    <UnitTest name="ShouldFireGameOneEvent" storage="d:\development\adetyper\adetyper\ademolatypertest\bin\debug\ademolatypertest.dll" id="298bfbc1-b9de-e7db-4e1e-b187c97ce7ba">
      <Execution timeOut="1800000" id="c1a7343f-d9b1-430e-8936-a03b4f204713" />
      <TestMethod codeBase="D:/Development/AdeTyper/AdeTyper/AdemolaTyperTest/bin/Debug/AdemolaTyperTest.DLL" adapterTypeName="Microsoft.VisualStudio.TestTools.TestTypes.Unit.UnitTestAdapter, Microsoft.VisualStudio.QualityTools.Tips.UnitTest.Adapter, Version=10.0.0.0, Culture=neutral, PublicKeyToken=b03f5f7f11d50a3a" className="AdemolaTyperTest.ViewModels.WhenMenuViewModelIsAskedToPlayGameOne, AdemolaTyperTest, Version=1.0.0.0, Culture=neutral, PublicKeyToken=null" name="ShouldFireGameOneEvent" />
    </UnitTest>
    <UnitTest name="Should_set_the_completed_flag_when_the_last_word_has_been_processed" storage="d:\development\adetyper\adetyper\ademolatypertest\bin\debug\ademolatypertest.dll" id="648157f9-f5bc-a1a3-5d43-1c5426c2dfc1">
      <Execution timeOut="1800000" id="9e285b4a-1b7e-4ebf-b420-76db5a4fc300" />
      <TestMethod codeBase="D:/Development/AdeTyper/AdeTyper/AdemolaTyperTest/bin/Debug/AdemolaTyperTest.DLL" adapterTypeName="Microsoft.VisualStudio.TestTools.TestTypes.Unit.UnitTestAdapter, Microsoft.VisualStudio.QualityTools.Tips.UnitTest.Adapter, Version=10.0.0.0, Culture=neutral, PublicKeyToken=b03f5f7f11d50a3a" className="AdemolaTyperTest.ViewModels.GameOne.WhenProcessingGameOneViewModel, AdemolaTyperTest, Version=1.0.0.0, Culture=neutral, PublicKeyToken=null" name="Should_set_the_completed_flag_when_the_last_word_has_been_processed" />
    </UnitTest>
    <UnitTest name="Should_calulate_and_return_type_speed" storage="d:\development\adetyper\adetyper\ademolatypertest\bin\debug\ademolatypertest.dll" id="7769eaa6-497f-dacf-de99-e86e773cadc6">
      <Execution timeOut="1800000" id="591e75ee-33a3-4b94-bdc5-0ade95b7ed00" />
      <TestMethod codeBase="D:/Development/AdeTyper/AdeTyper/AdemolaTyperTest/bin/Debug/AdemolaTyperTest.DLL" adapterTypeName="Microsoft.VisualStudio.TestTools.TestTypes.Unit.UnitTestAdapter, Microsoft.VisualStudio.QualityTools.Tips.UnitTest.Adapter, Version=10.0.0.0, Culture=neutral, PublicKeyToken=b03f5f7f11d50a3a" className="AdemolaTyperTest.ViewModels.GameOne.WhenProcessingGameOneViewModel, AdemolaTyperTest, Version=1.0.0.0, Culture=neutral, PublicKeyToken=null" name="Should_calulate_and_return_type_speed" />
    </UnitTest>
    <UnitTest name="ShouldSetTheStartTimeOnProcessStart" storage="d:\development\adetyper\adetyper\ademolatypertest\bin\debug\ademolatypertest.dll" id="10fe7e01-a2f3-55bc-ee27-a170d021d54f">
      <Execution timeOut="1800000" id="a55efb4e-63cb-43ff-a246-6ce1cc348c45" />
      <TestMethod codeBase="D:/Development/AdeTyper/AdeTyper/AdemolaTyperTest/bin/Debug/AdemolaTyperTest.DLL" adapterTypeName="Microsoft.VisualStudio.TestTools.TestTypes.Unit.UnitTestAdapter, Microsoft.VisualStudio.QualityTools.Tips.UnitTest.Adapter, Version=10.0.0.0, Culture=neutral, PublicKeyToken=b03f5f7f11d50a3a" className="AdemolaTyperTest.ViewModels.WordViewModelTests, AdemolaTyperTest, Version=1.0.0.0, Culture=neutral, PublicKeyToken=null" name="ShouldSetTheStartTimeOnProcessStart" />
    </UnitTest>
    <UnitTest name="TestMethod1" storage="d:\development\adetyper\adetyper\ademolatypertest\bin\debug\ademolatypertest.dll" id="69dfb3d8-b49f-39f5-f3e0-1b2a4144efbd">
      <Execution timeOut="1800000" id="bebb2cde-5366-4e90-bb2f-fad530aaf125" />
      <TestMethod codeBase="D:/Development/AdeTyper/AdeTyper/AdemolaTyperTest/bin/Debug/AdemolaTyperTest.DLL" adapterTypeName="Microsoft.VisualStudio.TestTools.TestTypes.Unit.UnitTestAdapter, Microsoft.VisualStudio.QualityTools.Tips.UnitTest.Adapter, Version=10.0.0.0, Culture=neutral, PublicKeyToken=b03f5f7f11d50a3a" className="AdemolaTyperTest.UnitTest1, AdemolaTyperTest, Version=1.0.0.0, Culture=neutral, PublicKeyToken=null" name="TestMethod1" />
    </UnitTest>
    <UnitTest name="ShouldMatchCharKeyWithWordLetter" storage="d:\development\adetyper\adetyper\ademolatypertest\bin\debug\ademolatypertest.dll" id="f21ef2a1-a532-ebe9-1048-cc013e958dad">
      <Execution timeOut="1800000" id="78eeee6e-c363-4543-bc59-84051e974618" />
      <TestMethod codeBase="D:/Development/AdeTyper/AdeTyper/AdemolaTyperTest/bin/Debug/AdemolaTyperTest.DLL" adapterTypeName="Microsoft.VisualStudio.TestTools.TestTypes.Unit.UnitTestAdapter, Microsoft.VisualStudio.QualityTools.Tips.UnitTest.Adapter, Version=10.0.0.0, Culture=neutral, PublicKeyToken=b03f5f7f11d50a3a" className="AdemolaTyperTest.ViewModels.WordViewModelTests, AdemolaTyperTest, Version=1.0.0.0, Culture=neutral, PublicKeyToken=null" name="ShouldMatchCharKeyWithWordLetter" />
    </UnitTest>
    <UnitTest name="Should_fire_command_on_main_viewmodel_to_indicate_the_word_has_received_all_chars" storage="d:\development\adetyper\adetyper\ademolatypertest\bin\debug\ademolatypertest.dll" id="26728450-04b7-4a8c-efea-70fef7ec8e9d">
      <Execution timeOut="1800000" id="d2ee11c2-9faa-4c37-879e-e9d0f6d3acef" />
      <TestMethod codeBase="D:/Development/AdeTyper/AdeTyper/AdemolaTyperTest/bin/Debug/AdemolaTyperTest.DLL" adapterTypeName="Microsoft.VisualStudio.TestTools.TestTypes.Unit.UnitTestAdapter, Microsoft.VisualStudio.QualityTools.Tips.UnitTest.Adapter, Version=10.0.0.0, Culture=neutral, PublicKeyToken=b03f5f7f11d50a3a" className="AdemolaTyperTest.ViewModels.WordViewModelTests, AdemolaTyperTest, Version=1.0.0.0, Culture=neutral, PublicKeyToken=null" name="Should_fire_command_on_main_viewmodel_to_indicate_the_word_has_received_all_chars" />
    </UnitTest>
    <UnitTest name="Should_Pass_The_letter_to_the_current_word_viewmodel" storage="d:\development\adetyper\adetyper\ademolatypertest\bin\debug\ademolatypertest.dll" id="1ee798ed-32a0-8d93-805e-a33bfa8a8fb7">
      <Execution timeOut="1800000" id="6c0a40b3-b079-43b0-9b35-4f6f1c697d05" />
      <TestMethod codeBase="D:/Development/AdeTyper/AdeTyper/AdemolaTyperTest/bin/Debug/AdemolaTyperTest.DLL" adapterTypeName="Microsoft.VisualStudio.TestTools.TestTypes.Unit.UnitTestAdapter, Microsoft.VisualStudio.QualityTools.Tips.UnitTest.Adapter, Version=10.0.0.0, Culture=neutral, PublicKeyToken=b03f5f7f11d50a3a" className="AdemolaTyperTest.ViewModels.WordViewModelTests, AdemolaTyperTest, Version=1.0.0.0, Culture=neutral, PublicKeyToken=null" name="Should_Pass_The_letter_to_the_current_word_viewmodel" />
    </UnitTest>
  </TestDefinitions>
  <TestLists>
    <TestList name="Results Not in a List" id="8c84fa94-04c1-424b-9868-57a2d4851a1d" />
    <TestList name="All Loaded Results" id="19431567-8539-422a-85d7-44ee4e166bda" />
  </TestLists>
  <TestEntries>
    <TestEntry testId="69dfb3d8-b49f-39f5-f3e0-1b2a4144efbd" executionId="bebb2cde-5366-4e90-bb2f-fad530aaf125" testListId="8c84fa94-04c1-424b-9868-57a2d4851a1d" />
    <TestEntry testId="7769eaa6-497f-dacf-de99-e86e773cadc6" executionId="591e75ee-33a3-4b94-bdc5-0ade95b7ed00" testListId="8c84fa94-04c1-424b-9868-57a2d4851a1d" />
    <TestEntry testId="648157f9-f5bc-a1a3-5d43-1c5426c2dfc1" executionId="9e285b4a-1b7e-4ebf-b420-76db5a4fc300" testListId="8c84fa94-04c1-424b-9868-57a2d4851a1d" />
    <TestEntry testId="0115b9c7-1e7a-61ce-8fe7-657e43ba04c3" executionId="0a42dee9-8449-4d1c-abed-7f6fb461a6ba" testListId="8c84fa94-04c1-424b-9868-57a2d4851a1d" />
    <TestEntry testId="86554665-dc66-0791-30b3-396bf871fed3" executionId="d1bea9d2-eeb6-4ace-9b6f-8d7e7f86ec3a" testListId="8c84fa94-04c1-424b-9868-57a2d4851a1d" />
    <TestEntry testId="2a38c16d-ee06-7a93-80fe-c5421a186855" executionId="3206174a-981a-49d0-b050-a844fce69de3" testListId="8c84fa94-04c1-424b-9868-57a2d4851a1d" />
    <TestEntry testId="298bfbc1-b9de-e7db-4e1e-b187c97ce7ba" executionId="c1a7343f-d9b1-430e-8936-a03b4f204713" testListId="8c84fa94-04c1-424b-9868-57a2d4851a1d" />
    <TestEntry testId="a368f72d-8afc-b3cc-0dc5-6100dbc7da92" executionId="a6d09fed-7e10-4fef-a493-6023ec214c66" testListId="8c84fa94-04c1-424b-9868-57a2d4851a1d" />
    <TestEntry testId="26728450-04b7-4a8c-efea-70fef7ec8e9d" executionId="d2ee11c2-9faa-4c37-879e-e9d0f6d3acef" testListId="8c84fa94-04c1-424b-9868-57a2d4851a1d" />
    <TestEntry testId="1ee798ed-32a0-8d93-805e-a33bfa8a8fb7" executionId="6c0a40b3-b079-43b0-9b35-4f6f1c697d05" testListId="8c84fa94-04c1-424b-9868-57a2d4851a1d" />
    <TestEntry testId="f21ef2a1-a532-ebe9-1048-cc013e958dad" executionId="78eeee6e-c363-4543-bc59-84051e974618" testListId="8c84fa94-04c1-424b-9868-57a2d4851a1d" />
    <TestEntry testId="10fe7e01-a2f3-55bc-ee27-a170d021d54f" executionId="a55efb4e-63cb-43ff-a246-6ce1cc348c45" testListId="8c84fa94-04c1-424b-9868-57a2d4851a1d" />
    <TestEntry testId="d00b2144-820f-6d3d-014c-c2637a035d1c" executionId="92e95ead-8610-4266-a5fa-32df5104ec55" testListId="8c84fa94-04c1-424b-9868-57a2d4851a1d" />
  </TestEntries>
  <Results>
    <UnitTestResult executionId="bebb2cde-5366-4e90-bb2f-fad530aaf125" testId="69dfb3d8-b49f-39f5-f3e0-1b2a4144efbd" testName="TestMethod1" computerName="WIN7-64-V8" duration="00:00:00.0133788" startTime="2010-12-23T11:06:52.0580000+00:00" endTime="2010-12-23T11:06:52.1420000+00:00" testType="13cdc9d9-ddb5-4fa4-a97d-d965ccfc6d4b" outcome="Passed" testListId="8c84fa94-04c1-424b-9868-57a2d4851a1d" relativeResultsDirectory="bebb2cde-5366-4e90-bb2f-fad530aaf125">
    </UnitTestResult>
    <UnitTestResult executionId="591e75ee-33a3-4b94-bdc5-0ade95b7ed00" testId="7769eaa6-497f-dacf-de99-e86e773cadc6" testName="Should_calulate_and_return_type_speed" computerName="WIN7-64-V8" duration="00:00:00.6937237" startTime="2010-12-23T11:06:52.1450000+00:00" endTime="2010-12-23T11:06:52.8400000+00:00" testType="13cdc9d9-ddb5-4fa4-a97d-d965ccfc6d4b" outcome="Passed" testListId="8c84fa94-04c1-424b-9868-57a2d4851a1d" relativeResultsDirectory="591e75ee-33a3-4b94-bdc5-0ade95b7ed00">
    </UnitTestResult>
    <UnitTestResult executionId="9e285b4a-1b7e-4ebf-b420-76db5a4fc300" testId="648157f9-f5bc-a1a3-5d43-1c5426c2dfc1" testName="Should_set_the_completed_flag_when_the_last_word_has_been_processed" computerName="WIN7-64-V8" duration="00:00:00.0041854" startTime="2010-12-23T11:06:52.8430000+00:00" endTime="2010-12-23T11:06:52.8480000+00:00" testType="13cdc9d9-ddb5-4fa4-a97d-d965ccfc6d4b" outcome="Passed" testListId="8c84fa94-04c1-424b-9868-57a2d4851a1d" relativeResultsDirectory="9e285b4a-1b7e-4ebf-b420-76db5a4fc300">
    </UnitTestResult>
    <UnitTestResult executionId="0a42dee9-8449-4d1c-abed-7f6fb461a6ba" testId="0115b9c7-1e7a-61ce-8fe7-657e43ba04c3" testName="Should_set_the_CurrentWord_when_the_CurrentWordIsProcessed_Command_is_fired" computerName="WIN7-64-V8" duration="00:00:00.0018565" startTime="2010-12-23T11:06:52.8500000+00:00" endTime="2010-12-23T11:06:52.8530000+00:00" testType="13cdc9d9-ddb5-4fa4-a97d-d965ccfc6d4b" outcome="Passed" testListId="8c84fa94-04c1-424b-9868-57a2d4851a1d" relativeResultsDirectory="0a42dee9-8449-4d1c-abed-7f6fb461a6ba">
    </UnitTestResult>
    <UnitTestResult executionId="d1bea9d2-eeb6-4ace-9b6f-8d7e7f86ec3a" testId="86554665-dc66-0791-30b3-396bf871fed3" testName="ShouldSetTheCurrentWorkspaceToGameOneViewModel" computerName="WIN7-64-V8" duration="00:00:00.1696879" startTime="2010-12-23T11:06:52.8550000+00:00" endTime="2010-12-23T11:06:53.0260000+00:00" testType="13cdc9d9-ddb5-4fa4-a97d-d965ccfc6d4b" outcome="Passed" testListId="8c84fa94-04c1-424b-9868-57a2d4851a1d" relativeResultsDirectory="d1bea9d2-eeb6-4ace-9b6f-8d7e7f86ec3a">
    </UnitTestResult>
    <UnitTestResult executionId="3206174a-981a-49d0-b050-a844fce69de3" testId="2a38c16d-ee06-7a93-80fe-c5421a186855" testName="ShouldLoadUpTheOptionsViewModelAsTheMainViewModel" computerName="WIN7-64-V8" duration="00:00:00.0006957" startTime="2010-12-23T11:06:53.0290000+00:00" endTime="2010-12-23T11:06:53.0300000+00:00" testType="13cdc9d9-ddb5-4fa4-a97d-d965ccfc6d4b" outcome="Passed" testListId="8c84fa94-04c1-424b-9868-57a2d4851a1d" relativeResultsDirectory="3206174a-981a-49d0-b050-a844fce69de3">
    </UnitTestResult>
    <UnitTestResult executionId="c1a7343f-d9b1-430e-8936-a03b4f204713" testId="298bfbc1-b9de-e7db-4e1e-b187c97ce7ba" testName="ShouldFireGameOneEvent" computerName="WIN7-64-V8" duration="00:00:00.0011396" startTime="2010-12-23T11:06:53.0330000+00:00" endTime="2010-12-23T11:06:53.0350000+00:00" testType="13cdc9d9-ddb5-4fa4-a97d-d965ccfc6d4b" outcome="Passed" testListId="8c84fa94-04c1-424b-9868-57a2d4851a1d" relativeResultsDirectory="c1a7343f-d9b1-430e-8936-a03b4f204713">
    </UnitTestResult>
    <UnitTestResult executionId="a6d09fed-7e10-4fef-a493-6023ec214c66" testId="a368f72d-8afc-b3cc-0dc5-6100dbc7da92" testName="ShouldFireMenuViewCloseEvent" computerName="WIN7-64-V8" duration="00:00:00.0001900" startTime="2010-12-23T11:06:53.0370000+00:00" endTime="2010-12-23T11:06:53.0380000+00:00" testType="13cdc9d9-ddb5-4fa4-a97d-d965ccfc6d4b" outcome="Passed" testListId="8c84fa94-04c1-424b-9868-57a2d4851a1d" relativeResultsDirectory="a6d09fed-7e10-4fef-a493-6023ec214c66">
    </UnitTestResult>
    <UnitTestResult executionId="d2ee11c2-9faa-4c37-879e-e9d0f6d3acef" testId="26728450-04b7-4a8c-efea-70fef7ec8e9d" testName="Should_fire_command_on_main_viewmodel_to_indicate_the_word_has_received_all_chars" computerName="WIN7-64-V8" duration="00:00:00.0011550" startTime="2010-12-23T11:06:53.0400000+00:00" endTime="2010-12-23T11:06:53.0420000+00:00" testType="13cdc9d9-ddb5-4fa4-a97d-d965ccfc6d4b" outcome="Passed" testListId="8c84fa94-04c1-424b-9868-57a2d4851a1d" relativeResultsDirectory="d2ee11c2-9faa-4c37-879e-e9d0f6d3acef">
    </UnitTestResult>
    <UnitTestResult executionId="6c0a40b3-b079-43b0-9b35-4f6f1c697d05" testId="1ee798ed-32a0-8d93-805e-a33bfa8a8fb7" testName="Should_Pass_The_letter_to_the_current_word_viewmodel" computerName="WIN7-64-V8" duration="00:00:00.0014149" startTime="2010-12-23T11:06:53.0440000+00:00" endTime="2010-12-23T11:06:53.0470000+00:00" testType="13cdc9d9-ddb5-4fa4-a97d-d965ccfc6d4b" outcome="Passed" testListId="8c84fa94-04c1-424b-9868-57a2d4851a1d" relativeResultsDirectory="6c0a40b3-b079-43b0-9b35-4f6f1c697d05">
    </UnitTestResult>
    <UnitTestResult executionId="78eeee6e-c363-4543-bc59-84051e974618" testId="f21ef2a1-a532-ebe9-1048-cc013e958dad" testName="ShouldMatchCharKeyWithWordLetter" computerName="WIN7-64-V8" duration="00:00:00.0005894" startTime="2010-12-23T11:06:53.0490000+00:00" endTime="2010-12-23T11:06:53.0500000+00:00" testType="13cdc9d9-ddb5-4fa4-a97d-d965ccfc6d4b" outcome="Passed" testListId="8c84fa94-04c1-424b-9868-57a2d4851a1d" relativeResultsDirectory="78eeee6e-c363-4543-bc59-84051e974618">
    </UnitTestResult>
    <UnitTestResult executionId="a55efb4e-63cb-43ff-a246-6ce1cc348c45" testId="10fe7e01-a2f3-55bc-ee27-a170d021d54f" testName="ShouldSetTheStartTimeOnProcessStart" computerName="WIN7-64-V8" duration="00:00:00.0004358" startTime="2010-12-23T11:06:53.0520000+00:00" endTime="2010-12-23T11:06:53.0530000+00:00" testType="13cdc9d9-ddb5-4fa4-a97d-d965ccfc6d4b" outcome="Passed" testListId="8c84fa94-04c1-424b-9868-57a2d4851a1d" relativeResultsDirectory="a55efb4e-63cb-43ff-a246-6ce1cc348c45">
    </UnitTestResult>
    <UnitTestResult executionId="92e95ead-8610-4266-a5fa-32df5104ec55" testId="d00b2144-820f-6d3d-014c-c2637a035d1c" testName="ShouldStoreTheCurrentTypedLetter" computerName="WIN7-64-V8" duration="00:00:00.0008017" startTime="2010-12-23T11:06:53.0560000+00:00" endTime="2010-12-23T11:06:53.0580000+00:00" testType="13cdc9d9-ddb5-4fa4-a97d-d965ccfc6d4b" outcome="Passed" testListId="8c84fa94-04c1-424b-9868-57a2d4851a1d" relativeResultsDirectory="92e95ead-8610-4266-a5fa-32df5104ec55">
    </UnitTestResult>
  </Results>
</TestRun>