<?xml version="1.0" encoding="UTF-8"?>
<TestRun id="c6466a5b-11a9-4b82-bb34-a4c6eda90163" name="abdulrahaman@WIN7-64-V8 2010-12-14 21:42:44" runUser="Win7-64-V8\abdulrahaman" xmlns="http://microsoft.com/schemas/VisualStudio/TeamTest/2010">
  <TestSettings name="Local" id="b1560943-7018-4910-abf8-da8c7b6eda55">
    <Description>These are default test settings for a local test run.</Description>
    <Deployment enabled="false" runDeploymentRoot="abdulrahaman_WIN7-64-V8 2010-12-14 21_42_44" />
    <Execution>
      <TestTypeSpecific />
      <AgentRule name="Execution Agents">
      </AgentRule>
    </Execution>
  </TestSettings>
  <Times creation="2010-12-14T21:42:44.4960000+00:00" queuing="2010-12-14T21:42:44.9060000+00:00" start="2010-12-14T21:42:45.2600000+00:00" finish="2010-12-14T21:42:46.0020000+00:00" />
  <ResultSummary outcome="Failed">
    <Counters total="1" executed="1" error="0" failed="1" timeout="0" aborted="0" inconclusive="0" passedButRunAborted="0" notRunnable="0" notExecuted="0" disconnected="0" warning="0" passed="0" completed="0" inProgress="0" pending="0" />
  </ResultSummary>
  <TestDefinitions>
    <UnitTest name="ShouldLoadUpTheOptionsViewModelAsTheMainViewModel" storage="d:\development\adetyper\adetyper\ademolatypertest\bin\debug\ademolatypertest.dll" id="2a38c16d-ee06-7a93-80fe-c5421a186855">
      <Execution timeOut="1800000" id="5cddd89b-953e-43a4-b628-c46573f80833" />
      <TestMethod codeBase="D:/Development/AdeTyper/AdeTyper/AdemolaTyperTest/bin/Debug/AdemolaTyperTest.DLL" adapterTypeName="Microsoft.VisualStudio.TestTools.TestTypes.Unit.UnitTestAdapter, Microsoft.VisualStudio.QualityTools.Tips.UnitTest.Adapter, Version=10.0.0.0, Culture=neutral, PublicKeyToken=b03f5f7f11d50a3a" className="AdemolaTyperTest.ViewModels.WhenHomeViewModelIsInstantiated, AdemolaTyperTest, Version=1.0.0.0, Culture=neutral, PublicKeyToken=null" name="ShouldLoadUpTheOptionsViewModelAsTheMainViewModel" />
    </UnitTest>
  </TestDefinitions>
  <TestLists>
    <TestList name="Results Not in a List" id="8c84fa94-04c1-424b-9868-57a2d4851a1d" />
    <TestList name="All Loaded Results" id="19431567-8539-422a-85d7-44ee4e166bda" />
  </TestLists>
  <TestEntries>
    <TestEntry testId="2a38c16d-ee06-7a93-80fe-c5421a186855" executionId="5cddd89b-953e-43a4-b628-c46573f80833" testListId="8c84fa94-04c1-424b-9868-57a2d4851a1d" />
  </TestEntries>
  <Results>
    <UnitTestResult executionId="5cddd89b-953e-43a4-b628-c46573f80833" testId="2a38c16d-ee06-7a93-80fe-c5421a186855" testName="ShouldLoadUpTheOptionsViewModelAsTheMainViewModel" computerName="WIN7-64-V8" duration="00:00:00.0494821" startTime="2010-12-14T21:42:45.8120000+00:00" endTime="2010-12-14T21:42:45.9200000+00:00" testType="13cdc9d9-ddb5-4fa4-a97d-d965ccfc6d4b" outcome="Failed" testListId="8c84fa94-04c1-424b-9868-57a2d4851a1d" relativeResultsDirectory="5cddd89b-953e-43a4-b628-c46573f80833">
      <Output>
        <ErrorInfo>
          <Message>Assert.IsInstanceOfType failed.  Expected type:&lt;AdemolaTyper.ViewModels.OptionsViewModel&gt;. Actual type:&lt;(null)&gt;.</Message>
          <StackTrace>   at AdemolaTyperTest.BDD.BDDSpecExtensions.ShouldBeOfType(Object actual, Type expected) in D:\Development\AdeTyper\AdeTyper\AdemolaTyperTest\BDD\BDDSpecExtensions.cs:line 58
   at AdemolaTyperTest.ViewModels.WhenHomeViewModelIsInstantiated.ShouldLoadUpTheOptionsViewModelAsTheMainViewModel() in D:\Development\AdeTyper\AdeTyper\AdemolaTyperTest\ViewModels\WhenHomeViewModelIsInstantiated.cs:line 23
</StackTrace>
        </ErrorInfo>
      </Output>
    </UnitTestResult>
  </Results>
</TestRun>