<?xml version="1.0" encoding="UTF-8"?>
<TestRun id="deab4f02-810b-4000-9279-86c0c58913d7" name="abdulrahaman@WIN7-64-V8 2010-10-04 21:40:55" runUser="Win7-64-V8\abdulrahaman" xmlns="http://microsoft.com/schemas/VisualStudio/TeamTest/2010">
  <TestSettings name="Local" id="b1560943-7018-4910-abf8-da8c7b6eda55">
    <Description>These are default test settings for a local test run.</Description>
    <Deployment enabled="false" runDeploymentRoot="abdulrahaman_WIN7-64-V8 2010-10-04 21_40_55" />
    <Execution>
      <TestTypeSpecific />
      <AgentRule name="Execution Agents">
      </AgentRule>
    </Execution>
  </TestSettings>
  <Times creation="2010-10-04T21:40:55.3410000+01:00" queuing="2010-10-04T21:40:55.7440000+01:00" start="2010-10-04T21:40:56.1450000+01:00" finish="2010-10-04T21:40:57.0520000+01:00" />
  <ResultSummary outcome="Completed">
    <Counters total="1" executed="1" passed="1" error="0" failed="0" timeout="0" aborted="0" inconclusive="0" passedButRunAborted="0" notRunnable="0" notExecuted="0" disconnected="0" warning="0" completed="0" inProgress="0" pending="0" />
  </ResultSummary>
  <TestDefinitions>
    <UnitTest name="ShouldSetTheStartTimeOnProcessStart" storage="d:\development\ademolatyper\ademolatypertest\bin\debug\ademolatypertest.dll" id="10fe7e01-a2f3-55bc-ee27-a170d021d54f">
      <Execution timeOut="1800000" id="f6f2103e-1864-455d-803c-9d8b003ad742" />
      <TestMethod codeBase="D:/Development/AdemolaTyper/AdemolaTyperTest/bin/Debug/AdemolaTyperTest.DLL" adapterTypeName="Microsoft.VisualStudio.TestTools.TestTypes.Unit.UnitTestAdapter, Microsoft.VisualStudio.QualityTools.Tips.UnitTest.Adapter, Version=10.0.0.0, Culture=neutral, PublicKeyToken=b03f5f7f11d50a3a" className="AdemolaTyperTest.ViewModels.WordViewModelTests, AdemolaTyperTest, Version=1.0.0.0, Culture=neutral, PublicKeyToken=null" name="ShouldSetTheStartTimeOnProcessStart" />
    </UnitTest>
  </TestDefinitions>
  <TestLists>
    <TestList name="Results Not in a List" id="8c84fa94-04c1-424b-9868-57a2d4851a1d" />
    <TestList name="All Loaded Results" id="19431567-8539-422a-85d7-44ee4e166bda" />
  </TestLists>
  <TestEntries>
    <TestEntry testId="10fe7e01-a2f3-55bc-ee27-a170d021d54f" executionId="f6f2103e-1864-455d-803c-9d8b003ad742" testListId="8c84fa94-04c1-424b-9868-57a2d4851a1d" />
  </TestEntries>
  <Results>
    <UnitTestResult executionId="f6f2103e-1864-455d-803c-9d8b003ad742" testId="10fe7e01-a2f3-55bc-ee27-a170d021d54f" testName="ShouldSetTheStartTimeOnProcessStart" computerName="WIN7-64-V8" duration="00:00:00.2288574" startTime="2010-10-04T21:40:56.6920000+01:00" endTime="2010-10-04T21:40:56.9790000+01:00" testType="13cdc9d9-ddb5-4fa4-a97d-d965ccfc6d4b" outcome="Passed" testListId="8c84fa94-04c1-424b-9868-57a2d4851a1d" relativeResultsDirectory="f6f2103e-1864-455d-803c-9d8b003ad742">
    </UnitTestResult>
  </Results>
</TestRun>