<?xml version="1.0" encoding="UTF-8"?>
<TestRun id="8c39b4ba-80cb-49ed-9352-217cc7cfe1d3" name="abdulrahaman@WIN7-64-V8 2010-12-23 15:54:37" runUser="Win7-64-V8\abdulrahaman" xmlns="http://microsoft.com/schemas/VisualStudio/TeamTest/2010">
  <TestSettings name="Local" id="b1560943-7018-4910-abf8-da8c7b6eda55">
    <Description>These are default test settings for a local test run.</Description>
    <Deployment enabled="false" runDeploymentRoot="abdulrahaman_WIN7-64-V8 2010-12-23 15_54_37" />
    <Execution>
      <TestTypeSpecific />
      <AgentRule name="Execution Agents">
      </AgentRule>
    </Execution>
  </TestSettings>
  <Times creation="2010-12-23T15:54:37.0320000+00:00" queuing="2010-12-23T15:54:37.3090000+00:00" start="2010-12-23T15:54:37.5100000+00:00" finish="2010-12-23T15:54:38.8700000+00:00" />
  <ResultSummary outcome="Failed">
    <Counters total="1" executed="1" error="0" failed="1" timeout="0" aborted="0" inconclusive="0" passedButRunAborted="0" notRunnable="0" notExecuted="0" disconnected="0" warning="0" passed="0" completed="0" inProgress="0" pending="0" />
  </ResultSummary>
  <TestDefinitions>
    <UnitTest name="Should_close_the_GameOverDialog_when_the_Play_Again_is_clicked" storage="d:\development\adetyper\adetyper\ademolatypertest\bin\debug\ademolatypertest.dll" id="a1dcdfb6-d7eb-b745-875e-b8daf298340d">
      <Execution timeOut="1800000" id="418fdd3d-eda1-40a4-878a-fb10f703e57d" />
      <TestMethod codeBase="D:/Development/AdeTyper/AdeTyper/AdemolaTyperTest/bin/Debug/AdemolaTyperTest.DLL" adapterTypeName="Microsoft.VisualStudio.TestTools.TestTypes.Unit.UnitTestAdapter, Microsoft.VisualStudio.QualityTools.Tips.UnitTest.Adapter, Version=10.0.0.0, Culture=neutral, PublicKeyToken=b03f5f7f11d50a3a" className="AdemolaTyperTest.ViewModels.GameOne.GameOneOverViewModelTestFixture, AdemolaTyperTest, Version=1.0.0.0, Culture=neutral, PublicKeyToken=null" name="Should_close_the_GameOverDialog_when_the_Play_Again_is_clicked" />
    </UnitTest>
  </TestDefinitions>
  <TestLists>
    <TestList name="Results Not in a List" id="8c84fa94-04c1-424b-9868-57a2d4851a1d" />
    <TestList name="All Loaded Results" id="19431567-8539-422a-85d7-44ee4e166bda" />
  </TestLists>
  <TestEntries>
    <TestEntry testId="a1dcdfb6-d7eb-b745-875e-b8daf298340d" executionId="418fdd3d-eda1-40a4-878a-fb10f703e57d" testListId="8c84fa94-04c1-424b-9868-57a2d4851a1d" />
  </TestEntries>
  <Results>
    <UnitTestResult executionId="418fdd3d-eda1-40a4-878a-fb10f703e57d" testId="a1dcdfb6-d7eb-b745-875e-b8daf298340d" testName="Should_close_the_GameOverDialog_when_the_Play_Again_is_clicked" computerName="WIN7-64-V8" duration="00:00:01.0784369" startTime="2010-12-23T15:54:37.6350000+00:00" endTime="2010-12-23T15:54:38.7950000+00:00" testType="13cdc9d9-ddb5-4fa4-a97d-d965ccfc6d4b" outcome="Failed" testListId="8c84fa94-04c1-424b-9868-57a2d4851a1d" relativeResultsDirectory="418fdd3d-eda1-40a4-878a-fb10f703e57d">
      <Output>
        <ErrorInfo>
          <Message>Assert.IsFalse failed. </Message>
          <StackTrace>   at AdemolaTyperTest.ViewModels.GameOne.GameOneOverViewModelTestFixture.Should_close_the_GameOverDialog_when_the_Play_Again_is_clicked() in D:\Development\AdeTyper\AdeTyper\AdemolaTyperTest\ViewModels\GameOne\GameOneOverViewModelTestFixture.cs:line 29
</StackTrace>
        </ErrorInfo>
      </Output>
    </UnitTestResult>
  </Results>
</TestRun>