<?xml version="1.0" encoding="UTF-8"?>
<TestRun id="3416cbdb-fb8c-45ce-9fc3-675b174b74fc" name="abdulrahaman@WIN7-64-V8 2010-12-19 15:10:58" runUser="Win7-64-V8\abdulrahaman" xmlns="http://microsoft.com/schemas/VisualStudio/TeamTest/2010">
  <TestSettings name="Local" id="b1560943-7018-4910-abf8-da8c7b6eda55">
    <Description>These are default test settings for a local test run.</Description>
    <Deployment enabled="false" runDeploymentRoot="abdulrahaman_WIN7-64-V8 2010-12-19 15_10_58" />
    <Execution>
      <TestTypeSpecific />
      <AgentRule name="Execution Agents">
      </AgentRule>
    </Execution>
  </TestSettings>
  <Times creation="2010-12-19T15:10:58.0346000+00:00" queuing="2010-12-19T15:10:58.3106000+00:00" start="2010-12-19T15:10:58.5106000+00:00" finish="2010-12-19T15:10:59.0216000+00:00" />
  <ResultSummary outcome="Failed">
    <Counters total="1" executed="1" error="0" failed="1" timeout="0" aborted="0" inconclusive="0" passedButRunAborted="0" notRunnable="0" notExecuted="0" disconnected="0" warning="0" passed="0" completed="0" inProgress="0" pending="0" />
  </ResultSummary>
  <TestDefinitions>
    <UnitTest name="Should_set_the_CurrentWord_when_the_CurrentWordIsProcessed_Command_is_fired" storage="d:\development\adetyper\adetyper\ademolatypertest\bin\debug\ademolatypertest.dll" id="0115b9c7-1e7a-61ce-8fe7-657e43ba04c3">
      <Execution timeOut="1800000" id="3829ae64-588f-4d27-8387-510b2b72c388" />
      <TestMethod codeBase="D:/Development/AdeTyper/AdeTyper/AdemolaTyperTest/bin/Debug/AdemolaTyperTest.DLL" adapterTypeName="Microsoft.VisualStudio.TestTools.TestTypes.Unit.UnitTestAdapter, Microsoft.VisualStudio.QualityTools.Tips.UnitTest.Adapter, Version=10.0.0.0, Culture=neutral, PublicKeyToken=b03f5f7f11d50a3a" className="AdemolaTyperTest.ViewModels.GameOne.WhenProcessingGameOneViewModel, AdemolaTyperTest, Version=1.0.0.0, Culture=neutral, PublicKeyToken=null" name="Should_set_the_CurrentWord_when_the_CurrentWordIsProcessed_Command_is_fired" />
    </UnitTest>
  </TestDefinitions>
  <TestLists>
    <TestList name="Results Not in a List" id="8c84fa94-04c1-424b-9868-57a2d4851a1d" />
    <TestList name="All Loaded Results" id="19431567-8539-422a-85d7-44ee4e166bda" />
  </TestLists>
  <TestEntries>
    <TestEntry testId="0115b9c7-1e7a-61ce-8fe7-657e43ba04c3" executionId="3829ae64-588f-4d27-8387-510b2b72c388" testListId="8c84fa94-04c1-424b-9868-57a2d4851a1d" />
  </TestEntries>
  <Results>
    <UnitTestResult executionId="3829ae64-588f-4d27-8387-510b2b72c388" testId="0115b9c7-1e7a-61ce-8fe7-657e43ba04c3" testName="Should_set_the_CurrentWord_when_the_CurrentWordIsProcessed_Command_is_fired" computerName="WIN7-64-V8" duration="00:00:00.2332626" startTime="2010-12-19T15:10:58.6366000+00:00" endTime="2010-12-19T15:10:58.9456000+00:00" testType="13cdc9d9-ddb5-4fa4-a97d-d965ccfc6d4b" outcome="Failed" testListId="8c84fa94-04c1-424b-9868-57a2d4851a1d" relativeResultsDirectory="3829ae64-588f-4d27-8387-510b2b72c388">
      <Output>
        <ErrorInfo>
          <Message>Assert.AreEqual failed. Expected:&lt;m&gt;. Actual:&lt; &gt;. </Message>
          <StackTrace>   at AdemolaTyperTest.ViewModels.GameOne.WhenProcessingGameOneViewModel.Should_set_the_CurrentWord_when_the_CurrentWordIsProcessed_Command_is_fired() in D:\Development\AdeTyper\AdeTyper\AdemolaTyperTest\ViewModels\GameOne\WhenProcessingGameOneViewModel.cs:line 30
</StackTrace>
        </ErrorInfo>
      </Output>
    </UnitTestResult>
  </Results>
</TestRun>