<?xml version="1.0" encoding="UTF-8"?>
<TestRun id="d543158d-410b-4d14-bc1b-d65eb991fe8b" name="barua@UK01273 2010-12-20 13:04:49" runUser="BFL\barua" xmlns="http://microsoft.com/schemas/VisualStudio/TeamTest/2010">
  <TestSettings name="Local" id="b1560943-7018-4910-abf8-da8c7b6eda55">
    <Description>These are default test settings for a local test run.</Description>
    <Deployment enabled="false" runDeploymentRoot="barua_UK01273 2010-12-20 13_04_49" />
    <Execution>
      <TestTypeSpecific />
      <AgentRule name="Execution Agents">
      </AgentRule>
    </Execution>
  </TestSettings>
  <Times creation="2010-12-20T13:04:49.2602507+00:00" queuing="2010-12-20T13:04:49.5762507+00:00" start="2010-12-20T13:04:49.7982507+00:00" finish="2010-12-20T13:04:50.2902507+00:00" />
  <ResultSummary outcome="Completed">
    <Counters total="3" executed="3" passed="3" error="0" failed="0" timeout="0" aborted="0" inconclusive="0" passedButRunAborted="0" notRunnable="0" notExecuted="0" disconnected="0" warning="0" completed="0" inProgress="0" pending="0" />
    <Output>
      <DebugTrace>GameOneViewModel () (20083857) Finalized
GameOneViewModel () (9817118) Finalized
GameOneViewModel () (62411227) Finalized
GameOneViewModel () (21254600) Finalized
GameOneViewModel () (19339236) Finalized
GameOneViewModel () (22081585) Finalized
GameOneViewModel () (41232046) Finalized
GameOneViewModel () (13240155) Finalized
GameOneViewModel () (13164087) Finalized
GameOneViewModel () (65926980) Finalized
GameOneViewModel () (24682113) Finalized
</DebugTrace>
    </Output>
  </ResultSummary>
  <TestDefinitions>
    <UnitTest name="Should_set_the_CurrentWord_when_the_CurrentWordIsProcessed_Command_is_fired" storage="c:\dev\adetyper\ademolatypertest\bin\debug\ademolatypertest.dll" id="0115b9c7-1e7a-61ce-8fe7-657e43ba04c3">
      <Execution timeOut="1800000" id="aa7f1307-e5db-470a-aa64-a5781921f588" />
      <TestMethod codeBase="C:/Dev/AdeTyper/AdemolaTyperTest/bin/Debug/AdemolaTyperTest.DLL" adapterTypeName="Microsoft.VisualStudio.TestTools.TestTypes.Unit.UnitTestAdapter, Microsoft.VisualStudio.QualityTools.Tips.UnitTest.Adapter, Version=10.0.0.0, Culture=neutral, PublicKeyToken=b03f5f7f11d50a3a" className="AdemolaTyperTest.ViewModels.GameOne.WhenProcessingGameOneViewModel, AdemolaTyperTest, Version=1.0.0.0, Culture=neutral, PublicKeyToken=null" name="Should_set_the_CurrentWord_when_the_CurrentWordIsProcessed_Command_is_fired" />
    </UnitTest>
    <UnitTest name="Should_calulate_and_return_type_speed" storage="c:\dev\adetyper\ademolatypertest\bin\debug\ademolatypertest.dll" id="7769eaa6-497f-dacf-de99-e86e773cadc6">
      <Execution timeOut="1800000" id="256b3884-09dd-4f9a-8602-f91655496948" />
      <TestMethod codeBase="C:/Dev/AdeTyper/AdemolaTyperTest/bin/Debug/AdemolaTyperTest.DLL" adapterTypeName="Microsoft.VisualStudio.TestTools.TestTypes.Unit.UnitTestAdapter, Microsoft.VisualStudio.QualityTools.Tips.UnitTest.Adapter, Version=10.0.0.0, Culture=neutral, PublicKeyToken=b03f5f7f11d50a3a" className="AdemolaTyperTest.ViewModels.GameOne.WhenProcessingGameOneViewModel, AdemolaTyperTest, Version=1.0.0.0, Culture=neutral, PublicKeyToken=null" name="Should_calulate_and_return_type_speed" />
    </UnitTest>
    <UnitTest name="Should_set_the_completed_flag_when_the_last_word_has_been_processed" storage="c:\dev\adetyper\ademolatypertest\bin\debug\ademolatypertest.dll" id="648157f9-f5bc-a1a3-5d43-1c5426c2dfc1">
      <Execution timeOut="1800000" id="09e7165a-1138-430c-af06-dade39c07023" />
      <TestMethod codeBase="C:/Dev/AdeTyper/AdemolaTyperTest/bin/Debug/AdemolaTyperTest.DLL" adapterTypeName="Microsoft.VisualStudio.TestTools.TestTypes.Unit.UnitTestAdapter, Microsoft.VisualStudio.QualityTools.Tips.UnitTest.Adapter, Version=10.0.0.0, Culture=neutral, PublicKeyToken=b03f5f7f11d50a3a" className="AdemolaTyperTest.ViewModels.GameOne.WhenProcessingGameOneViewModel, AdemolaTyperTest, Version=1.0.0.0, Culture=neutral, PublicKeyToken=null" name="Should_set_the_completed_flag_when_the_last_word_has_been_processed" />
    </UnitTest>
  </TestDefinitions>
  <TestLists>
    <TestList name="Results Not in a List" id="8c84fa94-04c1-424b-9868-57a2d4851a1d" />
    <TestList name="All Loaded Results" id="19431567-8539-422a-85d7-44ee4e166bda" />
  </TestLists>
  <TestEntries>
    <TestEntry testId="7769eaa6-497f-dacf-de99-e86e773cadc6" executionId="256b3884-09dd-4f9a-8602-f91655496948" testListId="8c84fa94-04c1-424b-9868-57a2d4851a1d" />
    <TestEntry testId="648157f9-f5bc-a1a3-5d43-1c5426c2dfc1" executionId="09e7165a-1138-430c-af06-dade39c07023" testListId="8c84fa94-04c1-424b-9868-57a2d4851a1d" />
    <TestEntry testId="0115b9c7-1e7a-61ce-8fe7-657e43ba04c3" executionId="aa7f1307-e5db-470a-aa64-a5781921f588" testListId="8c84fa94-04c1-424b-9868-57a2d4851a1d" />
  </TestEntries>
  <Results>
    <UnitTestResult executionId="256b3884-09dd-4f9a-8602-f91655496948" testId="7769eaa6-497f-dacf-de99-e86e773cadc6" testName="Should_calulate_and_return_type_speed" computerName="UK01273" duration="00:00:00.2473734" startTime="2010-12-20T13:04:49.8442507+00:00" endTime="2010-12-20T13:04:50.1512507+00:00" testType="13cdc9d9-ddb5-4fa4-a97d-d965ccfc6d4b" outcome="Passed" testListId="8c84fa94-04c1-424b-9868-57a2d4851a1d" relativeResultsDirectory="256b3884-09dd-4f9a-8602-f91655496948">
    </UnitTestResult>
    <UnitTestResult executionId="09e7165a-1138-430c-af06-dade39c07023" testId="648157f9-f5bc-a1a3-5d43-1c5426c2dfc1" testName="Should_set_the_completed_flag_when_the_last_word_has_been_processed" computerName="UK01273" duration="00:00:00.0044433" startTime="2010-12-20T13:04:50.1542507+00:00" endTime="2010-12-20T13:04:50.1592507+00:00" testType="13cdc9d9-ddb5-4fa4-a97d-d965ccfc6d4b" outcome="Passed" testListId="8c84fa94-04c1-424b-9868-57a2d4851a1d" relativeResultsDirectory="09e7165a-1138-430c-af06-dade39c07023">
    </UnitTestResult>
    <UnitTestResult executionId="aa7f1307-e5db-470a-aa64-a5781921f588" testId="0115b9c7-1e7a-61ce-8fe7-657e43ba04c3" testName="Should_set_the_CurrentWord_when_the_CurrentWordIsProcessed_Command_is_fired" computerName="UK01273" duration="00:00:00.0021485" startTime="2010-12-20T13:04:50.1622507+00:00" endTime="2010-12-20T13:04:50.1652507+00:00" testType="13cdc9d9-ddb5-4fa4-a97d-d965ccfc6d4b" outcome="Passed" testListId="8c84fa94-04c1-424b-9868-57a2d4851a1d" relativeResultsDirectory="aa7f1307-e5db-470a-aa64-a5781921f588">
    </UnitTestResult>
  </Results>
</TestRun>