<?xml version="1.0" encoding="UTF-8"?>
<TestRun id="b2a907b2-d477-4c3c-9bea-2b740d77b296" name="barua@UK01273 2010-12-20 13:07:11" runUser="BFL\barua" xmlns="http://microsoft.com/schemas/VisualStudio/TeamTest/2010">
  <TestSettings name="Local" id="b1560943-7018-4910-abf8-da8c7b6eda55">
    <Description>These are default test settings for a local test run.</Description>
    <Deployment enabled="false" runDeploymentRoot="barua_UK01273 2010-12-20 13_07_11" />
    <Execution>
      <TestTypeSpecific />
      <AgentRule name="Execution Agents">
      </AgentRule>
    </Execution>
  </TestSettings>
  <Times creation="2010-12-20T13:07:11.9592507+00:00" queuing="2010-12-20T13:07:12.2542507+00:00" start="2010-12-20T13:07:12.4882507+00:00" finish="2010-12-20T13:07:13.1852507+00:00" />
  <ResultSummary outcome="Completed">
    <Counters total="13" executed="13" passed="13" error="0" failed="0" timeout="0" aborted="0" inconclusive="0" passedButRunAborted="0" notRunnable="0" notExecuted="0" disconnected="0" warning="0" completed="0" inProgress="0" pending="0" />
    <Output>
      <DebugTrace>TypeFaceViewModel () (34115888) Finalized
TypeFaceViewModel () (45470028) Finalized
TypeFaceViewModel () (57713561) Finalized
TypeFaceViewModel () (9196566) Finalized
WordViewModel () (42986357) Finalized
GameOneViewModel () (66476182) Finalized
TypeFaceViewModel () (65266661) Finalized
GameOneViewModel () (30375126) Finalized
TypeFaceViewModel () (57651800) Finalized
TypeFaceViewModel () (19334985) Finalized
MenuViewModel () (595883) Finalized
GameOneViewModel () (32637) Finalized
WordViewModel () (26139327) Finalized
TypeFaceViewModel () (59557232) Finalized
TypeFaceViewModel () (15326098) Finalized
TypeFaceViewModel () (40679716) Finalized
TypeFaceViewModel () (7535142) Finalized
TypeFaceViewModel () (11614871) Finalized
WordViewModel () (12026996) Finalized
TypeFaceViewModel () (39466174) Finalized
TypeFaceViewModel () (6159533) Finalized
WordViewModel () (60610097) Finalized
GameOneViewModel () (5651940) Finalized
TypeFaceViewModel () (36238190) Finalized
GameOneViewModel () (46393960) Finalized
WordViewModel () (4931281) Finalized
TypeFaceViewModel () (37078585) Finalized
TypeFaceViewModel () (13134672) Finalized
TypeFaceViewModel () (15272215) Finalized
TypeFaceViewModel () (40799117) Finalized
TypeFaceViewModel () (1760948) Finalized
TypeFaceViewModel () (39513739) Finalized
TypeFaceViewModel () (36412178) Finalized
GameOneViewModel () (22245721) Finalized
WordViewModel () (10505295) Finalized
TypeFaceViewModel () (56367094) Finalized
WordViewModel () (37881642) Finalized
GameOneViewModel () (27581544) Finalized
TypeFaceViewModel () (36868234) Finalized
GameOneViewModel () (21335068) Finalized
WordViewModel () (18574110) Finalized
TypeFaceViewModel () (21547407) Finalized
TypeFaceViewModel () (7947121) Finalized
TypeFaceViewModel () (36664515) Finalized
TypeFaceViewModel () (8714629) Finalized
TypeFaceViewModel () (32140726) Finalized
TypeFaceViewModel () (48721240) Finalized
</DebugTrace>
    </Output>
  </ResultSummary>
  <TestDefinitions>
    <UnitTest name="ShouldSetTheCurrentWorkspaceToGameOneViewModel" storage="c:\dev\adetyper\ademolatypertest\bin\debug\ademolatypertest.dll" id="86554665-dc66-0791-30b3-396bf871fed3">
      <Execution timeOut="1800000" id="9ead332b-c5f2-495f-bd07-593dca402faa" />
      <TestMethod codeBase="C:/Dev/AdeTyper/AdemolaTyperTest/bin/Debug/AdemolaTyperTest.DLL" adapterTypeName="Microsoft.VisualStudio.TestTools.TestTypes.Unit.UnitTestAdapter, Microsoft.VisualStudio.QualityTools.Tips.UnitTest.Adapter, Version=10.0.0.0, Culture=neutral, PublicKeyToken=b03f5f7f11d50a3a" className="AdemolaTyperTest.ViewModels.WhenHomeViewModelIsAskedToCloseMenuView, AdemolaTyperTest, Version=1.0.0.0, Culture=neutral, PublicKeyToken=null" name="ShouldSetTheCurrentWorkspaceToGameOneViewModel" />
    </UnitTest>
    <UnitTest name="Should_set_the_CurrentWord_when_the_CurrentWordIsProcessed_Command_is_fired" storage="c:\dev\adetyper\ademolatypertest\bin\debug\ademolatypertest.dll" id="0115b9c7-1e7a-61ce-8fe7-657e43ba04c3">
      <Execution timeOut="1800000" id="036ac0e8-34af-4f8c-b3e8-c1e58b2712c0" />
      <TestMethod codeBase="C:/Dev/AdeTyper/AdemolaTyperTest/bin/Debug/AdemolaTyperTest.DLL" adapterTypeName="Microsoft.VisualStudio.TestTools.TestTypes.Unit.UnitTestAdapter, Microsoft.VisualStudio.QualityTools.Tips.UnitTest.Adapter, Version=10.0.0.0, Culture=neutral, PublicKeyToken=b03f5f7f11d50a3a" className="AdemolaTyperTest.ViewModels.GameOne.WhenProcessingGameOneViewModel, AdemolaTyperTest, Version=1.0.0.0, Culture=neutral, PublicKeyToken=null" name="Should_set_the_CurrentWord_when_the_CurrentWordIsProcessed_Command_is_fired" />
    </UnitTest>
    <UnitTest name="ShouldStoreTheCurrentTypedLetter" storage="c:\dev\adetyper\ademolatypertest\bin\debug\ademolatypertest.dll" id="d00b2144-820f-6d3d-014c-c2637a035d1c">
      <Execution timeOut="1800000" id="38c387b5-c6b7-41a9-8ddf-827b0874c3cb" />
      <TestMethod codeBase="C:/Dev/AdeTyper/AdemolaTyperTest/bin/Debug/AdemolaTyperTest.DLL" adapterTypeName="Microsoft.VisualStudio.TestTools.TestTypes.Unit.UnitTestAdapter, Microsoft.VisualStudio.QualityTools.Tips.UnitTest.Adapter, Version=10.0.0.0, Culture=neutral, PublicKeyToken=b03f5f7f11d50a3a" className="AdemolaTyperTest.ViewModels.WordViewModelTests, AdemolaTyperTest, Version=1.0.0.0, Culture=neutral, PublicKeyToken=null" name="ShouldStoreTheCurrentTypedLetter" />
    </UnitTest>
    <UnitTest name="ShouldFireMenuViewCloseEvent" storage="c:\dev\adetyper\ademolatypertest\bin\debug\ademolatypertest.dll" id="a368f72d-8afc-b3cc-0dc5-6100dbc7da92">
      <Execution timeOut="1800000" id="710a7e5f-9b1c-4273-8d00-7ba83bf47cd2" />
      <TestMethod codeBase="C:/Dev/AdeTyper/AdemolaTyperTest/bin/Debug/AdemolaTyperTest.DLL" adapterTypeName="Microsoft.VisualStudio.TestTools.TestTypes.Unit.UnitTestAdapter, Microsoft.VisualStudio.QualityTools.Tips.UnitTest.Adapter, Version=10.0.0.0, Culture=neutral, PublicKeyToken=b03f5f7f11d50a3a" className="AdemolaTyperTest.ViewModels.WhenMenuViewModelIsAskedToPlayGameOne, AdemolaTyperTest, Version=1.0.0.0, Culture=neutral, PublicKeyToken=null" name="ShouldFireMenuViewCloseEvent" />
    </UnitTest>
    <UnitTest name="ShouldLoadUpTheOptionsViewModelAsTheMainViewModel" storage="c:\dev\adetyper\ademolatypertest\bin\debug\ademolatypertest.dll" id="2a38c16d-ee06-7a93-80fe-c5421a186855">
      <Execution timeOut="1800000" id="a71e1628-50c9-4cf7-9652-318201c8043b" />
      <TestMethod codeBase="C:/Dev/AdeTyper/AdemolaTyperTest/bin/Debug/AdemolaTyperTest.DLL" adapterTypeName="Microsoft.VisualStudio.TestTools.TestTypes.Unit.UnitTestAdapter, Microsoft.VisualStudio.QualityTools.Tips.UnitTest.Adapter, Version=10.0.0.0, Culture=neutral, PublicKeyToken=b03f5f7f11d50a3a" className="AdemolaTyperTest.ViewModels.WhenHomeViewModelIsInstantiated, AdemolaTyperTest, Version=1.0.0.0, Culture=neutral, PublicKeyToken=null" name="ShouldLoadUpTheOptionsViewModelAsTheMainViewModel" />
    </UnitTest>
    <UnitTest name="ShouldFireGameOneEvent" storage="c:\dev\adetyper\ademolatypertest\bin\debug\ademolatypertest.dll" id="298bfbc1-b9de-e7db-4e1e-b187c97ce7ba">
      <Execution timeOut="1800000" id="f96e8af6-85da-44a6-9edd-2e8d633f1810" />
      <TestMethod codeBase="C:/Dev/AdeTyper/AdemolaTyperTest/bin/Debug/AdemolaTyperTest.DLL" adapterTypeName="Microsoft.VisualStudio.TestTools.TestTypes.Unit.UnitTestAdapter, Microsoft.VisualStudio.QualityTools.Tips.UnitTest.Adapter, Version=10.0.0.0, Culture=neutral, PublicKeyToken=b03f5f7f11d50a3a" className="AdemolaTyperTest.ViewModels.WhenMenuViewModelIsAskedToPlayGameOne, AdemolaTyperTest, Version=1.0.0.0, Culture=neutral, PublicKeyToken=null" name="ShouldFireGameOneEvent" />
    </UnitTest>
    <UnitTest name="Should_set_the_completed_flag_when_the_last_word_has_been_processed" storage="c:\dev\adetyper\ademolatypertest\bin\debug\ademolatypertest.dll" id="648157f9-f5bc-a1a3-5d43-1c5426c2dfc1">
      <Execution timeOut="1800000" id="b051aa33-5de4-4770-bf77-dc94dca1b772" />
      <TestMethod codeBase="C:/Dev/AdeTyper/AdemolaTyperTest/bin/Debug/AdemolaTyperTest.DLL" adapterTypeName="Microsoft.VisualStudio.TestTools.TestTypes.Unit.UnitTestAdapter, Microsoft.VisualStudio.QualityTools.Tips.UnitTest.Adapter, Version=10.0.0.0, Culture=neutral, PublicKeyToken=b03f5f7f11d50a3a" className="AdemolaTyperTest.ViewModels.GameOne.WhenProcessingGameOneViewModel, AdemolaTyperTest, Version=1.0.0.0, Culture=neutral, PublicKeyToken=null" name="Should_set_the_completed_flag_when_the_last_word_has_been_processed" />
    </UnitTest>
    <UnitTest name="Should_calulate_and_return_type_speed" storage="c:\dev\adetyper\ademolatypertest\bin\debug\ademolatypertest.dll" id="7769eaa6-497f-dacf-de99-e86e773cadc6">
      <Execution timeOut="1800000" id="1371393a-d3e0-4cbd-b7d6-2ac35704e97d" />
      <TestMethod codeBase="C:/Dev/AdeTyper/AdemolaTyperTest/bin/Debug/AdemolaTyperTest.DLL" adapterTypeName="Microsoft.VisualStudio.TestTools.TestTypes.Unit.UnitTestAdapter, Microsoft.VisualStudio.QualityTools.Tips.UnitTest.Adapter, Version=10.0.0.0, Culture=neutral, PublicKeyToken=b03f5f7f11d50a3a" className="AdemolaTyperTest.ViewModels.GameOne.WhenProcessingGameOneViewModel, AdemolaTyperTest, Version=1.0.0.0, Culture=neutral, PublicKeyToken=null" name="Should_calulate_and_return_type_speed" />
    </UnitTest>
    <UnitTest name="ShouldSetTheStartTimeOnProcessStart" storage="c:\dev\adetyper\ademolatypertest\bin\debug\ademolatypertest.dll" id="10fe7e01-a2f3-55bc-ee27-a170d021d54f">
      <Execution timeOut="1800000" id="519cd2ca-ce27-48da-b7b9-1cff7ceaa857" />
      <TestMethod codeBase="C:/Dev/AdeTyper/AdemolaTyperTest/bin/Debug/AdemolaTyperTest.DLL" adapterTypeName="Microsoft.VisualStudio.TestTools.TestTypes.Unit.UnitTestAdapter, Microsoft.VisualStudio.QualityTools.Tips.UnitTest.Adapter, Version=10.0.0.0, Culture=neutral, PublicKeyToken=b03f5f7f11d50a3a" className="AdemolaTyperTest.ViewModels.WordViewModelTests, AdemolaTyperTest, Version=1.0.0.0, Culture=neutral, PublicKeyToken=null" name="ShouldSetTheStartTimeOnProcessStart" />
    </UnitTest>
    <UnitTest name="TestMethod1" storage="c:\dev\adetyper\ademolatypertest\bin\debug\ademolatypertest.dll" id="69dfb3d8-b49f-39f5-f3e0-1b2a4144efbd">
      <Execution timeOut="1800000" id="25966a48-237a-4564-a027-d7f9126b7845" />
      <TestMethod codeBase="C:/Dev/AdeTyper/AdemolaTyperTest/bin/Debug/AdemolaTyperTest.DLL" adapterTypeName="Microsoft.VisualStudio.TestTools.TestTypes.Unit.UnitTestAdapter, Microsoft.VisualStudio.QualityTools.Tips.UnitTest.Adapter, Version=10.0.0.0, Culture=neutral, PublicKeyToken=b03f5f7f11d50a3a" className="AdemolaTyperTest.UnitTest1, AdemolaTyperTest, Version=1.0.0.0, Culture=neutral, PublicKeyToken=null" name="TestMethod1" />
    </UnitTest>
    <UnitTest name="ShouldMatchCharKeyWithWordLetter" storage="c:\dev\adetyper\ademolatypertest\bin\debug\ademolatypertest.dll" id="f21ef2a1-a532-ebe9-1048-cc013e958dad">
      <Execution timeOut="1800000" id="5799d849-cc4d-4181-a3e0-dc43ea6082f8" />
      <TestMethod codeBase="C:/Dev/AdeTyper/AdemolaTyperTest/bin/Debug/AdemolaTyperTest.DLL" adapterTypeName="Microsoft.VisualStudio.TestTools.TestTypes.Unit.UnitTestAdapter, Microsoft.VisualStudio.QualityTools.Tips.UnitTest.Adapter, Version=10.0.0.0, Culture=neutral, PublicKeyToken=b03f5f7f11d50a3a" className="AdemolaTyperTest.ViewModels.WordViewModelTests, AdemolaTyperTest, Version=1.0.0.0, Culture=neutral, PublicKeyToken=null" name="ShouldMatchCharKeyWithWordLetter" />
    </UnitTest>
    <UnitTest name="Should_fire_command_on_main_viewmodel_to_indicate_the_word_has_received_all_chars" storage="c:\dev\adetyper\ademolatypertest\bin\debug\ademolatypertest.dll" id="26728450-04b7-4a8c-efea-70fef7ec8e9d">
      <Execution timeOut="1800000" id="a436876a-dc6c-4ad1-983d-d021a83b6cf1" />
      <TestMethod codeBase="C:/Dev/AdeTyper/AdemolaTyperTest/bin/Debug/AdemolaTyperTest.DLL" adapterTypeName="Microsoft.VisualStudio.TestTools.TestTypes.Unit.UnitTestAdapter, Microsoft.VisualStudio.QualityTools.Tips.UnitTest.Adapter, Version=10.0.0.0, Culture=neutral, PublicKeyToken=b03f5f7f11d50a3a" className="AdemolaTyperTest.ViewModels.WordViewModelTests, AdemolaTyperTest, Version=1.0.0.0, Culture=neutral, PublicKeyToken=null" name="Should_fire_command_on_main_viewmodel_to_indicate_the_word_has_received_all_chars" />
    </UnitTest>
    <UnitTest name="Should_Pass_The_letter_to_the_current_word_viewmodel" storage="c:\dev\adetyper\ademolatypertest\bin\debug\ademolatypertest.dll" id="1ee798ed-32a0-8d93-805e-a33bfa8a8fb7">
      <Execution timeOut="1800000" id="5924c4a8-f4b2-4b27-b6bd-57072b101d96" />
      <TestMethod codeBase="C:/Dev/AdeTyper/AdemolaTyperTest/bin/Debug/AdemolaTyperTest.DLL" adapterTypeName="Microsoft.VisualStudio.TestTools.TestTypes.Unit.UnitTestAdapter, Microsoft.VisualStudio.QualityTools.Tips.UnitTest.Adapter, Version=10.0.0.0, Culture=neutral, PublicKeyToken=b03f5f7f11d50a3a" className="AdemolaTyperTest.ViewModels.WordViewModelTests, AdemolaTyperTest, Version=1.0.0.0, Culture=neutral, PublicKeyToken=null" name="Should_Pass_The_letter_to_the_current_word_viewmodel" />
    </UnitTest>
  </TestDefinitions>
  <TestLists>
    <TestList name="Results Not in a List" id="8c84fa94-04c1-424b-9868-57a2d4851a1d" />
    <TestList name="All Loaded Results" id="19431567-8539-422a-85d7-44ee4e166bda" />
  </TestLists>
  <TestEntries>
    <TestEntry testId="69dfb3d8-b49f-39f5-f3e0-1b2a4144efbd" executionId="25966a48-237a-4564-a027-d7f9126b7845" testListId="8c84fa94-04c1-424b-9868-57a2d4851a1d" />
    <TestEntry testId="7769eaa6-497f-dacf-de99-e86e773cadc6" executionId="1371393a-d3e0-4cbd-b7d6-2ac35704e97d" testListId="8c84fa94-04c1-424b-9868-57a2d4851a1d" />
    <TestEntry testId="648157f9-f5bc-a1a3-5d43-1c5426c2dfc1" executionId="b051aa33-5de4-4770-bf77-dc94dca1b772" testListId="8c84fa94-04c1-424b-9868-57a2d4851a1d" />
    <TestEntry testId="0115b9c7-1e7a-61ce-8fe7-657e43ba04c3" executionId="036ac0e8-34af-4f8c-b3e8-c1e58b2712c0" testListId="8c84fa94-04c1-424b-9868-57a2d4851a1d" />
    <TestEntry testId="86554665-dc66-0791-30b3-396bf871fed3" executionId="9ead332b-c5f2-495f-bd07-593dca402faa" testListId="8c84fa94-04c1-424b-9868-57a2d4851a1d" />
    <TestEntry testId="2a38c16d-ee06-7a93-80fe-c5421a186855" executionId="a71e1628-50c9-4cf7-9652-318201c8043b" testListId="8c84fa94-04c1-424b-9868-57a2d4851a1d" />
    <TestEntry testId="298bfbc1-b9de-e7db-4e1e-b187c97ce7ba" executionId="f96e8af6-85da-44a6-9edd-2e8d633f1810" testListId="8c84fa94-04c1-424b-9868-57a2d4851a1d" />
    <TestEntry testId="a368f72d-8afc-b3cc-0dc5-6100dbc7da92" executionId="710a7e5f-9b1c-4273-8d00-7ba83bf47cd2" testListId="8c84fa94-04c1-424b-9868-57a2d4851a1d" />
    <TestEntry testId="26728450-04b7-4a8c-efea-70fef7ec8e9d" executionId="a436876a-dc6c-4ad1-983d-d021a83b6cf1" testListId="8c84fa94-04c1-424b-9868-57a2d4851a1d" />
    <TestEntry testId="1ee798ed-32a0-8d93-805e-a33bfa8a8fb7" executionId="5924c4a8-f4b2-4b27-b6bd-57072b101d96" testListId="8c84fa94-04c1-424b-9868-57a2d4851a1d" />
    <TestEntry testId="f21ef2a1-a532-ebe9-1048-cc013e958dad" executionId="5799d849-cc4d-4181-a3e0-dc43ea6082f8" testListId="8c84fa94-04c1-424b-9868-57a2d4851a1d" />
    <TestEntry testId="10fe7e01-a2f3-55bc-ee27-a170d021d54f" executionId="519cd2ca-ce27-48da-b7b9-1cff7ceaa857" testListId="8c84fa94-04c1-424b-9868-57a2d4851a1d" />
    <TestEntry testId="d00b2144-820f-6d3d-014c-c2637a035d1c" executionId="38c387b5-c6b7-41a9-8ddf-827b0874c3cb" testListId="8c84fa94-04c1-424b-9868-57a2d4851a1d" />
  </TestEntries>
  <Results>
    <UnitTestResult executionId="25966a48-237a-4564-a027-d7f9126b7845" testId="69dfb3d8-b49f-39f5-f3e0-1b2a4144efbd" testName="TestMethod1" computerName="UK01273" duration="00:00:00.0146065" startTime="2010-12-20T13:07:12.5532507+00:00" endTime="2010-12-20T13:07:12.6362507+00:00" testType="13cdc9d9-ddb5-4fa4-a97d-d965ccfc6d4b" outcome="Passed" testListId="8c84fa94-04c1-424b-9868-57a2d4851a1d" relativeResultsDirectory="25966a48-237a-4564-a027-d7f9126b7845">
    </UnitTestResult>
    <UnitTestResult executionId="1371393a-d3e0-4cbd-b7d6-2ac35704e97d" testId="7769eaa6-497f-dacf-de99-e86e773cadc6" testName="Should_calulate_and_return_type_speed" computerName="UK01273" duration="00:00:00.2193743" startTime="2010-12-20T13:07:12.6392507+00:00" endTime="2010-12-20T13:07:12.8602507+00:00" testType="13cdc9d9-ddb5-4fa4-a97d-d965ccfc6d4b" outcome="Passed" testListId="8c84fa94-04c1-424b-9868-57a2d4851a1d" relativeResultsDirectory="1371393a-d3e0-4cbd-b7d6-2ac35704e97d">
    </UnitTestResult>
    <UnitTestResult executionId="b051aa33-5de4-4770-bf77-dc94dca1b772" testId="648157f9-f5bc-a1a3-5d43-1c5426c2dfc1" testName="Should_set_the_completed_flag_when_the_last_word_has_been_processed" computerName="UK01273" duration="00:00:00.0290080" startTime="2010-12-20T13:07:12.8632507+00:00" endTime="2010-12-20T13:07:12.8942507+00:00" testType="13cdc9d9-ddb5-4fa4-a97d-d965ccfc6d4b" outcome="Passed" testListId="8c84fa94-04c1-424b-9868-57a2d4851a1d" relativeResultsDirectory="b051aa33-5de4-4770-bf77-dc94dca1b772">
    </UnitTestResult>
    <UnitTestResult executionId="036ac0e8-34af-4f8c-b3e8-c1e58b2712c0" testId="0115b9c7-1e7a-61ce-8fe7-657e43ba04c3" testName="Should_set_the_CurrentWord_when_the_CurrentWordIsProcessed_Command_is_fired" computerName="UK01273" duration="00:00:00.0050712" startTime="2010-12-20T13:07:12.9052507+00:00" endTime="2010-12-20T13:07:12.9132507+00:00" testType="13cdc9d9-ddb5-4fa4-a97d-d965ccfc6d4b" outcome="Passed" testListId="8c84fa94-04c1-424b-9868-57a2d4851a1d" relativeResultsDirectory="036ac0e8-34af-4f8c-b3e8-c1e58b2712c0">
      <Output>
        <DebugTrace>GameOneViewModel () (38551934) Finalized
GameOneViewModel () (63772203) Finalized
</DebugTrace>
      </Output>
    </UnitTestResult>
    <UnitTestResult executionId="9ead332b-c5f2-495f-bd07-593dca402faa" testId="86554665-dc66-0791-30b3-396bf871fed3" testName="ShouldSetTheCurrentWorkspaceToGameOneViewModel" computerName="UK01273" duration="00:00:00.0048944" startTime="2010-12-20T13:07:12.9162507+00:00" endTime="2010-12-20T13:07:12.9222507+00:00" testType="13cdc9d9-ddb5-4fa4-a97d-d965ccfc6d4b" outcome="Passed" testListId="8c84fa94-04c1-424b-9868-57a2d4851a1d" relativeResultsDirectory="9ead332b-c5f2-495f-bd07-593dca402faa">
    </UnitTestResult>
    <UnitTestResult executionId="a71e1628-50c9-4cf7-9652-318201c8043b" testId="2a38c16d-ee06-7a93-80fe-c5421a186855" testName="ShouldLoadUpTheOptionsViewModelAsTheMainViewModel" computerName="UK01273" duration="00:00:00.0004376" startTime="2010-12-20T13:07:12.9252507+00:00" endTime="2010-12-20T13:07:12.9282507+00:00" testType="13cdc9d9-ddb5-4fa4-a97d-d965ccfc6d4b" outcome="Passed" testListId="8c84fa94-04c1-424b-9868-57a2d4851a1d" relativeResultsDirectory="a71e1628-50c9-4cf7-9652-318201c8043b">
    </UnitTestResult>
    <UnitTestResult executionId="f96e8af6-85da-44a6-9edd-2e8d633f1810" testId="298bfbc1-b9de-e7db-4e1e-b187c97ce7ba" testName="ShouldFireGameOneEvent" computerName="UK01273" duration="00:00:00.0011988" startTime="2010-12-20T13:07:12.9312507+00:00" endTime="2010-12-20T13:07:12.9342507+00:00" testType="13cdc9d9-ddb5-4fa4-a97d-d965ccfc6d4b" outcome="Passed" testListId="8c84fa94-04c1-424b-9868-57a2d4851a1d" relativeResultsDirectory="f96e8af6-85da-44a6-9edd-2e8d633f1810">
    </UnitTestResult>
    <UnitTestResult executionId="710a7e5f-9b1c-4273-8d00-7ba83bf47cd2" testId="a368f72d-8afc-b3cc-0dc5-6100dbc7da92" testName="ShouldFireMenuViewCloseEvent" computerName="UK01273" duration="00:00:00.0002010" startTime="2010-12-20T13:07:12.9372507+00:00" endTime="2010-12-20T13:07:12.9372507+00:00" testType="13cdc9d9-ddb5-4fa4-a97d-d965ccfc6d4b" outcome="Passed" testListId="8c84fa94-04c1-424b-9868-57a2d4851a1d" relativeResultsDirectory="710a7e5f-9b1c-4273-8d00-7ba83bf47cd2">
    </UnitTestResult>
    <UnitTestResult executionId="a436876a-dc6c-4ad1-983d-d021a83b6cf1" testId="26728450-04b7-4a8c-efea-70fef7ec8e9d" testName="Should_fire_command_on_main_viewmodel_to_indicate_the_word_has_received_all_chars" computerName="UK01273" duration="00:00:00.0014264" startTime="2010-12-20T13:07:12.9402507+00:00" endTime="2010-12-20T13:07:12.9432507+00:00" testType="13cdc9d9-ddb5-4fa4-a97d-d965ccfc6d4b" outcome="Passed" testListId="8c84fa94-04c1-424b-9868-57a2d4851a1d" relativeResultsDirectory="a436876a-dc6c-4ad1-983d-d021a83b6cf1">
    </UnitTestResult>
    <UnitTestResult executionId="5924c4a8-f4b2-4b27-b6bd-57072b101d96" testId="1ee798ed-32a0-8d93-805e-a33bfa8a8fb7" testName="Should_Pass_The_letter_to_the_current_word_viewmodel" computerName="UK01273" duration="00:00:00.0086367" startTime="2010-12-20T13:07:12.9462507+00:00" endTime="2010-12-20T13:07:12.9692507+00:00" testType="13cdc9d9-ddb5-4fa4-a97d-d965ccfc6d4b" outcome="Passed" testListId="8c84fa94-04c1-424b-9868-57a2d4851a1d" relativeResultsDirectory="5924c4a8-f4b2-4b27-b6bd-57072b101d96">
      <Output>
        <DebugTrace>TypeFaceViewModel () (57930474) Finalized
TypeFaceViewModel () (58448552) Finalized
GameOneViewModel () (17958167) Finalized
</DebugTrace>
      </Output>
    </UnitTestResult>
    <UnitTestResult executionId="5799d849-cc4d-4181-a3e0-dc43ea6082f8" testId="f21ef2a1-a532-ebe9-1048-cc013e958dad" testName="ShouldMatchCharKeyWithWordLetter" computerName="UK01273" duration="00:00:00.0216245" startTime="2010-12-20T13:07:12.9842507+00:00" endTime="2010-12-20T13:07:13.0212507+00:00" testType="13cdc9d9-ddb5-4fa4-a97d-d965ccfc6d4b" outcome="Passed" testListId="8c84fa94-04c1-424b-9868-57a2d4851a1d" relativeResultsDirectory="5799d849-cc4d-4181-a3e0-dc43ea6082f8">
      <Output>
        <DebugTrace>TypeFaceViewModel () (61116248) Finalized
GameOneViewModel () (59802499) Finalized
</DebugTrace>
      </Output>
    </UnitTestResult>
    <UnitTestResult executionId="519cd2ca-ce27-48da-b7b9-1cff7ceaa857" testId="10fe7e01-a2f3-55bc-ee27-a170d021d54f" testName="ShouldSetTheStartTimeOnProcessStart" computerName="UK01273" duration="00:00:00.0058904" startTime="2010-12-20T13:07:13.0252507+00:00" endTime="2010-12-20T13:07:13.0512507+00:00" testType="13cdc9d9-ddb5-4fa4-a97d-d965ccfc6d4b" outcome="Passed" testListId="8c84fa94-04c1-424b-9868-57a2d4851a1d" relativeResultsDirectory="519cd2ca-ce27-48da-b7b9-1cff7ceaa857">
      <Output>
        <DebugTrace>TypeFaceViewModel () (63214017) Finalized
</DebugTrace>
      </Output>
    </UnitTestResult>
    <UnitTestResult executionId="38c387b5-c6b7-41a9-8ddf-827b0874c3cb" testId="d00b2144-820f-6d3d-014c-c2637a035d1c" testName="ShouldStoreTheCurrentTypedLetter" computerName="UK01273" duration="00:00:00.0108715" startTime="2010-12-20T13:07:13.0582507+00:00" endTime="2010-12-20T13:07:13.0762507+00:00" testType="13cdc9d9-ddb5-4fa4-a97d-d965ccfc6d4b" outcome="Passed" testListId="8c84fa94-04c1-424b-9868-57a2d4851a1d" relativeResultsDirectory="38c387b5-c6b7-41a9-8ddf-827b0874c3cb">
      <Output>
        <DebugTrace>TypeFaceViewModel () (33990418) Finalized
TypeFaceViewModel () (52491336) Finalized
</DebugTrace>
      </Output>
    </UnitTestResult>
  </Results>
</TestRun>