<?xml version="1.0" encoding="UTF-8"?>
<TestRun id="a5fe64d5-41fe-4ab1-840c-45c16cb2cc15" name="barua@UK01273 2010-12-20 13:05:47" runUser="BFL\barua" xmlns="http://microsoft.com/schemas/VisualStudio/TeamTest/2010">
  <TestSettings name="Local" id="b1560943-7018-4910-abf8-da8c7b6eda55">
    <Description>These are default test settings for a local test run.</Description>
    <Deployment enabled="false" runDeploymentRoot="barua_UK01273 2010-12-20 13_05_47" />
    <Execution>
      <TestTypeSpecific />
      <AgentRule name="Execution Agents">
      </AgentRule>
    </Execution>
  </TestSettings>
  <Times creation="2010-12-20T13:05:47.8142507+00:00" queuing="2010-12-20T13:05:48.1352507+00:00" start="2010-12-20T13:05:48.3352507+00:00" finish="2010-12-20T13:05:48.8392507+00:00" />
  <ResultSummary outcome="Failed">
    <Counters total="1" executed="1" error="0" failed="1" timeout="0" aborted="0" inconclusive="0" passedButRunAborted="0" notRunnable="0" notExecuted="0" disconnected="0" warning="0" passed="0" completed="0" inProgress="0" pending="0" />
  </ResultSummary>
  <TestDefinitions>
    <UnitTest name="Should_calulate_and_return_type_speed" storage="c:\dev\adetyper\ademolatypertest\bin\debug\ademolatypertest.dll" id="9a803c8c-d63a-c875-edcd-79daebc8acbb">
      <Execution timeOut="1800000" id="d972b779-6a75-4f94-b0c2-ee9743a34c23" />
      <TestMethod codeBase="C:/Dev/AdeTyper/AdemolaTyperTest/bin/Debug/AdemolaTyperTest.DLL" adapterTypeName="Microsoft.VisualStudio.TestTools.TestTypes.Unit.UnitTestAdapter, Microsoft.VisualStudio.QualityTools.Tips.UnitTest.Adapter, Version=10.0.0.0, Culture=neutral, PublicKeyToken=b03f5f7f11d50a3a" className="AdemolaTyperTest.ViewModels.MainViewModelTests, AdemolaTyperTest, Version=1.0.0.0, Culture=neutral, PublicKeyToken=null" name="Should_calulate_and_return_type_speed" />
    </UnitTest>
  </TestDefinitions>
  <TestLists>
    <TestList name="Results Not in a List" id="8c84fa94-04c1-424b-9868-57a2d4851a1d" />
    <TestList name="All Loaded Results" id="19431567-8539-422a-85d7-44ee4e166bda" />
  </TestLists>
  <TestEntries>
    <TestEntry testId="9a803c8c-d63a-c875-edcd-79daebc8acbb" executionId="d972b779-6a75-4f94-b0c2-ee9743a34c23" testListId="8c84fa94-04c1-424b-9868-57a2d4851a1d" />
  </TestEntries>
  <Results>
    <UnitTestResult executionId="d972b779-6a75-4f94-b0c2-ee9743a34c23" testId="9a803c8c-d63a-c875-edcd-79daebc8acbb" testName="Should_calulate_and_return_type_speed" computerName="UK01273" duration="00:00:00.2840034" startTime="2010-12-20T13:05:48.3782507+00:00" endTime="2010-12-20T13:05:48.7432507+00:00" testType="13cdc9d9-ddb5-4fa4-a97d-d965ccfc6d4b" outcome="Failed" testListId="8c84fa94-04c1-424b-9868-57a2d4851a1d" relativeResultsDirectory="d972b779-6a75-4f94-b0c2-ee9743a34c23">
      <Output>
        <ErrorInfo>
          <Message>Test method AdemolaTyperTest.ViewModels.MainViewModelTests.Should_calulate_and_return_type_speed threw exception: 
System.NullReferenceException: Object reference not set to an instance of an object.</Message>
          <StackTrace>    at AdemolaTyper.ViewModels.GameOneViewModel.LoadData() in C:\Dev\AdeTyper\AdemolaTyper\ViewModels\GameOneViewModel.cs:line 59
   at AdemolaTyper.ViewModels.GameOneViewModel.get_Words() in C:\Dev\AdeTyper\AdemolaTyper\ViewModels\GameOneViewModel.cs:line 45
   at AdemolaTyper.ViewModels.GameOneViewModel.AddWord(WordViewModel wordToAdd) in C:\Dev\AdeTyper\AdemolaTyper\ViewModels\GameOneViewModel.cs:line 160
   at AdemolaTyper.ViewModels.GameOneViewModel.AddWords(ObservableCollection`1 initializeDummyData) in C:\Dev\AdeTyper\AdemolaTyper\ViewModels\GameOneViewModel.cs:line 143
   at AdemolaTyperTest.ViewModels.MainViewModelTests.Should_calulate_and_return_type_speed() in C:\Dev\AdeTyper\AdemolaTyperTest\ViewModels\MainViewModelTests.cs:line 63
</StackTrace>
        </ErrorInfo>
      </Output>
    </UnitTestResult>
  </Results>
</TestRun>