<?xml version="1.0" encoding="UTF-8"?>
<TestRun id="7171a2a9-d676-45ee-af3b-ad9328d53fbc" name="barua@UK01273 2010-12-20 11:47:23" runUser="BFL\barua" xmlns="http://microsoft.com/schemas/VisualStudio/TeamTest/2010">
  <TestSettings name="Local" id="b1560943-7018-4910-abf8-da8c7b6eda55">
    <Description>These are default test settings for a local test run.</Description>
    <Deployment enabled="false" runDeploymentRoot="barua_UK01273 2010-12-20 11_47_23" />
    <Execution>
      <TestTypeSpecific />
      <AgentRule name="Execution Agents">
      </AgentRule>
    </Execution>
  </TestSettings>
  <Times creation="2010-12-20T11:47:23.1062507+00:00" queuing="2010-12-20T11:47:23.4162507+00:00" start="2010-12-20T11:47:23.6182507+00:00" finish="2010-12-20T11:47:24.1152507+00:00" />
  <ResultSummary outcome="Failed">
    <Counters total="1" executed="1" error="0" failed="1" timeout="0" aborted="0" inconclusive="0" passedButRunAborted="0" notRunnable="0" notExecuted="0" disconnected="0" warning="0" passed="0" completed="0" inProgress="0" pending="0" />
  </ResultSummary>
  <TestDefinitions>
    <UnitTest name="Should_set_the_CurrentWord_when_the_CurrentWordIsProcessed_Command_is_fired" storage="c:\dev\adetyper\ademolatypertest\bin\debug\ademolatypertest.dll" id="0115b9c7-1e7a-61ce-8fe7-657e43ba04c3">
      <Execution timeOut="1800000" id="226497aa-beac-4628-a721-c867a3d66335" />
      <TestMethod codeBase="C:/Dev/AdeTyper/AdemolaTyperTest/bin/Debug/AdemolaTyperTest.DLL" adapterTypeName="Microsoft.VisualStudio.TestTools.TestTypes.Unit.UnitTestAdapter, Microsoft.VisualStudio.QualityTools.Tips.UnitTest.Adapter, Version=10.0.0.0, Culture=neutral, PublicKeyToken=b03f5f7f11d50a3a" className="AdemolaTyperTest.ViewModels.GameOne.WhenProcessingGameOneViewModel, AdemolaTyperTest, Version=1.0.0.0, Culture=neutral, PublicKeyToken=null" name="Should_set_the_CurrentWord_when_the_CurrentWordIsProcessed_Command_is_fired" />
    </UnitTest>
  </TestDefinitions>
  <TestLists>
    <TestList name="Results Not in a List" id="8c84fa94-04c1-424b-9868-57a2d4851a1d" />
    <TestList name="All Loaded Results" id="19431567-8539-422a-85d7-44ee4e166bda" />
  </TestLists>
  <TestEntries>
    <TestEntry testId="0115b9c7-1e7a-61ce-8fe7-657e43ba04c3" executionId="226497aa-beac-4628-a721-c867a3d66335" testListId="8c84fa94-04c1-424b-9868-57a2d4851a1d" />
  </TestEntries>
  <Results>
    <UnitTestResult executionId="226497aa-beac-4628-a721-c867a3d66335" testId="0115b9c7-1e7a-61ce-8fe7-657e43ba04c3" testName="Should_set_the_CurrentWord_when_the_CurrentWordIsProcessed_Command_is_fired" computerName="UK01273" duration="00:00:00.2889497" startTime="2010-12-20T11:47:23.6672507+00:00" endTime="2010-12-20T11:47:24.0182507+00:00" testType="13cdc9d9-ddb5-4fa4-a97d-d965ccfc6d4b" outcome="Failed" testListId="8c84fa94-04c1-424b-9868-57a2d4851a1d" relativeResultsDirectory="226497aa-beac-4628-a721-c867a3d66335">
      <Output>
        <ErrorInfo>
          <Message>Test method AdemolaTyperTest.ViewModels.GameOne.WhenProcessingGameOneViewModel.Should_set_the_CurrentWord_when_the_CurrentWordIsProcessed_Command_is_fired threw exception: 
System.NullReferenceException: Object reference not set to an instance of an object.</Message>
          <StackTrace>    at AdemolaTyper.ViewModels.GameOneViewModel.SetFirstWord(WordViewModel wordViewModel) in C:\Dev\AdeTyper\AdemolaTyper\ViewModels\GameOneViewModel.cs:line 253
   at AdemolaTyperTest.ViewModels.GameOne.WhenProcessingGameOneViewModel.Should_set_the_CurrentWord_when_the_CurrentWordIsProcessed_Command_is_fired() in C:\Dev\AdeTyper\AdemolaTyperTest\ViewModels\GameOne\WhenProcessingGameOneViewModel.cs:line 20
</StackTrace>
        </ErrorInfo>
      </Output>
    </UnitTestResult>
  </Results>
</TestRun>